{"question": "你好啊，就是本周销量低于2000套，或者少于20万平都是哪些城市，其销量环比多少啊", "table": "c98e2fe8332111e998d5542696d6e445"}
{"sql_right": {"agg": [0, 0], "cond_conn_op": 2, "sel": [0, 5], "conds": [[3, 1, "2000"], [4, 1, "20"]]}}
{"sql_pred": {"agg": [0, 0], "sel": [0, 5], "conds": [[3, 1, 200000], [3, 1, 2000]], "cond_conn_op": 2}}
{"question": "啊，你好，麻烦告诉我新房成交的一个变化率，在本周销售套数低于1000套的范围内就可以", "table": "69d2d58a334311e998d7542696d6e445"}
{"sql_right": {"agg": [0], "cond_conn_op": 0, "sel": [10], "conds": [[2, 0, "1000"]]}}
{"sql_pred": {"agg": [0], "sel": [10], "conds": [[2, 1, 1000]], "cond_conn_op": 0}}
{"question": "二等座单价小于0.5元每公里而且一等座单价小于0.6元每公里的动车组有哪些", "table": "c5ad8a9134b411e984f8542696d6e445"}
{"sql_right": {"agg": [0], "cond_conn_op": 1, "sel": [0], "conds": [[5, 1, "0.5"], [4, 1, "0.60"]]}}
{"sql_pred": {"agg": [0], "sel": [0], "conds": [[4, 1, "0.5"], [4, 1, "0.6"]], "cond_conn_op": 1}}
{"question": "最新市值达到100亿的北辰实业，最新的每股价格是多少", "table": "5a508682312b11e9b885542696d6e445"}
{"sql_right": {"agg": [0], "cond_conn_op": 1, "sel": [3], "conds": [[2, 2, "100"], [1, 2, "北辰实业"]]}}
{"sql_pred": {"agg": [0], "sel": [3], "conds": [[1, 2, "北辰实业"], [2, 0, 100]], "cond_conn_op": 1}}
{"question": "指标发热量/规格是多少时喷吹煤产地价格在上个月或者上一年每吨超过10000块", "table": "c5ae457034b411e98c59542696d6e445"}
{"sql_right": {"agg": [0], "cond_conn_op": 2, "sel": [9], "conds": [[5, 0, "1000"], [7, 0, "1000"]]}}
{"sql_pred": {"agg": [0], "sel": [9], "conds": [[0, 2, "山西喷吹煤均价"], [5, 0, 10000]], "cond_conn_op": 2}}
{"question": "你号，这边想咨询一下2011同期或者2012至今土地成交金额分别大于100亿和50亿的三线城市的10年成交面积均值", "table": "69d5567a334311e99539542696d6e445"}
{"sql_right": {"agg": [1], "cond_conn_op": 2, "sel": [1], "conds": [[3, 0, "100"], [4, 0, "50"]]}}
{"sql_pred": {"agg": [1], "sel": [1], "conds": [[4, 0, 50], [4, 0, 100]], "cond_conn_op": 2}}
{"question": "请问铁路运输Ⅱ(申万)这一周的涨跌幅已达到1，你知道这个月涨跌幅是多少吗？", "table": "733c4cb334c611e9b645542696d6e445"}
{"sql_right": {"agg": [0], "cond_conn_op": 1, "sel": [4], "conds": [[1, 2, "铁路运输Ⅱ(申万)"], [3, 0, "1"]]}}
{"sql_pred": {"agg": [0], "sel": [4], "conds": [[3, 2, "1.73"], [1, 2, "港口Ⅱ(申万)"]], "cond_conn_op": 1}}
{"question": "在这些视频平台里爱奇艺排第几啊？", "table": "4d2a3de33aaa11e9bfe7f40f24344a08"}
{"sql_right": {"agg": [4], "cond_conn_op": 0, "sel": [1], "conds": [[2, 0, "1000"]]}}
{"sql_pred": {"agg": [0], "sel": [0], "conds": [[1, 2, "斗魂卫之玄月奇缘"]], "cond_conn_op": 0}}
{"question": "你可以帮我查一下那些19年的每股盈余估值低于1，市盈率估值也低于20，还有净利润增长率也低于100%的股票的平均市净率吗", "table": "463e64ee351411e99af2542696d6e445"}
{"sql_right": {"agg": [0], "cond_conn_op": 1, "sel": [11], "conds": [[3, 1, "1"], [6, 1, "100"], [9, 1, "20"]]}}
{"sql_pred": {"agg": [1], "sel": [6], "conds": [[9, 1, 20], [5, 1, 1], [9, 1, 100]], "cond_conn_op": 1}}
{"question": "你好，我想知道这些估计19年的盈利增长率在100%以下，每股收益也在1以下，而且本益比也在20以下的航空公司的市净率", "table": "463e64ee351411e99af2542696d6e445"}
{"sql_right": {"agg": [0], "cond_conn_op": 1, "sel": [11], "conds": [[3, 1, "1"], [6, 1, "100"], [9, 1, "20"]]}}
{"sql_pred": {"agg": [0], "sel": [6], "conds": [[8, 1, 1], [8, 1, 20], [8, 1, 100]], "cond_conn_op": 1}}
{"question": "我想问一下周成交的情况，哪些城市在2012年2月份成交量环比超过10以及2011年12月成交量环比低于10的", "table": "69d14c3a334311e9b68e542696d6e445"}
{"sql_right": {"agg": [0], "cond_conn_op": 1, "sel": [0], "conds": [[3, 0, "10"], [5, 1, "10"]]}}
{"sql_pred": {"agg": [0], "sel": [0], "conds": [[6, 1, 10], [6, 0, 10]], "cond_conn_op": 1}}
{"question": "请问在2011年12月成交量环比小于10并且2011年11月成交量环比小于5的主要集中在几线城市？", "table": "69d14c3a334311e9b68e542696d6e445"}
{"sql_right": {"agg": [0], "cond_conn_op": 1, "sel": [0], "conds": [[5, 1, "10"], [6, 1, "5"]]}}
{"sql_pred": {"agg": [0], "sel": [0], "conds": [[6, 1, 10], [6, 1, 5]], "cond_conn_op": 1}}
{"question": "我想知道有哪些城市在2011年12月成交量环比是低于10的以及同年11月成交量环比是在5以下的", "table": "69d14c3a334311e9b68e542696d6e445"}
{"sql_right": {"agg": [0], "cond_conn_op": 1, "sel": [0], "conds": [[5, 1, "10"], [6, 1, "5"]]}}
{"sql_pred": {"agg": [0], "sel": [0], "conds": [[6, 1, 10], [6, 1, 5]], "cond_conn_op": 1}}
{"question": "有哪些城市12月成交量环比在10以下，并且11月里它的成交量环比低于5？", "table": "69d14c3a334311e9b68e542696d6e445"}
{"sql_right": {"agg": [0], "cond_conn_op": 1, "sel": [0], "conds": [[5, 1, "10"], [6, 1, "5"]]}}
{"sql_pred": {"agg": [0], "sel": [0], "conds": [[6, 1, 10], [6, 1, 5]], "cond_conn_op": 1}}
{"question": "市净率大于1%或者每股净资产大于5块的股票股价是多少", "table": "0155563d351311e9b279542696d6e445"}
{"sql_right": {"agg": [0], "cond_conn_op": 2, "sel": [1], "conds": [[9, 0, "1"], [8, 0, "5"]]}}
{"sql_pred": {"agg": [0], "sel": [1], "conds": [[8, 0, 5], [8, 0, 1]], "cond_conn_op": 2}}
{"question": "你知道市净率大于1%或者每股净资产大于5块的股票股价吗", "table": "0155563d351311e9b279542696d6e445"}
{"sql_right": {"agg": [0], "cond_conn_op": 2, "sel": [1], "conds": [[9, 0, "1"], [8, 0, "5"]]}}
{"sql_pred": {"agg": [0], "sel": [1], "conds": [[8, 0, 5], [8, 0, 1]], "cond_conn_op": 2}}
{"question": "3Q18/2Q18大于 5并且3Q18/3817大于10的区域总共有多少？", "table": "0de65b47351311e99df6542696d6e445"}
{"sql_right": {"agg": [4], "cond_conn_op": 1, "sel": [0], "conds": [[4, 0, "5"], [5, 0, "10"]]}}
{"sql_pred": {"agg": [4], "sel": [0], "conds": [[4, 0, 10], [4, 0, 5]], "cond_conn_op": 1}}
{"question": "总共有多少个区域3Q18/2Q18大于 5并且3Q18/3817大于10的？", "table": "0de65b47351311e99df6542696d6e445"}
{"sql_right": {"agg": [4], "cond_conn_op": 1, "sel": [0], "conds": [[4, 0, "5"], [5, 0, "10"]]}}
{"sql_pred": {"agg": [4], "sel": [0], "conds": [[4, 0, 10], [4, 0, 5]], "cond_conn_op": 1}}
{"question": "一线城市房地产可售环比为负值或者可售去化时间不足一年半的是哪种类型的房", "table": "c98ac519332111e9b2b0542696d6e445"}
{"sql_right": {"agg": [0], "cond_conn_op": 2, "sel": [4], "conds": [[2, 1, "0"], [3, 1, "36"]]}}
{"sql_pred": {"agg": [0], "sel": [1], "conds": [[2, 1, 0], [2, 2, "1.5"]], "cond_conn_op": 2}}
{"question": "你好，咨询一下可售去化时间不足一年半或者可售环比小于0的房产类型", "table": "c98ac519332111e9b2b0542696d6e445"}
{"sql_right": {"agg": [0], "cond_conn_op": 2, "sel": [4], "conds": [[2, 1, "0"], [3, 1, "36"]]}}
{"sql_pred": {"agg": [0], "sel": [0], "conds": [[2, 1, 0], [2, 2, "1.5"]], "cond_conn_op": 2}}
{"question": "你好啊，那个东方财富不是说周前收盘价12块多吗，那那个周收盘价是多少啊", "table": "4d23bd663aaa11e99219f40f24344a08"}
{"sql_right": {"agg": [0], "cond_conn_op": 1, "sel": [3], "conds": [[1, 2, "东方财富"], [2, 0, "12"]]}}
{"sql_pred": {"agg": [0], "sel": [3], "conds": [[3, 2, "12.1"], [1, 2, "东方财富"]], "cond_conn_op": 1}}
{"question": "我想问问啊就是那个首都机场17前的免税运营商是哪个啊，首都机场不是15年底那个免税经营权就到期啊了吗", "table": "733d2b6634c611e9933c542696d6e445"}
{"sql_right": {"agg": [0], "cond_conn_op": 1, "sel": [1], "conds": [[0, 2, "首都机场"], [3, 2, "2015年底"]]}}
{"sql_pred": {"agg": [0], "sel": [3], "conds": [[0, 2, "首都机场"], [0, 2, "白云机场"]], "cond_conn_op": 1}}
{"question": "哪些板块的代码是000300.SH或者有300个成分股", "table": "4d251cf53aaa11e9bce2f40f24344a08"}
{"sql_right": {"agg": [0], "cond_conn_op": 2, "sel": [1], "conds": [[2, 1, "300"], [0, 2, "000300.SH"]]}}
{"sql_pred": {"agg": [0], "sel": [1], "conds": [[2, 2, "300.0"], [0, 2, "000300.SH"]], "cond_conn_op": 2}}
{"question": "成分股有300或者代码为000300.SH指的是哪些板块", "table": "4d251cf53aaa11e9bce2f40f24344a08"}
{"sql_right": {"agg": [0], "cond_conn_op": 2, "sel": [1], "conds": [[2, 1, "300"], [0, 2, "000300.SH"]]}}
{"sql_pred": {"agg": [0], "sel": [1], "conds": [[2, 2, "300.0"], [0, 2, "000300.SH"]], "cond_conn_op": 2}}
{"question": "你好，能不能帮我查一下满足成分股300个或者代码为000300.SH的板块名称", "table": "4d251cf53aaa11e9bce2f40f24344a08"}
{"sql_right": {"agg": [0], "cond_conn_op": 2, "sel": [1], "conds": [[2, 1, "300"], [0, 2, "000300.SH"]]}}
{"sql_pred": {"agg": [0], "sel": [1], "conds": [[2, 2, "300.0"], [0, 2, "000300.SH"]], "cond_conn_op": 2}}
{"question": "今年第一周全国电影票房排名前十中有多少部电影是周票房超过两千万，或者是票房占比大于10%的，或者是平均每场不足10人次的", "table": "4d2a0a543aaa11e99ec0f40f24344a08"}
{"sql_right": {"agg": [4], "cond_conn_op": 2, "sel": [0], "conds": [[1, 0, "2000"], [2, 0, "10"], [3, 0, "10"]]}}
{"sql_pred": {"agg": [4], "sel": [0], "conds": [[1, 0, 2000], [2, 0, 10], [3, 1, 10]], "cond_conn_op": 2}}
{"question": "你好，今年第1周全国电影票房排名前十中周票房大于2000万，或是票房占比大于10%，又或者是平均下来每场少于10人次的影片有几部你知道吗", "table": "4d2a0a543aaa11e99ec0f40f24344a08"}
{"sql_right": {"agg": [4], "cond_conn_op": 2, "sel": [0], "conds": [[1, 0, "2000"], [2, 0, "10"], [3, 0, "10"]]}}
{"sql_pred": {"agg": [4], "sel": [0], "conds": [[1, 0, 2000], [2, 0, 10], [3, 1, 10]], "cond_conn_op": 2}}
{"question": "2017年每股收益大于1元而且2017股票收益比率小于20%的股票市盈率相对盈利增长比率为多少", "table": "01564d28351311e9ada4542696d6e445"}
{"sql_right": {"agg": [0], "cond_conn_op": 1, "sel": [12], "conds": [[3, 1, "1"], [7, 1, "20"]]}}
{"sql_pred": {"agg": [0], "sel": [7], "conds": [[3, 0, 1], [6, 1, 20]], "cond_conn_op": 1}}
{"question": "我想通过2017每股的收益超过1元以及股票市盈率低于20%来查询它的股票市盈率相对盈利增长比率", "table": "01564d28351311e9ada4542696d6e445"}
{"sql_right": {"agg": [0], "cond_conn_op": 1, "sel": [12], "conds": [[3, 1, "1"], [7, 1, "20"]]}}
{"sql_pred": {"agg": [0], "sel": [7], "conds": [[4, 0, 1], [8, 1, 20]], "cond_conn_op": 1}}
{"question": "了解到在17年股票每股盈余高于1元并且本益比不超过20，想问一下PEG是多少", "table": "01564d28351311e9ada4542696d6e445"}
{"sql_right": {"agg": [0], "cond_conn_op": 1, "sel": [12], "conds": [[3, 1, "1"], [7, 1, "20"]]}}
{"sql_pred": {"agg": [0], "sel": [12], "conds": [[3, 0, 1], [6, 1, 20]], "cond_conn_op": 1}}
{"question": "哪家公司的药品规格10ml:90mg或者产量在4400万只左右", "table": "43afd1e61d7111e9bddef40f24344a08"}
{"sql_right": {"agg": [0], "cond_conn_op": 2, "sel": [1], "conds": [[2, 2, "4,482"], [3, 2, "10ml:90mg"]]}}
{"sql_pred": {"agg": [0], "sel": [1], "conds": [[3, 2, "10ml:90mg"], [2, 0, 44000000]], "cond_conn_op": 2}}
{"question": "首付成数大于40或者每月还款额度减少额低于100的，在调整前月供为多少", "table": "c98c3e87332111e991c4542696d6e445"}
{"sql_right": {"agg": [0], "cond_conn_op": 2, "sel": [1], "conds": [[0, 0, "40"], [3, 0, "100"]]}}
{"sql_pred": {"agg": [0], "sel": [1], "conds": [[0, 0, 40], [3, 1, 100]], "cond_conn_op": 2}}
{"question": "月供在调整前达到多少才能使首付成数大于40或者每月还款额度减少额低于100", "table": "c98c3e87332111e991c4542696d6e445"}
{"sql_right": {"agg": [0], "cond_conn_op": 2, "sel": [1], "conds": [[0, 0, "40"], [3, 0, "100"]]}}
{"sql_pred": {"agg": [0], "sel": [1], "conds": [[0, 0, 40], [3, 1, 100]], "cond_conn_op": 2}}
{"question": "调息后，月供现在每月可少还额低于100的在调整前为多少或者首付成数大于40的调整前月供为多少", "table": "c98c3e87332111e991c4542696d6e445"}
{"sql_right": {"agg": [0], "cond_conn_op": 2, "sel": [1], "conds": [[0, 0, "40"], [3, 0, "100"]]}}
{"sql_pred": {"agg": [0], "sel": [1], "conds": [[0, 0, 40], [3, 1, 100]], "cond_conn_op": 2}}
{"question": "能给我就是说说都有哪些被动元器件制造公司其业务主要是电容啊，还有17年营收也超过了20亿的呀", "table": "0de5c761351311e989dc542696d6e445"}
{"sql_right": {"agg": [0], "cond_conn_op": 1, "sel": [0], "conds": [[5, 2, "电容"], [6, 0, "20"]]}}
{"sql_pred": {"agg": [0], "sel": [0], "conds": [[5, 2, "电容"], [5, 0, 2000000000]], "cond_conn_op": 1}}
{"question": "我想知道哪些公司17年营收就达到20以上的，而且啊主要业务是电容的啊", "table": "0de5c761351311e989dc542696d6e445"}
{"sql_right": {"agg": [0], "cond_conn_op": 1, "sel": [0], "conds": [[5, 2, "电容"], [6, 0, "20"]]}}
{"sql_pred": {"agg": [0], "sel": [0], "conds": [[5, 0, 20], [5, 2, "电容"]], "cond_conn_op": 1}}
{"question": "能就是帮我查查看都是哪些证券其归母利润大于30，或者营收同比增长率大于50的呀", "table": "0de680cf351311e9bde3542696d6e445"}
{"sql_right": {"agg": [0], "cond_conn_op": 2, "sel": [2], "conds": [[4, 0, "50"], [6, 0, "30"]]}}
{"sql_pred": {"agg": [0], "sel": [2], "conds": [[5, 0, 30], [5, 0, 50]], "cond_conn_op": 2}}
{"question": "市值超过300亿港币或者收益大于0.8的股票属于什么子行业", "table": "733d80fd34c611e98d98542696d6e445"}
{"sql_right": {"agg": [0], "cond_conn_op": 2, "sel": [3], "conds": [[8, 0, "300"], [11, 0, "0.8"]]}}
{"sql_pred": {"agg": [0], "sel": [3], "conds": [[11, 0, "0.8"], [8, 1, 300]], "cond_conn_op": 2}}
{"question": "你好，可不可以帮我查一下满足市值超过300亿港币或者收益大于0.8的股票，这些股票都是哪些行业的", "table": "733d80fd34c611e98d98542696d6e445"}
{"sql_right": {"agg": [0], "cond_conn_op": 2, "sel": [3], "conds": [[8, 0, "300"], [11, 0, "0.8"]]}}
{"sql_pred": {"agg": [0, 0], "sel": [2, 3], "conds": [[9, 0, "0.8"], [8, 1, 300]], "cond_conn_op": 2}}
{"question": "一共有几家公司估计18年和19年的市盈率都会超过百分之二十的呀", "table": "43b3612e1d7111e9a29bf40f24344a08"}
{"sql_right": {"agg": [4], "cond_conn_op": 1, "sel": [1], "conds": [[6, 1, "20"], [7, 1, "20"]]}}
{"sql_pred": {"agg": [4], "sel": [1], "conds": [[7, 0, 20], [6, 0, 20]], "cond_conn_op": 2}}
{"question": "你好，你知道预计2018年，还有2019年的本益比都在百分之二十以上的公司有多少家吗", "table": "43b3612e1d7111e9a29bf40f24344a08"}
{"sql_right": {"agg": [4], "cond_conn_op": 1, "sel": [1], "conds": [[6, 1, "20"], [7, 1, "20"]]}}
{"sql_pred": {"agg": [4], "sel": [1], "conds": [[7, 0, 20], [6, 0, 20]], "cond_conn_op": 1}}
{"question": "你帮我算一下18年，19年的股价收益比率估值都高于百分之二十的公司数量吧", "table": "43b3612e1d7111e9a29bf40f24344a08"}
{"sql_right": {"agg": [4], "cond_conn_op": 1, "sel": [1], "conds": [[6, 1, "20"], [7, 1, "20"]]}}
{"sql_pred": {"agg": [4], "sel": [1], "conds": [[7, 0, 20], [6, 0, 20]], "cond_conn_op": 1}}
{"question": "滚动市盈率超120而且平均市净率超1.5的股票代码是什么", "table": "43b2932b1d7111e9a434f40f24344a08"}
{"sql_right": {"agg": [0], "cond_conn_op": 1, "sel": [0], "conds": [[3, 0, "120"], [4, 0, "1.5"]]}}
{"sql_pred": {"agg": [0], "sel": [0], "conds": [[4, 0, "1.5"], [4, 0, 120]], "cond_conn_op": 1}}
{"question": "诶，你知道有哪些股17年的PE大于10，PB也大于2的呀，那那这些股代码是什么啊", "table": "6e616aa834ce11e9a75a542696d6e445"}
{"sql_right": {"agg": [0, 0], "cond_conn_op": 1, "sel": [0, 1], "conds": [[5, 0, "10"], [8, 0, "2"]]}}
{"sql_pred": {"agg": [0, 0], "sel": [0, 1], "conds": [[8, 0, 2], [8, 0, 10]], "cond_conn_op": 1}}
{"question": "学历为本科要求的岗位中，哪些招20多人？", "table": "abbf13ab3b0611e9a6d1f40f24344a08"}
{"sql_right": {"agg": [0], "cond_conn_op": 1, "sel": [2], "conds": [[3, 2, "本科"], [5, 0, "20"]]}}
{"sql_pred": {"agg": [0], "sel": [2], "conds": [[3, 2, "本科"], [5, 2, "20.0"]], "cond_conn_op": 1}}
{"question": "平峰期发车间隔不高于10分钟且高峰期发车间隔低于5分钟的有哪些公交线路呢", "table": "aa2d04213b0611e9b9f2f40f24344a08"}
{"sql_right": {"agg": [0], "cond_conn_op": 1, "sel": [2], "conds": [[8, 2, "不高于10分钟"], [7, 2, "低于5分钟"]]}}
{"sql_pred": {"agg": [0], "sel": [2], "conds": [[7, 1, 10], [8, 1, 5]], "cond_conn_op": 1}}
{"question": "那你说都有哪些公交路线的平峰期发车间隔不超过10分钟的和高峰期发车间隔低于5分钟的", "table": "aa2d04213b0611e9b9f2f40f24344a08"}
{"sql_right": {"agg": [0], "cond_conn_op": 1, "sel": [2], "conds": [[8, 2, "不高于10分钟"], [7, 2, "低于5分钟"]]}}
{"sql_pred": {"agg": [0], "sel": [2], "conds": [[7, 1, 10], [8, 1, 5]], "cond_conn_op": 1}}
{"question": "帮我找找有哪些路线的公交平峰期不超过10分钟一趟还有高峰期低于5分钟一趟的", "table": "aa2d04213b0611e9b9f2f40f24344a08"}
{"sql_right": {"agg": [0], "cond_conn_op": 1, "sel": [2], "conds": [[8, 2, "不高于10分钟"], [7, 2, "低于5分钟"]]}}
{"sql_pred": {"agg": [0], "sel": [2], "conds": [[7, 1, 5], [9, 1, 10]], "cond_conn_op": 2}}
{"question": "我想知道你们科研岗位1，2一起的话要招几个人啊", "table": "aa9713193b0611e9bf8ff40f24344a08"}
{"sql_right": {"agg": [5], "cond_conn_op": 2, "sel": [3], "conds": [[1, 2, "科研岗位01"], [1, 2, "科研岗位02"]]}}
{"sql_pred": {"agg": [5], "sel": [3], "conds": [[1, 2, "科研岗位12"], [0, 2, "2.0"]], "cond_conn_op": 1}}
{"question": "什么时候的无锡镍价格高于100000以及伦敦镍价格低于15000", "table": "f399ffd1453d11e9aea6f40f24344a08"}
{"sql_right": {"agg": [0], "cond_conn_op": 1, "sel": [0], "conds": [[1, 0, "100000"], [2, 1, "15000"]]}}
{"sql_pred": {"agg": [0], "sel": [0], "conds": [[2, 1, 15000], [2, 0, 100000]], "cond_conn_op": 1}}
{"question": "我想知道职位空缺超过2个或者年工资大于40万的职位一共有多少个", "table": "f11b638f453d11e997def40f24344a08"}
{"sql_right": {"agg": [4], "cond_conn_op": 2, "sel": [2], "conds": [[6, 0, "40"], [5, 0, "2"]]}}
{"sql_pred": {"agg": [4], "sel": [2], "conds": [[6, 0, 40], [6, 0, 2]], "cond_conn_op": 2}}
{"question": "预计在2016年1月1号到12月31号执行的项目门户网站内容更新保障和专题专栏建设服务的实施单位是哪一个", "table": "f25db4ee453d11e988a4f40f24344a08"}
{"sql_right": {"agg": [0], "cond_conn_op": 1, "sel": [1], "conds": [[5, 2, "2016.01.01-2016.12.31"], [2, 2, "门户网站内容更新保障和专题专栏建设服务"]]}}
{"sql_pred": {"agg": [0], "sel": [1], "conds": [[2, 2, "2016年道路设施养护管理"], [2, 2, "门户网站内容更新保障和专题专栏建设服务"]], "cond_conn_op": 2}}
{"question": "门户网站内容的更新保障和专题专栏的建设服务这个项目预计在2016年1月1号到12月31号这段期间执行，那么由哪个单位来实行呢", "table": "f25db4ee453d11e988a4f40f24344a08"}
{"sql_right": {"agg": [0], "cond_conn_op": 1, "sel": [1], "conds": [[5, 2, "2016.01.01-2016.12.31"], [2, 2, "门户网站内容更新保障和专题专栏建设服务"]]}}
{"sql_pred": {"agg": [0], "sel": [1], "conds": [[2, 2, "2016年道路设施养护管理"], [2, 2, "门户网站内容更新保障和专题专栏建设服务"]], "cond_conn_op": 1}}
{"question": "什么单位实施的项目是门户网站内容更新保障和专题专栏建设服务并且预计在2016年1月1号到12月31号执行", "table": "f25db4ee453d11e988a4f40f24344a08"}
{"sql_right": {"agg": [0], "cond_conn_op": 1, "sel": [1], "conds": [[5, 2, "2016.01.01-2016.12.31"], [2, 2, "门户网站内容更新保障和专题专栏建设服务"]]}}
{"sql_pred": {"agg": [0], "sel": [1], "conds": [[2, 2, "2016年道路设施养护管理"], [2, 2, "门户网站内容更新保障和专题专栏建设服务"]], "cond_conn_op": 1}}
{"question": "投稿很难（命中率约20%）或者审稿较慢,6-12周的期刊名是什么", "table": "aad6c1a33b0611e99b65f40f24344a08"}
{"sql_right": {"agg": [0], "cond_conn_op": 2, "sel": [0], "conds": [[7, 2, "很难（命中率约20%）"], [8, 2, "较慢,6-12周"]]}}
{"sql_pred": {"agg": [0], "sel": [0], "conds": [[8, 2, "较慢,6-12周"], [6, 0, 20]], "cond_conn_op": 2}}
{"question": "哪些期刊的投稿很难（命中率约20%）或者审稿较慢,6-12周", "table": "aad6c1a33b0611e99b65f40f24344a08"}
{"sql_right": {"agg": [0], "cond_conn_op": 2, "sel": [0], "conds": [[7, 2, "很难（命中率约20%）"], [8, 2, "较慢,6-12周"]]}}
{"sql_pred": {"agg": [0], "sel": [0], "conds": [[8, 2, "较慢,6-12周"], [6, 0, 20]], "cond_conn_op": 2}}
{"question": "你知道投稿很难（命中率约20%）或者审稿较慢,6-12周的期刊都有哪些吗", "table": "aad6c1a33b0611e99b65f40f24344a08"}
{"sql_right": {"agg": [0], "cond_conn_op": 2, "sel": [0], "conds": [[7, 2, "很难（命中率约20%）"], [8, 2, "较慢,6-12周"]]}}
{"sql_pred": {"agg": [0], "sel": [0], "conds": [[8, 2, "较慢,6-12周"], [9, 0, 20]], "cond_conn_op": 2}}
{"question": "初一的欢乐寒假定价是多少啊？", "table": "abac4db03b0611e99a64f40f24344a08"}
{"sql_right": {"agg": [0], "cond_conn_op": 1, "sel": [5], "conds": [[0, 2, "七年级"], [3, 2, "欢乐寒假"]]}}
{"sql_pred": {"agg": [0], "sel": [5], "conds": [[3, 2, "初中升学考试复习方略"], [3, 2, "欢乐寒假"]], "cond_conn_op": 1}}
{"question": "买一本初一的欢乐寒假要花多少钱？", "table": "abac4db03b0611e99a64f40f24344a08"}
{"sql_right": {"agg": [0], "cond_conn_op": 1, "sel": [5], "conds": [[0, 2, "七年级"], [3, 2, "欢乐寒假"]]}}
{"sql_pred": {"agg": [0], "sel": [5], "conds": [[3, 2, "初中升学考试复习方略"], [3, 2, "欢乐寒假"]], "cond_conn_op": 1}}
{"question": "你知道欢乐寒假（初一）是卖多少钱一本吗？", "table": "abac4db03b0611e99a64f40f24344a08"}
{"sql_right": {"agg": [0], "cond_conn_op": 1, "sel": [5], "conds": [[0, 2, "七年级"], [3, 2, "欢乐寒假"]]}}
{"sql_pred": {"agg": [0], "sel": [5], "conds": [[3, 2, "初中升学考试复习方略"], [3, 2, "欢乐寒假"]], "cond_conn_op": 1}}
{"question": "我想知道目前这个需要培训三周的高级企业管理项目有多少人参加来着", "table": "a95fd8573b0611e98ba2f40f24344a08"}
{"sql_right": {"agg": [0], "cond_conn_op": 1, "sel": [5], "conds": [[2, 2, "高级企业管理"], [4, 2, "3周"]]}}
{"sql_pred": {"agg": [0], "sel": [5], "conds": [[2, 2, "企业高级管理人员培训项目"], [2, 2, "农业管理培训项目"]], "cond_conn_op": 1}}
{"question": "估定价格高于50块或者国际标准书号为978-7-111-58427-8的书有哪些", "table": "aa4fbab03b0611e999fef40f24344a08"}
{"sql_right": {"agg": [0], "cond_conn_op": 2, "sel": [3], "conds": [[9, 0, "50"], [10, 2, "978-7-111-58427-8"]]}}
{"sql_pred": {"agg": [0], "sel": [3], "conds": [[10, 0, 50], [10, 2, "978-7-111-58427-8"]], "cond_conn_op": 2}}
