{"question": "哪几年的商品房新开工面积超过了90000万平或者竣工面积高于50000万平的", "table": "e0ae3902333a11e99bbc542696d6e445"}
{"sql_right": {"agg": [0], "cond_conn_op": 2, "sel": [0], "conds": [[1, 0, "90000"], [3, 0, "50000"]]}}
{"sql_pred": {"agg": [0], "sel": [0], "conds": [[1, 0, 90000], [2, 0, 50000]], "cond_conn_op": 2}}
{"question": "我想知道这些年，都有哪几年的商品房竣工超过5亿平，而且新开工的也超过9亿平的呀", "table": "e0ae3902333a11e99bbc542696d6e445"}
{"sql_right": {"agg": [0], "cond_conn_op": 2, "sel": [0], "conds": [[1, 0, "90000"], [3, 0, "50000"]]}}
{"sql_pred": {"agg": [0], "sel": [0], "conds": [[1, 0, 90000], [2, 0, 50000]], "cond_conn_op": 1}}
{"question": "股息率超过4%的港口股子行业是什么，它的标的又是哪儿", "table": "c5ac415934b411e99edb542696d6e445"}
{"sql_right": {"agg": [0, 0], "cond_conn_op": 0, "sel": [0, 1], "conds": [[4, 0, "4"]]}}
{"sql_pred": {"agg": [0, 0], "sel": [0, 1], "conds": [[2, 0, 4]], "cond_conn_op": 0}}
{"question": "有哪些山西喷吹煤指标上月小于 -1%并且较上年大于 1的？", "table": "c5ae457034b411e98c59542696d6e445"}
{"sql_right": {"agg": [0], "cond_conn_op": 1, "sel": [0], "conds": [[6, 1, "-1"], [8, 0, "1"]]}}
{"sql_pred": {"agg": [0], "sel": [0], "conds": [[5, 1, "-1"], [8, 0, 1]], "cond_conn_op": 1}}
{"question": "预估一下有多少家公司13年市盈率超过六倍？", "table": "69d2a666334311e9acbf542696d6e445"}
{"sql_right": {"agg": [4], "cond_conn_op": 0, "sel": [1], "conds": [[8, 0, "6"]]}}
{"sql_pred": {"agg": [4], "sel": [1], "conds": [[9, 0, 6]], "cond_conn_op": 0}}
{"question": "2013年预计本益比高于六倍的股票有多少只？", "table": "69d2a666334311e9acbf542696d6e445"}
{"sql_right": {"agg": [4], "cond_conn_op": 0, "sel": [1], "conds": [[8, 0, "6"]]}}
{"sql_pred": {"agg": [4], "sel": [1], "conds": [[9, 0, 6]], "cond_conn_op": 0}}
{"question": "一共有几家公司预计是13年的市价盈利比率在6倍以上", "table": "69d2a666334311e9acbf542696d6e445"}
{"sql_right": {"agg": [4], "cond_conn_op": 0, "sel": [1], "conds": [[8, 0, "6"]]}}
{"sql_pred": {"agg": [4], "sel": [1], "conds": [[9, 0, 6]], "cond_conn_op": 0}}
{"question": "请问一下扩产产能超过7000吨还有总投资超过5亿的正极厂商高镍产能企业是哪个呢", "table": "733bd8c534c611e9ac79542696d6e445"}
{"sql_right": {"agg": [0], "cond_conn_op": 1, "sel": [0], "conds": [[2, 0, "7000"], [1, 0, "5"]]}}
{"sql_pred": {"agg": [0], "sel": [0], "conds": [[3, 0, 5], [2, 0, 7000]], "cond_conn_op": 1}}
{"question": "哪些跌股的周涨幅不足10.07%", "table": "43ae7f9c1d7111e9bc7af40f24344a08"}
{"sql_right": {"agg": [0], "cond_conn_op": 0, "sel": [5], "conds": [[6, 1, "10.07"]]}}
{"sql_pred": {"agg": [0, 0], "sel": [2, 5], "conds": [[3, 1, "10.07"]], "cond_conn_op": 0}}
{"question": "周涨幅没有达到10.07%的跌股都包括哪些", "table": "43ae7f9c1d7111e9bc7af40f24344a08"}
{"sql_right": {"agg": [0], "cond_conn_op": 0, "sel": [5], "conds": [[6, 1, "10.07"]]}}
{"sql_pred": {"agg": [0, 0], "sel": [2, 5], "conds": [[3, 1, "10.07"]], "cond_conn_op": 0}}
{"question": "周涨幅小于10.07%的跌股名称", "table": "43ae7f9c1d7111e9bc7af40f24344a08"}
{"sql_right": {"agg": [0], "cond_conn_op": 0, "sel": [5], "conds": [[6, 1, "10.07"]]}}
{"sql_pred": {"agg": [0, 0], "sel": [2, 5], "conds": [[3, 1, "10.07"]], "cond_conn_op": 0}}
{"question": "山西喷吹煤产地价格相比上一年大于0或者相比上个月大于0的指标名称 是多少", "table": "c5ae457034b411e98c59542696d6e445"}
{"sql_right": {"agg": [0], "cond_conn_op": 2, "sel": [0], "conds": [[8, 0, "0"], [6, 0, "0"]]}}
{"sql_pred": {"agg": [0], "sel": [0], "conds": [[9, 0, 0], [7, 0, 0]], "cond_conn_op": 2}}
{"question": "哪些指标的喷吹煤产地价格相比上个月或者上一年都大于0", "table": "c5ae457034b411e98c59542696d6e445"}
{"sql_right": {"agg": [0], "cond_conn_op": 2, "sel": [0], "conds": [[8, 0, "0"], [6, 0, "0"]]}}
{"sql_pred": {"agg": [0], "sel": [0], "conds": [[5, 0, 0], [7, 0, 0]], "cond_conn_op": 2}}
{"question": "喷吹煤产地价格相比上个月或者上一年都大于0的指标有哪些", "table": "c5ae457034b411e98c59542696d6e445"}
{"sql_right": {"agg": [0], "cond_conn_op": 2, "sel": [0], "conds": [[8, 0, "0"], [6, 0, "0"]]}}
{"sql_pred": {"agg": [0], "sel": [0], "conds": [[5, 0, 0], [7, 0, 0]], "cond_conn_op": 2}}
{"question": "你知道股票货币资金/总资产和货币资金/净资产都小于20的货币资金吗", "table": "4d2860ab3aaa11e98eb5f40f24344a08"}
{"sql_right": {"agg": [0], "cond_conn_op": 1, "sel": [4], "conds": [[5, 1, "20"], [6, 1, "20"]]}}
{"sql_pred": {"agg": [], "sel": [], "conds": [[5, 1, 20], [4, 1, 20]], "cond_conn_op": 1}}
{"question": "房价一直再涨，这个星期平均比11年增长超过12的城市有吗，主要是还有没有剩的", "table": "2531a266302e11e98644542696d6e445"}
{"sql_right": {"agg": [0, 0], "cond_conn_op": 0, "sel": [0, 1], "conds": [[9, 0, "12"]]}}
{"sql_pred": {"agg": [0], "sel": [0], "conds": [[6, 0, 12]], "cond_conn_op": 0}}
{"question": "房价再贵，还是买不到房，现在各个城市的住房库存情况能不能告诉我一下，主要集中房价比11年涨了超过12的城市就行", "table": "2531a266302e11e98644542696d6e445"}
{"sql_right": {"agg": [0, 0], "cond_conn_op": 0, "sel": [0, 1], "conds": [[9, 0, "12"]]}}
{"sql_pred": {"agg": [0, 0], "sel": [0, 1], "conds": [[6, 0, 12]], "cond_conn_op": 0}}
{"question": "二等座单价小于0.5元每公里而且一等座单价小于0.6元每公里的动车组有哪些", "table": "c5ad8a9134b411e984f8542696d6e445"}
{"sql_right": {"agg": [0], "cond_conn_op": 1, "sel": [0], "conds": [[5, 1, "0.5"], [4, 1, "0.60"]]}}
{"sql_pred": {"agg": [0], "sel": [0], "conds": [[3, 1, "0.5"], [4, 1, "0.6"]], "cond_conn_op": 1}}
{"question": "哪些动车组的一等座是低于0.6块每公里的并且二等座也小于0.5块每公里的", "table": "c5ad8a9134b411e984f8542696d6e445"}
{"sql_right": {"agg": [0], "cond_conn_op": 1, "sel": [0], "conds": [[5, 1, "0.5"], [4, 1, "0.60"]]}}
{"sql_pred": {"agg": [0], "sel": [0], "conds": [[3, 1, "0.5"], [2, 1, "0.6"]], "cond_conn_op": 1}}
{"question": "有没有就是一等座每公里少于0.6，而且二等座也低于0.5每公里的动车组", "table": "c5ad8a9134b411e984f8542696d6e445"}
{"sql_right": {"agg": [0], "cond_conn_op": 1, "sel": [0], "conds": [[5, 1, "0.5"], [4, 1, "0.60"]]}}
{"sql_pred": {"agg": [0], "sel": [0], "conds": [[3, 1, "0.5"], [2, 1, "0.6"]], "cond_conn_op": 1}}
{"question": "有多少家那个园区类地产公司预计12年和13年的市盈率都会低于二十倍的呀", "table": "69d5ac6b334311e9af01542696d6e445"}
{"sql_right": {"agg": [4], "cond_conn_op": 1, "sel": [0], "conds": [[9, 1, "20"], [10, 1, "20"]]}}
{"sql_pred": {"agg": [4], "sel": [0], "conds": [[9, 1, 20], [8, 1, 20]], "cond_conn_op": 1}}
{"question": "查查看一二年，还有一三年的本益比估计都会在二十倍以下的有几家地产公司啊", "table": "69d5ac6b334311e9af01542696d6e445"}
{"sql_right": {"agg": [4], "cond_conn_op": 1, "sel": [0], "conds": [[9, 1, "20"], [10, 1, "20"]]}}
{"sql_pred": {"agg": [4], "sel": [0], "conds": [[9, 1, 20], [8, 1, 20]], "cond_conn_op": 1}}
{"question": "你好啊，你可以帮我查一下2012年，还有2013年的市价盈利比率估值都低于二十倍的园区类公司数量吗", "table": "69d5ac6b334311e9af01542696d6e445"}
{"sql_right": {"agg": [4], "cond_conn_op": 1, "sel": [0], "conds": [[9, 1, "20"], [10, 1, "20"]]}}
{"sql_pred": {"agg": [4], "sel": [0], "conds": [[9, 1, 20], [8, 1, 20]], "cond_conn_op": 1}}
{"question": "哪年的住房期房成交面积在一月份和二月份都超过了50万平", "table": "5a518cc7312b11e9a18d542696d6e445"}
{"sql_right": {"agg": [0], "cond_conn_op": 1, "sel": [0], "conds": [[1, 0, "50"], [2, 0, "50"]]}}
{"sql_pred": {"agg": [0], "sel": [0], "conds": [[2, 0, 50], [6, 0, 50]], "cond_conn_op": 1}}
{"question": "天津住宅期房成交面积在1月份和2月份都高于50万平发生在什么时候", "table": "5a518cc7312b11e9a18d542696d6e445"}
{"sql_right": {"agg": [0], "cond_conn_op": 1, "sel": [0], "conds": [[1, 0, "50"], [2, 0, "50"]]}}
{"sql_pred": {"agg": [0], "sel": [0], "conds": [[2, 0, 50], [6, 0, 50]], "cond_conn_op": 1}}
{"question": "哪些股PB低于3的呀", "table": "5a4f04c2312b11e99fe7542696d6e445"}
{"sql_right": {"agg": [0], "cond_conn_op": 0, "sel": [0], "conds": [[7, 1, "3"]]}}
{"sql_pred": {"agg": [0], "sel": [0], "conds": [[6, 1, 3]], "cond_conn_op": 0}}
{"question": "2018年三季报传媒个股商誉A净资产大于30亿而且净利润大于1000的商誉A多少钱", "table": "4d27d49e3aaa11e98715f40f24344a08"}
{"sql_right": {"agg": [0], "cond_conn_op": 1, "sel": [2], "conds": [[3, 0, "30"], [4, 0, "1000"]]}}
{"sql_pred": {"agg": [], "sel": [], "conds": [[9, 0, 1000], [2, 0, 30]], "cond_conn_op": 1}}
{"question": "商誉A多少钱啊，它的净资产大于30亿而且净利润大于1000", "table": "4d27d49e3aaa11e98715f40f24344a08"}
{"sql_right": {"agg": [0], "cond_conn_op": 1, "sel": [2], "conds": [[3, 0, "30"], [4, 0, "1000"]]}}
{"sql_pred": {"agg": [0], "sel": [7], "conds": [[9, 0, 1000], [8, 0, 3000000000]], "cond_conn_op": 1}}
{"question": "传媒个股商誉A净资产大于30亿以及净利润大于1000，那他到底值多少钱", "table": "4d27d49e3aaa11e98715f40f24344a08"}
{"sql_right": {"agg": [0], "cond_conn_op": 1, "sel": [2], "conds": [[3, 0, "30"], [4, 0, "1000"]]}}
{"sql_pred": {"agg": [], "sel": [], "conds": [[9, 0, 1000], [2, 0, 30]], "cond_conn_op": 1}}
{"question": "收盘价大于 5并且涨跌幅大于3的传媒股有哪些？", "table": "4d27460c3aaa11e9bb82f40f24344a08"}
{"sql_right": {"agg": [0], "cond_conn_op": 1, "sel": [5], "conds": [[6, 0, "5"], [7, 0, "3"]]}}
{"sql_pred": {"agg": [0], "sel": [1], "conds": [[2, 0, 5], [3, 0, 3]], "cond_conn_op": 1}}
{"question": "有哪些传媒股收盘价大于 5并且涨跌幅大于3的？", "table": "4d27460c3aaa11e9bb82f40f24344a08"}
{"sql_right": {"agg": [0], "cond_conn_op": 1, "sel": [5], "conds": [[6, 0, "5"], [7, 0, "3"]]}}
{"sql_pred": {"agg": [0], "sel": [1], "conds": [[2, 0, 5], [3, 0, 3]], "cond_conn_op": 1}}
{"question": "请问一下收盘价大于 5并且涨跌幅大于3的传媒股有哪些？", "table": "4d27460c3aaa11e9bb82f40f24344a08"}
{"sql_right": {"agg": [0], "cond_conn_op": 1, "sel": [5], "conds": [[6, 0, "5"], [7, 0, "3"]]}}
{"sql_pred": {"agg": [0], "sel": [1], "conds": [[2, 0, 5], [3, 0, 3]], "cond_conn_op": 1}}
{"question": "你知道2018年第三季度的单票成本吗，已知2018年第一季度和第二季度的单票成本都小于10", "table": "c5ad055434b411e980b1542696d6e445"}
{"sql_right": {"agg": [0], "cond_conn_op": 1, "sel": [7], "conds": [[5, 1, "10"], [6, 1, "10"]]}}
{"sql_pred": {"agg": [0], "sel": [6], "conds": [[5, 1, 10], [1, 1, 10]], "cond_conn_op": 1}}
{"question": "有多少股票的2017本益比大于15%或者平均净资产大于2", "table": "6e614ce634ce11e991e5542696d6e445"}
{"sql_right": {"agg": [4], "cond_conn_op": 2, "sel": [0], "conds": [[5, 0, "15"], [8, 0, "2"]]}}
{"sql_pred": {"agg": [4], "sel": [0], "conds": [[8, 0, 15], [10, 0, 2]], "cond_conn_op": 2}}
{"question": "2017年股票收益比率大于20%或者平均市净率大于2的股票有几支啊", "table": "6e614ce634ce11e991e5542696d6e445"}
{"sql_right": {"agg": [4], "cond_conn_op": 2, "sel": [0], "conds": [[5, 0, "15"], [8, 0, "2"]]}}
{"sql_pred": {"agg": [4], "sel": [0], "conds": [[5, 0, 20], [11, 0, 2]], "cond_conn_op": 2}}
{"question": "你知道2017年股票收益比率大于20%或者平均市净率大于2的股票有多少吗", "table": "6e614ce634ce11e991e5542696d6e445"}
{"sql_right": {"agg": [4], "cond_conn_op": 2, "sel": [0], "conds": [[5, 0, "15"], [8, 0, "2"]]}}
{"sql_pred": {"agg": [4], "sel": [0], "conds": [[11, 0, 2], [6, 0, 20]], "cond_conn_op": 2}}
{"question": "2012年6月11日10APE大于17而且11APE也大于17的证券简称是什么", "table": "c98daf26332111e99d17542696d6e445"}
{"sql_right": {"agg": [0], "cond_conn_op": 1, "sel": [0], "conds": [[5, 0, "17"], [6, 0, "17"]]}}
{"sql_pred": {"agg": [0], "sel": [0], "conds": [[5, 0, 17], [7, 0, 17]], "cond_conn_op": 1}}
{"question": "请问一下2012年6月11号11APE也大于17而且10APE也大于17的证券简称是什么", "table": "c98daf26332111e99d17542696d6e445"}
{"sql_right": {"agg": [0], "cond_conn_op": 1, "sel": [0], "conds": [[5, 0, "17"], [6, 0, "17"]]}}
{"sql_pred": {"agg": [0], "sel": [0], "conds": [[5, 0, 17], [2, 0, 17]], "cond_conn_op": 1}}
{"question": "想要了解11APE和10APE都大于17的证券简称", "table": "c98daf26332111e99d17542696d6e445"}
{"sql_right": {"agg": [0], "cond_conn_op": 1, "sel": [0], "conds": [[5, 0, "17"], [6, 0, "17"]]}}
{"sql_pred": {"agg": [0], "sel": [0], "conds": [[4, 0, 17], [5, 0, 17]], "cond_conn_op": 1}}
{"question": "哪几款机器人的销售量占市场总量是超过了百分之八点零五的，说一下机器人名称", "table": "43b3c5e11d7111e98d54f40f24344a08"}
{"sql_right": {"agg": [0], "cond_conn_op": 0, "sel": [1], "conds": [[3, 0, "8.05"]]}}
{"sql_pred": {"agg": [0], "sel": [1], "conds": [[5, 0, "8.05"]], "cond_conn_op": 0}}
{"question": "请问PE17大于22的公司及其代码分别是什么", "table": "c5adcb1134b411e9bc24542696d6e445"}
{"sql_right": {"agg": [0, 0], "cond_conn_op": 0, "sel": [0, 1], "conds": [[5, 0, "22"]]}}
{"sql_pred": {"agg": [0, 0], "sel": [0, 1], "conds": [[6, 0, 22]], "cond_conn_op": 0}}
{"question": "哪个公司的PE17大于22，还有他的代码是多少", "table": "c5adcb1134b411e9bc24542696d6e445"}
{"sql_right": {"agg": [0, 0], "cond_conn_op": 0, "sel": [0, 1], "conds": [[5, 0, "22"]]}}
{"sql_pred": {"agg": [0, 0], "sel": [0, 1], "conds": [[8, 0, 22]], "cond_conn_op": 0}}
{"question": "2012年2月成交量环比大于10并且2012年1月成交量环比小于1的城市总共有多少？", "table": "69d16454334311e99bd8542696d6e445"}
{"sql_right": {"agg": [4], "cond_conn_op": 1, "sel": [0], "conds": [[3, 0, "10"], [4, 1, "1"]]}}
{"sql_pred": {"agg": [4], "sel": [0], "conds": [[2, 0, 10], [6, 1, 1]], "cond_conn_op": 1}}
{"question": "总共有多少个城市2012年2月成交量环比大于10并且2012年1月成交量环比小于1的？", "table": "69d16454334311e99bd8542696d6e445"}
{"sql_right": {"agg": [4], "cond_conn_op": 1, "sel": [0], "conds": [[3, 0, "10"], [4, 1, "1"]]}}
{"sql_pred": {"agg": [4], "sel": [0], "conds": [[2, 0, 10], [5, 1, 1]], "cond_conn_op": 1}}
{"question": "请问总共有多少个城市2012年2月成交量环比大于10并且2012年1月成交量环比小于1的？", "table": "69d16454334311e99bd8542696d6e445"}
{"sql_right": {"agg": [4], "cond_conn_op": 1, "sel": [0], "conds": [[3, 0, "10"], [4, 1, "1"]]}}
{"sql_pred": {"agg": [4], "sel": [0], "conds": [[2, 0, 10], [6, 1, 1]], "cond_conn_op": 1}}
{"question": "那个哪几年商品房的新开工面积和那个竣工面积都是大于20000万平米呀", "table": "e0ae2930333a11e9b0c6542696d6e445"}
{"sql_right": {"agg": [0], "cond_conn_op": 1, "sel": [0], "conds": [[1, 0, "20000"], [3, 0, "20000"]]}}
{"sql_pred": {"agg": [0], "sel": [0], "conds": [[1, 0, 20000], [2, 0, 20000]], "cond_conn_op": 1}}
{"question": "诶，可以问一下吗就是啊商品房新开工面积和竣工面积都是超过20000万平的都是哪些年的呀", "table": "e0ae2930333a11e9b0c6542696d6e445"}
{"sql_right": {"agg": [0], "cond_conn_op": 1, "sel": [0], "conds": [[1, 0, "20000"], [3, 0, "20000"]]}}
{"sql_pred": {"agg": [0], "sel": [0], "conds": [[1, 0, 20000], [2, 0, 20000]], "cond_conn_op": 1}}
{"question": "可以帮我查一下就是哪些年的商品房的新开工面积的和竣工面积的都是在20000万平以上的啊", "table": "e0ae2930333a11e9b0c6542696d6e445"}
{"sql_right": {"agg": [0], "cond_conn_op": 1, "sel": [0], "conds": [[1, 0, "20000"], [3, 0, "20000"]]}}
{"sql_pred": {"agg": [0], "sel": [0], "conds": [[1, 0, 20000], [2, 0, 20000]], "cond_conn_op": 1}}
{"question": "10年H1二线城市去化时间小于10个月，那10年H2去化时间是几个月", "table": "c98ccf54332111e98508542696d6e445"}
{"sql_right": {"agg": [0], "cond_conn_op": 0, "sel": [6], "conds": [[7, 1, "10"]]}}
{"sql_pred": {"agg": [0], "sel": [6], "conds": [[5, 1, 10]], "cond_conn_op": 0}}
{"question": "你好，10年H2去化时间出来了吗，多久，H1还不足一年呢", "table": "c98ccf54332111e98508542696d6e445"}
{"sql_right": {"agg": [0], "cond_conn_op": 0, "sel": [6], "conds": [[7, 1, "10"]]}}
{"sql_pred": {"agg": [0], "sel": [6], "conds": [[5, 1, 1]], "cond_conn_op": 0}}
{"question": "在这些视频平台里爱奇艺排第几啊？", "table": "4d2a3de33aaa11e9bfe7f40f24344a08"}
{"sql_right": {"agg": [4], "cond_conn_op": 0, "sel": [1], "conds": [[2, 0, "1000"]]}}
{"sql_pred": {"agg": [0], "sel": [0], "conds": [[1, 2, "斗魂卫之玄月奇缘"]], "cond_conn_op": 0}}
{"question": "你知道那些预计2019年的EPS小于1，PE也小于20，还有盈利增长率也小于100%的公司的PB是多少吗", "table": "463e64ee351411e99af2542696d6e445"}
{"sql_right": {"agg": [0], "cond_conn_op": 1, "sel": [11], "conds": [[3, 1, "1"], [6, 1, "100"], [9, 1, "20"]]}}
{"sql_pred": {"agg": [0], "sel": [11], "conds": [[7, 1, 100], [3, 1, 1], [9, 1, 20]], "cond_conn_op": 1}}
{"question": "你可以帮我查一下那些19年的每股盈余估值低于1，市盈率估值也低于20，还有净利润增长率也低于100%的股票的平均市净率吗", "table": "463e64ee351411e99af2542696d6e445"}
{"sql_right": {"agg": [0], "cond_conn_op": 1, "sel": [11], "conds": [[3, 1, "1"], [6, 1, "100"], [9, 1, "20"]]}}
{"sql_pred": {"agg": [0], "sel": [11], "conds": [[7, 1, 100], [4, 1, 1], [8, 1, 20]], "cond_conn_op": 1}}
{"question": "你好，我想知道这些估计19年的盈利增长率在100%以下，每股收益也在1以下，而且本益比也在20以下的航空公司的市净率", "table": "463e64ee351411e99af2542696d6e445"}
{"sql_right": {"agg": [0], "cond_conn_op": 1, "sel": [11], "conds": [[3, 1, "1"], [6, 1, "100"], [9, 1, "20"]]}}
{"sql_pred": {"agg": [0], "sel": [11], "conds": [[7, 1, 1], [7, 1, 100], [8, 1, 20]], "cond_conn_op": 1}}
{"question": " ((城市) 小于 14城合计) 城市 的 总共 是多少", "table": "e0ac070c333a11e9849c542696d6e445"}
{"sql_right": {"agg": [4], "cond_conn_op": 0, "sel": [0], "conds": [[0, 1, "14城合计"]]}}
{"sql_pred": {"agg": [4], "sel": [0], "conds": [[1, 1, 14]], "cond_conn_op": 0}}
{"question": "在什么时间段贷款利率调整前大于6%并且贷款利率调整后大于6%？", "table": "5a4ea2c2312b11e9a25b542696d6e445"}
{"sql_right": {"agg": [0], "cond_conn_op": 1, "sel": [0], "conds": [[4, 0, "6"], [5, 0, "6"]]}}
{"sql_pred": {"agg": [0], "sel": [0], "conds": [[6, 0, 6], [4, 0, 6]], "cond_conn_op": 1}}
{"question": "本周相对大盘收益大于 1%并且本周涨跌幅大于1%的银行有哪些？", "table": "43aec1971d7111e99f21f40f24344a08"}
{"sql_right": {"agg": [0], "cond_conn_op": 1, "sel": [0], "conds": [[4, 0, "1"], [1, 0, "1"]]}}
{"sql_pred": {"agg": [0], "sel": [0], "conds": [[5, 0, 1], [1, 0, 1]], "cond_conn_op": 1}}
{"question": "请问一下本周相对大盘收益大于 1%并且本周涨跌幅大于1%的银行有哪些？", "table": "43aec1971d7111e99f21f40f24344a08"}
{"sql_right": {"agg": [0], "cond_conn_op": 1, "sel": [0], "conds": [[4, 0, "1"], [1, 0, "1"]]}}
{"sql_pred": {"agg": [0], "sel": [0], "conds": [[5, 0, 1], [1, 0, 1]], "cond_conn_op": 1}}
{"question": "你知道本周相对大盘收益大于 1%并且本周涨跌幅大于1%的银行有哪些吗？", "table": "43aec1971d7111e99f21f40f24344a08"}
{"sql_right": {"agg": [0], "cond_conn_op": 1, "sel": [0], "conds": [[4, 0, "1"], [1, 0, "1"]]}}
{"sql_pred": {"agg": [0], "sel": [0], "conds": [[5, 0, 1], [1, 0, 1]], "cond_conn_op": 1}}
{"question": "有哪些城市在2012年2月成交量环比大于10并且2011年12月成交量环比小于10？", "table": "69d14c3a334311e9b68e542696d6e445"}
{"sql_right": {"agg": [0], "cond_conn_op": 1, "sel": [0], "conds": [[3, 0, "10"], [5, 1, "10"]]}}
{"sql_pred": {"agg": [0], "sel": [0], "conds": [[6, 1, 10], [2, 0, 10]], "cond_conn_op": 1}}
{"question": "你能跟我说一下在2012年2月成交量环比超过10和2011年12月成交量环比低于10的城市有哪些吗？", "table": "69d14c3a334311e9b68e542696d6e445"}
{"sql_right": {"agg": [0], "cond_conn_op": 1, "sel": [0], "conds": [[3, 0, "10"], [5, 1, "10"]]}}
{"sql_pred": {"agg": [0], "sel": [0], "conds": [[6, 1, 10], [2, 0, 10]], "cond_conn_op": 1}}
{"question": "我想问一下周成交的情况，哪些城市在2012年2月份成交量环比超过10以及2011年12月成交量环比低于10的", "table": "69d14c3a334311e9b68e542696d6e445"}
{"sql_right": {"agg": [0], "cond_conn_op": 1, "sel": [0], "conds": [[3, 0, "10"], [5, 1, "10"]]}}
{"sql_pred": {"agg": [0], "sel": [0], "conds": [[6, 1, 10], [6, 0, 10]], "cond_conn_op": 1}}
{"question": "我想知道有哪些城市在2011年12月成交量环比是低于10的以及同年11月成交量环比是在5以下的", "table": "69d14c3a334311e9b68e542696d6e445"}
{"sql_right": {"agg": [0], "cond_conn_op": 1, "sel": [0], "conds": [[5, 1, "10"], [6, 1, "5"]]}}
{"sql_pred": {"agg": [0], "sel": [0], "conds": [[6, 1, 10], [6, 1, 5]], "cond_conn_op": 1}}
{"question": "有哪些城市12月成交量环比在10以下，并且11月里它的成交量环比低于5？", "table": "69d14c3a334311e9b68e542696d6e445"}
{"sql_right": {"agg": [0], "cond_conn_op": 1, "sel": [0], "conds": [[5, 1, "10"], [6, 1, "5"]]}}
{"sql_pred": {"agg": [0], "sel": [0], "conds": [[6, 1, 5], [1, 1, 10]], "cond_conn_op": 1}}
{"question": "哪些城市10年的上半年一手房成交不足十万平的呀", "table": "c98c6547332111e9a739542696d6e445"}
{"sql_right": {"agg": [0], "cond_conn_op": 0, "sel": [0], "conds": [[4, 1, "10"]]}}
{"sql_pred": {"agg": [0], "sel": [0], "conds": [[3, 1, 10]], "cond_conn_op": 0}}
{"question": "你知道什么城市在2010年上半年度卖出十万平米以下的一手房吗", "table": "c98c6547332111e9a739542696d6e445"}
{"sql_right": {"agg": [0], "cond_conn_op": 0, "sel": [0], "conds": [[4, 1, "10"]]}}
{"sql_pred": {"agg": [0], "sel": [0], "conds": [[3, 1, 10]], "cond_conn_op": 0}}
{"question": "市净率大于1%或者每股净资产大于5块的股票股价是多少", "table": "0155563d351311e9b279542696d6e445"}
{"sql_right": {"agg": [0], "cond_conn_op": 2, "sel": [1], "conds": [[9, 0, "1"], [8, 0, "5"]]}}
{"sql_pred": {"agg": [0], "sel": [1], "conds": [[8, 0, 5], [8, 0, 1]], "cond_conn_op": 2}}
{"question": "你知道市净率大于1%或者每股净资产大于5块的股票股价吗", "table": "0155563d351311e9b279542696d6e445"}
{"sql_right": {"agg": [0], "cond_conn_op": 2, "sel": [1], "conds": [[9, 0, "1"], [8, 0, "5"]]}}
{"sql_pred": {"agg": [0], "sel": [1], "conds": [[8, 0, 5], [8, 0, 1]], "cond_conn_op": 2}}
{"question": "可以通过市净率大于1%或者每股净资产大于5块查询股票的股价吗", "table": "0155563d351311e9b279542696d6e445"}
{"sql_right": {"agg": [0], "cond_conn_op": 2, "sel": [1], "conds": [[9, 0, "1"], [8, 0, "5"]]}}
{"sql_pred": {"agg": [0], "sel": [1], "conds": [[8, 0, 5], [8, 0, 1]], "cond_conn_op": 2}}
{"question": "3Q18/2Q18大于 5并且3Q18/3817大于10的区域总共有多少？", "table": "0de65b47351311e99df6542696d6e445"}
{"sql_right": {"agg": [4], "cond_conn_op": 1, "sel": [0], "conds": [[4, 0, "5"], [5, 0, "10"]]}}
{"sql_pred": {"agg": [4], "sel": [0], "conds": [[4, 0, 10], [4, 0, 5]], "cond_conn_op": 1}}
{"question": "总共有多少个区域3Q18/2Q18大于 5并且3Q18/3817大于10的？", "table": "0de65b47351311e99df6542696d6e445"}
{"sql_right": {"agg": [4], "cond_conn_op": 1, "sel": [0], "conds": [[4, 0, "5"], [5, 0, "10"]]}}
{"sql_pred": {"agg": [4], "sel": [0], "conds": [[4, 0, 10], [4, 0, 5]], "cond_conn_op": 1}}
{"question": "请问有几家公司所有的股票达到十亿股以上", "table": "e0af35d1333a11e99d28542696d6e445"}
{"sql_right": {"agg": [4], "cond_conn_op": 0, "sel": [0], "conds": [[12, 0, "10"]]}}
{"sql_pred": {"agg": [4], "sel": [0], "conds": [[1, 0, 10]], "cond_conn_op": 0}}
{"question": "诶你知道那些P/R-V小于1或是重估市净率低于10的公司中最高市值是多少吗", "table": "69d116a1334311e9ac14542696d6e445"}
{"sql_right": {"agg": [2], "cond_conn_op": 2, "sel": [3], "conds": [[12, 1, "0.98"], [11, 1, "10.0"]]}}
{"sql_pred": {"agg": [2], "sel": [3], "conds": [[11, 1, 1], [11, 1, 10]], "cond_conn_op": 2}}
{"question": "帮我算一下18年第三季度货币资金或者总资产都是不足100亿的出版公司其货币资金与总资产的比值是多少来着", "table": "4d285ad93aaa11e9912bf40f24344a08"}
{"sql_right": {"agg": [0], "cond_conn_op": 2, "sel": [5], "conds": [[4, 1, "100"], [2, 1, "100"]]}}
{"sql_pred": {"agg": [0], "sel": [5], "conds": [[2, 1, 100], [3, 1, 100]], "cond_conn_op": 2}}
{"question": "哪些一线城市的同比增速低于0，累计销售面积为多少", "table": "e0ac9099333a11e987e7542696d6e445"}
{"sql_right": {"agg": [0, 0], "cond_conn_op": 0, "sel": [1, 3], "conds": [[2, 1, "0"]]}}
{"sql_pred": {"agg": [0, 0], "sel": [1, 3], "conds": [[3, 1, 0]], "cond_conn_op": 0}}
{"question": "你知道有哪些证券公司商誉/净资产2高于10并且商誉/净利润2高于10的吗？", "table": "4d2488543aaa11e98fdbf40f24344a08"}
{"sql_right": {"agg": [0], "cond_conn_op": 1, "sel": [6], "conds": [[8, 0, "10"], [9, 0, "10"]]}}
{"sql_pred": {"agg": [0], "sel": [1], "conds": [[11, 0, "10"], [8, 0, 10]], "cond_conn_op": 1}}
{"question": "需要进行一致性评价企业的企业批文数占比低于7%左右，分别有多少企业以及其对应的药品数", "table": "43afc99c1d7111e9936af40f24344a08"}
{"sql_right": {"agg": [0, 0], "cond_conn_op": 0, "sel": [0, 1], "conds": [[3, 1, "7.2"]]}}
{"sql_pred": {"agg": [0, 0], "sel": [0, 1], "conds": [[1, 2, 7]], "cond_conn_op": 0}}
{"question": "想知道这次需要进行一致性评价企业的药品数和批文数占比低于7%左右的企业有哪些", "table": "43afc99c1d7111e9936af40f24344a08"}
{"sql_right": {"agg": [0, 0], "cond_conn_op": 0, "sel": [0, 1], "conds": [[3, 1, "7.2"]]}}
{"sql_pred": {"agg": [0], "sel": [0], "conds": [[1, 2, 7]], "cond_conn_op": 0}}
{"question": "那个就是，那些批文数占比低于7%左右需要进行一致性评价的企业有多少家啊，还有他们的药品数", "table": "43afc99c1d7111e9936af40f24344a08"}
{"sql_right": {"agg": [0, 0], "cond_conn_op": 0, "sel": [0, 1], "conds": [[3, 1, "7.2"]]}}
{"sql_pred": {"agg": [0, 0], "sel": [0, 1], "conds": [[1, 2, 7]], "cond_conn_op": 0}}
{"question": "你能告诉我这一周换手率超过5%，或者是18年动态本益比超过10%的股票名吗", "table": "c5aed12b34b411e9841a542696d6e445"}
{"sql_right": {"agg": [0], "cond_conn_op": 2, "sel": [0], "conds": [[3, 0, "5"], [4, 0, "10"]]}}
{"sql_pred": {"agg": [0], "sel": [0], "conds": [[5, 0, "10"], [3, 0, 5]], "cond_conn_op": 2}}
{"question": "降息前月还款额低于10000元需还10年的房子总价为多少，首付是多少", "table": "5a4e9730312b11e98007542696d6e445"}
{"sql_right": {"agg": [0, 0], "cond_conn_op": 0, "sel": [0, 1], "conds": [[2, 1, "10000"]]}}
{"sql_pred": {"agg": [0, 0], "sel": [0, 1], "conds": [[3, 1, 10000]], "cond_conn_op": 0}}
{"question": "你好啊，那个在宁沪高速哪些收费单车车型每天交通量达到2千万辆以上的呀，或者是收费在20元以上每公里的呀", "table": "733d6c1734c611e980b0542696d6e445"}
{"sql_right": {"agg": [0], "cond_conn_op": 2, "sel": [0], "conds": [[1, 0, "20"], [2, 0, "20000000"]]}}
{"sql_pred": {"agg": [0], "sel": [0], "conds": [[2, 0, 20], [2, 0, 20000000]], "cond_conn_op": 2}}
{"question": "东莞住宅期房一月和二月成交面积超过9万平的有哪几年", "table": "5a523e30312b11e98b92542696d6e445"}
{"sql_right": {"agg": [0], "cond_conn_op": 2, "sel": [0], "conds": [[1, 0, "9"], [2, 0, "10"]]}}
{"sql_pred": {"agg": [0], "sel": [0], "conds": [[6, 0, 9], [2, 0, 9]], "cond_conn_op": 1}}
{"question": "2018年到2019年春节期间的贺岁片TOP5里面影片平均的票价，我说的是包含服务费的情况下大于40元的有哪些？", "table": "4d26d4b03aaa11e9acf2f40f24344a08"}
{"sql_right": {"agg": [0], "cond_conn_op": 0, "sel": [0], "conds": [[1, 0, "40"]]}}
{"sql_pred": {"agg": [0], "sel": [2], "conds": [[2, 0, 40]], "cond_conn_op": 0}}
{"question": "有哪些18年到19年春节档的TOP5的电影他包括服务费之后的平均的电影票价高于40元的？", "table": "4d26d4b03aaa11e9acf2f40f24344a08"}
{"sql_right": {"agg": [0], "cond_conn_op": 0, "sel": [0], "conds": [[1, 0, "40"]]}}
{"sql_pred": {"agg": [0], "sel": [2], "conds": [[3, 0, 40]], "cond_conn_op": 0}}
{"question": "请问，有没有18年至19年的贺岁片排名前五的影片哪个的电影票的价格平均下来超过四十块钱的，算上服务费的话", "table": "4d26d4b03aaa11e9acf2f40f24344a08"}
{"sql_right": {"agg": [0], "cond_conn_op": 0, "sel": [0], "conds": [[1, 0, "40"]]}}
{"sql_pred": {"agg": [0], "sel": [2], "conds": [[3, 0, 40]], "cond_conn_op": 0}}
{"question": "季度营收同比增速2016年第四季度小于50%或者2017年第四季度小于10%，那么2018年第三季度为多少", "table": "0de60b82351311e9b473542696d6e445"}
{"sql_right": {"agg": [0], "cond_conn_op": 2, "sel": [11], "conds": [[4, 1, "50"], [8, 1, "10"]]}}
{"sql_pred": {"agg": [0, 0], "sel": [9, 11], "conds": [[8, 1, 10], [2, 1, 50]], "cond_conn_op": 2}}
{"question": "你好，你知道2018年第三季度的季度营收同比增速是多少吗，他的季度营收同比增速2016年第四季度小于50%或者2017年第四季度小于10%", "table": "0de60b82351311e9b473542696d6e445"}
{"sql_right": {"agg": [0], "cond_conn_op": 2, "sel": [11], "conds": [[4, 1, "50"], [8, 1, "10"]]}}
{"sql_pred": {"agg": [0, 0, 0], "sel": [7, 9, 11], "conds": [[6, 1, 10], [3, 1, 50]], "cond_conn_op": 2}}
{"question": "请问我可以通过季度营收同比增速2016年第四季度小于50%或者2017年第四季度小于10%来查询2018年第三季度的同比增速吗", "table": "0de60b82351311e9b473542696d6e445"}
{"sql_right": {"agg": [0], "cond_conn_op": 2, "sel": [11], "conds": [[4, 1, "50"], [8, 1, "10"]]}}
{"sql_pred": {"agg": [0], "sel": [7], "conds": [[6, 1, 10], [5, 1, 50]], "cond_conn_op": 2}}
{"question": "去年同期28日成交小于100万平或者近7日日均交小于100万平的近7日日均成交环比是多少", "table": "c98a335c332111e99ca4542696d6e445"}
{"sql_right": {"agg": [0], "cond_conn_op": 2, "sel": [5], "conds": [[6, 1, "100"], [4, 1, "100"]]}}
{"sql_pred": {"agg": [0], "sel": [5], "conds": [[5, 1, 1000000], [4, 1, 1000000]], "cond_conn_op": 2}}
{"question": "近7日日均成交环比达到多少时房地产去年同期28日成交或者近7日日均交将低于100万平", "table": "c98a335c332111e99ca4542696d6e445"}
{"sql_right": {"agg": [0], "cond_conn_op": 2, "sel": [5], "conds": [[6, 1, "100"], [4, 1, "100"]]}}
{"sql_pred": {"agg": [0], "sel": [5], "conds": [[5, 1, 1000000], [4, 1, 1000000]], "cond_conn_op": 2}}
{"question": "呃就是那个全球被动元器件核心上市公司中市盈率低于10的，主要业务是电容的都是什么公司啊，他代码是啥啊", "table": "0de5bd30351311e9b355542696d6e445"}
{"sql_right": {"agg": [0, 0], "cond_conn_op": 1, "sel": [0, 1], "conds": [[5, 2, "电容"], [8, 1, "10"]]}}
{"sql_pred": {"agg": [0, 0], "sel": [0, 1], "conds": [[5, 2, "电容"], [9, 1, 10]], "cond_conn_op": 1}}
{"question": "住宅期房成交面积三月份超过50万平而且四月份也超过50万平，那么七月份的成交面积是多少", "table": "5a51c36e312b11e9aa9b542696d6e445"}
{"sql_right": {"agg": [0], "cond_conn_op": 1, "sel": [6], "conds": [[3, 0, "50"], [4, 0, "50"]]}}
{"sql_pred": {"agg": [0, 0], "sel": [1, 2], "conds": [[3, 0, 50], [1, 0, 50]], "cond_conn_op": 1}}
{"question": "有哪些地产公司11年的每股盈余超过0.1，12年和13年的每股盈余估值也分别超过0.3和0.5的呀？", "table": "69d378e8334311e9bb4a542696d6e445"}
{"sql_right": {"agg": [0], "cond_conn_op": 1, "sel": [0], "conds": [[5, 0, "0.1"], [6, 0, "0.3"], [7, 0, "0.5"]]}}
{"sql_pred": {"agg": [0], "sel": [0], "conds": [[6, 0, "0.3"], [6, 0, "0.5"], [5, 0, "0.1"]], "cond_conn_op": 1}}
{"question": "请问在2018年动态市盈率大于10%的股票总共有多少个？", "table": "c5aec93d34b411e98514542696d6e445"}
{"sql_right": {"agg": [4], "cond_conn_op": 0, "sel": [0], "conds": [[4, 0, "10"]]}}
{"sql_pred": {"agg": [4], "sel": [0], "conds": [[5, 0, "10"]], "cond_conn_op": 0}}
{"question": "2018E飞机引进量均值达到多少时飞机净增长和座位增长都大于8%", "table": "c5adb61e34b411e984e7542696d6e445"}
{"sql_right": {"agg": [1], "cond_conn_op": 1, "sel": [1], "conds": [[7, 0, "8"], [8, 0, "8"]]}}
{"sql_pred": {"agg": [1], "sel": [1], "conds": [[9, 0, "8"], [8, 0, 8]], "cond_conn_op": 1}}
{"question": "你知道机净增长和座位增长都大于8%的公司2018E飞机引进量均值吗", "table": "c5adb61e34b411e984e7542696d6e445"}
{"sql_right": {"agg": [1], "cond_conn_op": 1, "sel": [1], "conds": [[7, 0, "8"], [8, 0, "8"]]}}
{"sql_pred": {"agg": [1], "sel": [1], "conds": [[9, 0, "8"], [8, 0, 8]], "cond_conn_op": 1}}
{"question": "哪些股的收盘价高于20块或者市盈率相对盈利增长比率大于1", "table": "0156172b351311e986b3542696d6e445"}
{"sql_right": {"agg": [0], "cond_conn_op": 2, "sel": [1], "conds": [[2, 0, "20"], [12, 0, "1"]]}}
{"sql_pred": {"agg": [0], "sel": [1], "conds": [[2, 0, 20], [9, 0, 1]], "cond_conn_op": 2}}
{"question": "PEG指标超过1的或者收盘价大于20元的股票有哪些", "table": "0156172b351311e986b3542696d6e445"}
{"sql_right": {"agg": [0], "cond_conn_op": 2, "sel": [1], "conds": [[2, 0, "20"], [12, 0, "1"]]}}
{"sql_pred": {"agg": [0], "sel": [1], "conds": [[2, 0, 20], [9, 0, 1]], "cond_conn_op": 2}}
{"question": "哎，帅哥，打扰了，是这样我想咨询一下收盘价大于20元或者市盈率相对盈利增长比率大于1的是哪些股，能帮我查一下吗", "table": "0156172b351311e986b3542696d6e445"}
{"sql_right": {"agg": [0], "cond_conn_op": 2, "sel": [1], "conds": [[2, 0, "20"], [12, 0, "1"]]}}
{"sql_pred": {"agg": [0], "sel": [1], "conds": [[2, 0, 20], [9, 0, 1]], "cond_conn_op": 2}}
{"question": "小于80K/月的月产能或是生产项目是逻辑芯片的公司有多少", "table": "43b1ead71d7111e98a9ef40f24344a08"}
{"sql_right": {"agg": [0], "cond_conn_op": 2, "sel": [1], "conds": [[6, 1, "80"], [3, 2, "逻辑芯片"]]}}
{"sql_pred": {"agg": [4], "sel": [1], "conds": [[3, 2, "逻辑芯片"], [0, 2, "8.0"]], "cond_conn_op": 2}}
{"question": "PE2012E和 PE2013E都大于10%的股票，它总市值有多少", "table": "69d41833334311e99c97542696d6e445"}
{"sql_right": {"agg": [0], "cond_conn_op": 1, "sel": [3], "conds": [[10, 0, "10"], [11, 0, "10"]]}}
{"sql_pred": {"agg": [0], "sel": [3], "conds": [[9, 0, 10], [10, 0, 10]], "cond_conn_op": 1}}
{"question": "总的市值多少的股票预计在12年和13年收益比率都会超过10%", "table": "69d41833334311e99c97542696d6e445"}
{"sql_right": {"agg": [0], "cond_conn_op": 1, "sel": [3], "conds": [[10, 0, "10"], [11, 0, "10"]]}}
{"sql_pred": {"agg": [0], "sel": [3], "conds": [[9, 0, 10], [10, 0, 10]], "cond_conn_op": 1}}
{"question": "请问2012和2013年预计市盈率都大于10%，想知道它股票总市值会是多少", "table": "69d41833334311e99c97542696d6e445"}
{"sql_right": {"agg": [0], "cond_conn_op": 1, "sel": [3], "conds": [[10, 0, "10"], [11, 0, "10"]]}}
{"sql_pred": {"agg": [0], "sel": [3], "conds": [[9, 0, 10], [10, 0, 10]], "cond_conn_op": 1}}
{"question": "请问有哪些城市在2012年4月成交量环比大于5并且同年的2月成交量环比低于10的？\n", "table": "69d156f8334311e9af6e542696d6e445"}
{"sql_right": {"agg": [0], "cond_conn_op": 1, "sel": [0], "conds": [[1, 0, "5"], [3, 1, "10"]]}}
{"sql_pred": {"agg": [0], "sel": [0], "conds": [[2, 0, 5], [6, 1, 10]], "cond_conn_op": 1}}
{"question": "你好，方便告诉我一下在12年4月成交量的环比达到5以上同时在二月份成交量比上个月是不足10的城市都有哪些", "table": "69d156f8334311e9af6e542696d6e445"}
{"sql_right": {"agg": [0], "cond_conn_op": 1, "sel": [0], "conds": [[1, 0, "5"], [3, 1, "10"]]}}
{"sql_pred": {"agg": [0], "sel": [0], "conds": [[2, 0, 5], [1, 1, 10]], "cond_conn_op": 1}}
{"question": "我想知道一线都有哪些城市它在2012年4月比上个月的成交量是高于5而且在2月成交量的环比小于10", "table": "69d156f8334311e9af6e542696d6e445"}
{"sql_right": {"agg": [0], "cond_conn_op": 1, "sel": [0], "conds": [[1, 0, "5"], [3, 1, "10"]]}}
{"sql_pred": {"agg": [0], "sel": [0], "conds": [[1, 0, 5], [5, 1, 10]], "cond_conn_op": 1}}
{"question": "商品房周成交面积去年同比大于40的城市是哪个", "table": "2530c65e302e11e98f90542696d6e445"}
{"sql_right": {"agg": [0], "cond_conn_op": 0, "sel": [0], "conds": [[3, 0, "40"]]}}
{"sql_pred": {"agg": [0], "sel": [0], "conds": [[5, 0, 40]], "cond_conn_op": 0}}
{"question": "请问哪个城市商品房的周成交面积去年同比超过四十", "table": "2530c65e302e11e98f90542696d6e445"}
{"sql_right": {"agg": [0], "cond_conn_op": 0, "sel": [0], "conds": [[3, 0, "40"]]}}
{"sql_pred": {"agg": [0], "sel": [0], "conds": [[5, 0, 40]], "cond_conn_op": 0}}
{"question": "有没有哪个城市商品房这周成交面积去年同比高于40", "table": "2530c65e302e11e98f90542696d6e445"}
{"sql_right": {"agg": [0], "cond_conn_op": 0, "sel": [0], "conds": [[3, 0, "40"]]}}
{"sql_pred": {"agg": [0], "sel": [0], "conds": [[5, 0, 40]], "cond_conn_op": 0}}
{"question": "你好，你知道目前有多少部好莱坞大片是一月十一号在北美上映的吗", "table": "4d280ca33aaa11e9b11af40f24344a08"}
{"sql_right": {"agg": [4], "cond_conn_op": 0, "sel": [1], "conds": [[0, 2, "2019-01-11"]]}}
{"sql_pred": {"agg": [4], "sel": [1], "conds": [[1, 2, "一条狗的回家路"]], "cond_conn_op": 0}}
{"question": "声入人心的网络点击率有多少？", "table": "4d29c00a3aaa11e990d5f40f24344a08"}
{"sql_right": {"agg": [5], "cond_conn_op": 0, "sel": [2], "conds": [[3, 2, "芒果TV"]]}}
{"sql_pred": {"agg": [0], "sel": [2], "conds": [[1, 2, "声入人心"]], "cond_conn_op": 0}}
{"question": "你能告诉我快乐大本营在这些综艺中排第几吗？", "table": "4d29c00a3aaa11e990d5f40f24344a08"}
{"sql_right": {"agg": [5], "cond_conn_op": 0, "sel": [2], "conds": [[3, 2, "芒果TV"]]}}
{"sql_pred": {"agg": [0], "sel": [0], "conds": [[1, 2, "快乐大本营2019"]], "cond_conn_op": 0}}
{"question": "2017年每股收益大于1元而且2017股票收益比率小于20%的股票市盈率相对盈利增长比率为多少", "table": "01564d28351311e9ada4542696d6e445"}
{"sql_right": {"agg": [0], "cond_conn_op": 1, "sel": [12], "conds": [[3, 1, "1"], [7, 1, "20"]]}}
{"sql_pred": {"agg": [0], "sel": [7], "conds": [[3, 0, 1], [8, 1, 20]], "cond_conn_op": 1}}
{"question": "我想通过2017每股的收益超过1元以及股票市盈率低于20%来查询它的股票市盈率相对盈利增长比率", "table": "01564d28351311e9ada4542696d6e445"}
{"sql_right": {"agg": [0], "cond_conn_op": 1, "sel": [12], "conds": [[3, 1, "1"], [7, 1, "20"]]}}
{"sql_pred": {"agg": [0], "sel": [7], "conds": [[3, 0, 1], [8, 1, 20]], "cond_conn_op": 1}}
{"question": "新世界中国地产有限公司它的最新股价在5一下，你知道它的最新市值吗？", "table": "252caeca302e11e9b3ac542696d6e445"}
{"sql_right": {"agg": [0], "cond_conn_op": 1, "sel": [2], "conds": [[1, 2, "新世界中国地产有限公司"], [3, 1, "5"]]}}
{"sql_pred": {"agg": [0], "sel": [2], "conds": [[1, 2, "新世界中国地产有限公司"], [2, 2, "315.0"]], "cond_conn_op": 1}}
{"question": "降息前月还款额10年大于8000并且降息前月还款额20年大于8000的总房价是多少", "table": "5a4e9730312b11e98007542696d6e445"}
{"sql_right": {"agg": [0], "cond_conn_op": 1, "sel": [0], "conds": [[2, 0, "8000"], [3, 0, "8000"]]}}
{"sql_pred": {"agg": [0], "sel": [0], "conds": [[5, 0, 8000], [2, 0, 8000]], "cond_conn_op": 1}}
{"question": "有多少总房价降息前月还款额10年大于8000并且降息前月还款额20年大于8000的？", "table": "5a4e9730312b11e98007542696d6e445"}
{"sql_right": {"agg": [0], "cond_conn_op": 1, "sel": [0], "conds": [[2, 0, "8000"], [3, 0, "8000"]]}}
{"sql_pred": {"agg": [0], "sel": [0], "conds": [[3, 0, 8000], [4, 0, 8000]], "cond_conn_op": 1}}
{"question": "麻烦问一下总共有多少航空公司引进宽体机大于10并且引进窄体机大于50的？", "table": "c5adb61e34b411e984e7542696d6e445"}
{"sql_right": {"agg": [4], "cond_conn_op": 1, "sel": [0], "conds": [[2, 0, "10"], [3, 0, "50"]]}}
{"sql_pred": {"agg": [4], "sel": [0], "conds": [[4, 0, 50], [2, 0, 10]], "cond_conn_op": 1}}
{"question": "请问在12年有哪些公司的股票本益比不足10个百分点以及每股的收益是低于2块的", "table": "69cf4763334311e99a84542696d6e445"}
{"sql_right": {"agg": [0], "cond_conn_op": 1, "sel": [0], "conds": [[4, 1, "2"], [8, 1, "10"]]}}
{"sql_pred": {"agg": [0], "sel": [0], "conds": [[5, 1, 2], [9, 1, 10]], "cond_conn_op": 1}}
{"question": "请问哪些公司它2010年市净率是低于2同时2012年的市净率也是不超过23的", "table": "69cf4763334311e99a84542696d6e445"}
{"sql_right": {"agg": [0], "cond_conn_op": 1, "sel": [0], "conds": [[6, 1, "23"], [8, 1, "23"]]}}
{"sql_pred": {"agg": [0], "sel": [0], "conds": [[10, 1, 23], [6, 1, 2]], "cond_conn_op": 1}}
{"question": "想要知道在10年和12年的时候股票市净率都低于23的都是哪些公司", "table": "69cf4763334311e99a84542696d6e445"}
{"sql_right": {"agg": [0], "cond_conn_op": 1, "sel": [0], "conds": [[6, 1, "23"], [8, 1, "23"]]}}
{"sql_pred": {"agg": [0], "sel": [0], "conds": [[6, 1, 23], [7, 1, 23]], "cond_conn_op": 1}}
{"question": "请问11年EPS大于1，还有12年EPS预估也会大于1的，或者是13年EPS估值大于1的一共有几家公司？", "table": "69d29a23334311e99c4d542696d6e445"}
{"sql_right": {"agg": [4], "cond_conn_op": 1, "sel": [1], "conds": [[3, 0, "1"], [4, 0, "1"], [5, 0, "1"]]}}
{"sql_pred": {"agg": [4], "sel": [1], "conds": [[4, 0, 1], [3, 0, 1], [6, 0, 1]], "cond_conn_op": 2}}
{"question": "卧龙地产11EPE超过了10，12EPE 是多少？", "table": "e0ae7bee333a11e99031542696d6e445"}
{"sql_right": {"agg": [0], "cond_conn_op": 1, "sel": [7], "conds": [[0, 2, "卧龙地产"], [6, 0, "10"]]}}
{"sql_pred": {"agg": [0], "sel": [4], "conds": [[0, 2, "卧龙地产"], [5, 0, 10]], "cond_conn_op": 1}}
{"question": "我发现卧龙地产的11EPE以在10以上，你知道12年EPE是多少吗？", "table": "e0ae7bee333a11e99031542696d6e445"}
{"sql_right": {"agg": [0], "cond_conn_op": 1, "sel": [7], "conds": [[0, 2, "卧龙地产"], [6, 0, "10"]]}}
{"sql_pred": {"agg": [0, 0], "sel": [4, 7], "conds": [[0, 2, "卧龙地产"], [5, 0, 10]], "cond_conn_op": 1}}
{"question": "EPS2017大于0.5而且EPS2018E大于0.5的证券公司市值平均是多少钱？", "table": "4d267ff53aaa11e9a96bf40f24344a08"}
{"sql_right": {"agg": [1], "cond_conn_op": 1, "sel": [2], "conds": [[7, 0, "0.5"], [8, 0, "0.5"]]}}
{"sql_pred": {"agg": [1], "sel": [2], "conds": [[6, 0, "0.5"], [4, 0, "0.5"]], "cond_conn_op": 1}}
{"question": "请问一下EPS2017大于0.5而且EPS2018E大于0.5的证券公司市值平均是多少钱？", "table": "4d267ff53aaa11e9a96bf40f24344a08"}
{"sql_right": {"agg": [1], "cond_conn_op": 1, "sel": [2], "conds": [[7, 0, "0.5"], [8, 0, "0.5"]]}}
{"sql_pred": {"agg": [1], "sel": [2], "conds": [[6, 0, "0.5"], [4, 0, "0.5"]], "cond_conn_op": 1}}
{"question": "hi，麻烦问一下EPS2017大于0.5而且EPS2018E大于0.5的证券公司市值平均是多少钱？", "table": "4d267ff53aaa11e9a96bf40f24344a08"}
{"sql_right": {"agg": [1], "cond_conn_op": 1, "sel": [2], "conds": [[7, 0, "0.5"], [8, 0, "0.5"]]}}
{"sql_pred": {"agg": [1], "sel": [2], "conds": [[6, 0, "0.5"], [4, 0, "0.5"]], "cond_conn_op": 1}}
{"question": "能给我就是说说都有哪些被动元器件制造公司其业务主要是电容啊，还有17年营收也超过了20亿的呀", "table": "0de5c761351311e989dc542696d6e445"}
{"sql_right": {"agg": [0], "cond_conn_op": 1, "sel": [0], "conds": [[5, 2, "电容"], [6, 0, "20"]]}}
{"sql_pred": {"agg": [0], "sel": [0], "conds": [[7, 0, 20], [5, 2, "电容"]], "cond_conn_op": 1}}
{"question": "那个就是营收同比增长率在50以上的，或者是归母利润大于30的都是哪些证券啊", "table": "0de680cf351311e9bde3542696d6e445"}
{"sql_right": {"agg": [0], "cond_conn_op": 2, "sel": [2], "conds": [[4, 0, "50"], [6, 0, "30"]]}}
{"sql_pred": {"agg": [0], "sel": [2], "conds": [[4, 0, 50], [5, 0, 30]], "cond_conn_op": 2}}
{"question": "能就是帮我查查看都是哪些证券其归母利润大于30，或者营收同比增长率大于50的呀", "table": "0de680cf351311e9bde3542696d6e445"}
{"sql_right": {"agg": [0], "cond_conn_op": 2, "sel": [2], "conds": [[4, 0, "50"], [6, 0, "30"]]}}
{"sql_pred": {"agg": [0], "sel": [2], "conds": [[4, 0, 50], [5, 0, 30]], "cond_conn_op": 2}}
{"question": "2011年到2017年中春运铁路客运与春运客运量增速对比大于10%的，或者是春运民航客运与春运客运量增速对比大于10%的是哪几年", "table": "733c1f5934c611e98e23542696d6e445"}
{"sql_right": {"agg": [0], "cond_conn_op": 2, "sel": [0], "conds": [[4, 0, "10"], [2, 0, "10"]]}}
{"sql_pred": {"agg": [0], "sel": [0], "conds": [[5, 0, 10], [6, 0, 10]], "cond_conn_op": 2}}
{"question": "哪几年的春运铁路客运或者春运民航客运与春运客运量增速对比都超过了10%的呀", "table": "733c1f5934c611e98e23542696d6e445"}
{"sql_right": {"agg": [0], "cond_conn_op": 2, "sel": [0], "conds": [[4, 0, "10"], [2, 0, "10"]]}}
{"sql_pred": {"agg": [0], "sel": [0], "conds": [[1, 0, 10], [5, 0, 10]], "cond_conn_op": 2}}
{"question": "春运期间，铁路或是民航的客运与客运量增速的对比都在10%以上的是11年到17年中的哪些年啊", "table": "733c1f5934c611e98e23542696d6e445"}
{"sql_right": {"agg": [0], "cond_conn_op": 2, "sel": [0], "conds": [[4, 0, "10"], [2, 0, "10"]]}}
{"sql_pred": {"agg": [0], "sel": [0], "conds": [[1, 0, 10], [5, 0, 10]], "cond_conn_op": 2}}
{"question": "我想知道那个18年第三季度到第四季度有哪些快递公司业务量达到30亿件以上的呀，还有份额大于10的呢", "table": "c5acf7e334b411e986d5542696d6e445"}
{"sql_right": {"agg": [0], "cond_conn_op": 2, "sel": [0], "conds": [[1, 0, "30"], [2, 0, "10"]]}}
{"sql_pred": {"agg": [0], "sel": [0], "conds": [[4, 0, 30], [5, 0, 10]], "cond_conn_op": 1}}
{"question": "滚动市盈率超120而且平均市净率超1.5的股票代码是什么", "table": "43b2932b1d7111e9a434f40f24344a08"}
{"sql_right": {"agg": [0], "cond_conn_op": 1, "sel": [0], "conds": [[3, 0, "120"], [4, 0, "1.5"]]}}
{"sql_pred": {"agg": [0], "sel": [0], "conds": [[4, 0, "1.5"], [4, 0, 120]], "cond_conn_op": 1}}
{"question": "请问哪个股票的滚动的市盈率大于120，还有他的平均的市净率还大于1.5，他的代码是什么", "table": "43b2932b1d7111e9a434f40f24344a08"}
{"sql_right": {"agg": [0], "cond_conn_op": 1, "sel": [0], "conds": [[3, 0, "120"], [4, 0, "1.5"]]}}
{"sql_pred": {"agg": [0], "sel": [0], "conds": [[4, 0, "1.5"], [4, 0, 120]], "cond_conn_op": 1}}
{"question": "10APE超过0.56或者11APE超过0.56的证券简称是什么", "table": "c98dd373332111e9b4fb542696d6e445"}
{"sql_right": {"agg": [0], "cond_conn_op": 2, "sel": [0], "conds": [[5, 0, "0.56"], [6, 0, "0.56"]]}}
{"sql_pred": {"agg": [0], "sel": [0], "conds": [[2, 0, "0.56"], [3, 0, "0.56"]], "cond_conn_op": 2}}
{"question": "请问一下10APE或11APE大于0.56的证券简称是什么", "table": "c98dd373332111e9b4fb542696d6e445"}
{"sql_right": {"agg": [0], "cond_conn_op": 2, "sel": [0], "conds": [[5, 0, "0.56"], [6, 0, "0.56"]]}}
{"sql_pred": {"agg": [0], "sel": [0], "conds": [[2, 0, "0.56"], [3, 0, "0.56"]], "cond_conn_op": 2}}
{"question": "想要了解10APE或11APE大于0.56的证券简称", "table": "c98dd373332111e9b4fb542696d6e445"}
{"sql_right": {"agg": [0], "cond_conn_op": 2, "sel": [0], "conds": [[5, 0, "0.56"], [6, 0, "0.56"]]}}
{"sql_pred": {"agg": [0], "sel": [0], "conds": [[2, 0, "0.56"], [3, 0, "0.56"]], "cond_conn_op": 2}}
{"question": "福州住宅期房三月成交面积超过20万平或者四月超过20万平，那么五月份的成交均值为多少", "table": "5a52262b312b11e9b0da542696d6e445"}
{"sql_right": {"agg": [1], "cond_conn_op": 2, "sel": [5], "conds": [[3, 0, "20"], [4, 0, "20"]]}}
{"sql_pred": {"agg": [1, 1], "sel": [1, 2], "conds": [[5, 0, 20], [3, 0, 20]], "cond_conn_op": 2}}
{"question": "福州住宅期房五月成交均值为多少啊，已知三月或者四月的成交面积都是大于20万平的", "table": "5a52262b312b11e9b0da542696d6e445"}
{"sql_right": {"agg": [1], "cond_conn_op": 2, "sel": [5], "conds": [[3, 0, "20"], [4, 0, "20"]]}}
{"sql_pred": {"agg": [1, 1, 1], "sel": [1, 2, 5], "conds": [[2, 0, 20], [6, 0, 20]], "cond_conn_op": 2}}
{"question": "你知道三月或者四月的成交面积都大于20万平所对应的五月住宅期房成交均值吗", "table": "5a52262b312b11e9b0da542696d6e445"}
{"sql_right": {"agg": [1], "cond_conn_op": 2, "sel": [5], "conds": [[3, 0, "20"], [4, 0, "20"]]}}
{"sql_pred": {"agg": [1], "sel": [4], "conds": [[5, 0, 20], [1, 0, 20]], "cond_conn_op": 2}}
{"question": "诶，你知道就是我国哪些特高压建设项目说是要投资100亿的吗，还有啊这些项目有说什么时候开工吗", "table": "0151f30c351311e9ba68542696d6e445"}
{"sql_right": {"agg": [0, 0], "cond_conn_op": 0, "sel": [0, 3], "conds": [[2, 0, "100"]]}}
{"sql_pred": {"agg": [0, 0], "sel": [0, 3], "conds": [[0, 2, "晋南东-南阳-荆门交流1000千伏"]], "cond_conn_op": 0}}
{"question": "股票总价值不足一百亿美元的证券有哪些，方便把代码也告诉我吗", "table": "733d74f334c611e9b31d542696d6e445"}
{"sql_right": {"agg": [0, 0], "cond_conn_op": 0, "sel": [2, 1], "conds": [[8, 1, "100"]]}}
{"sql_pred": {"agg": [0, 0], "sel": [1, 2], "conds": [[11, 1, 100]], "cond_conn_op": 0}}
{"question": "2010年一线城市的土地供应达到4526万平，那么2011年的供应面积是多少", "table": "69d56130334311e981e2542696d6e445"}
{"sql_right": {"agg": [0], "cond_conn_op": 1, "sel": [2], "conds": [[0, 2, "一线城市"], [1, 2, "4526"]]}}
{"sql_pred": {"agg": [0], "sel": [2], "conds": [[0, 2, "一线城市"], [2, 2, "4526.0"]], "cond_conn_op": 1}}
{"question": "2016年ROE大于10并且2017年ROE也大于10的证券有哪些?", "table": "4d2844613aaa11e9895cf40f24344a08"}
{"sql_right": {"agg": [0], "cond_conn_op": 1, "sel": [1], "conds": [[7, 0, "10"], [8, 0, "10"]]}}
{"sql_pred": {"agg": [0], "sel": [1], "conds": [[9, 0, "10"], [7, 0, 10]], "cond_conn_op": 1}}
{"question": "请问一下16年和17年的净资产收益率都超过10的是什么证券？", "table": "4d2844613aaa11e9895cf40f24344a08"}
{"sql_right": {"agg": [0], "cond_conn_op": 1, "sel": [1], "conds": [[7, 0, "10"], [8, 0, "10"]]}}
{"sql_pred": {"agg": [0], "sel": [1], "conds": [[8, 0, 10], [6, 0, 10]], "cond_conn_op": 1}}
{"question": "诶，你知道有哪些股17年的PE大于10，PB也大于2的呀，那那这些股代码是什么啊", "table": "6e616aa834ce11e9a75a542696d6e445"}
{"sql_right": {"agg": [0, 0], "cond_conn_op": 1, "sel": [0, 1], "conds": [[5, 0, "10"], [8, 0, "2"]]}}
{"sql_pred": {"agg": [0, 0], "sel": [0, 1], "conds": [[8, 0, 2], [8, 0, 10]], "cond_conn_op": 1}}
{"question": "你好啊，我想问问就是17年PB大于2的，PE也大于10的都是什么股啊，代码是啥啊", "table": "6e616aa834ce11e9a75a542696d6e445"}
{"sql_right": {"agg": [0, 0], "cond_conn_op": 1, "sel": [0, 1], "conds": [[5, 0, "10"], [8, 0, "2"]]}}
{"sql_pred": {"agg": [0, 0], "sel": [0, 1], "conds": [[8, 0, 10], [8, 0, 2]], "cond_conn_op": 1}}
{"question": "那个17年PE高于10，PB大于2的都是哪些股，代码咋写啊", "table": "6e616aa834ce11e9a75a542696d6e445"}
{"sql_right": {"agg": [0, 0], "cond_conn_op": 1, "sel": [0, 1], "conds": [[5, 0, "10"], [8, 0, "2"]]}}
{"sql_pred": {"agg": [0, 0], "sel": [0, 1], "conds": [[8, 0, 2], [8, 0, 10]], "cond_conn_op": 1}}
{"question": "你好，方便跟我说一下哪些股它的总市值在20亿以上，还有PETTM也超过10的吗", "table": "4d26e6303aaa11e9932df40f24344a08"}
{"sql_right": {"agg": [0], "cond_conn_op": 1, "sel": [1], "conds": [[2, 0, "20"], [3, 0, "10"]]}}
{"sql_pred": {"agg": [0], "sel": [1], "conds": [[2, 0, 20], [4, 0, 10]], "cond_conn_op": 1}}
{"question": "哪些书估价超过50元的，这些书都是什么类的书", "table": "a80607c73b0611e9a7e6f40f24344a08"}
{"sql_right": {"agg": [0, 0], "cond_conn_op": 0, "sel": [3, 4], "conds": [[11, 0, "50"]]}}
{"sql_pred": {"agg": [0, 0], "sel": [3, 4], "conds": [[10, 0, 50]], "cond_conn_op": 0}}
{"question": "我想知道什么类的书估定价超过50元，这些书的书名给我一下", "table": "a80607c73b0611e9a7e6f40f24344a08"}
{"sql_right": {"agg": [0, 0], "cond_conn_op": 0, "sel": [3, 4], "conds": [[11, 0, "50"]]}}
{"sql_pred": {"agg": [0, 0], "sel": [3, 4], "conds": [[10, 0, 50]], "cond_conn_op": 0}}
{"question": "你知道什么类型的书估计售价超过50元的吗，这些书的书名能不能帮我查一下", "table": "a80607c73b0611e9a7e6f40f24344a08"}
{"sql_right": {"agg": [0, 0], "cond_conn_op": 0, "sel": [3, 4], "conds": [[11, 0, "50"]]}}
{"sql_pred": {"agg": [0], "sel": [3], "conds": [[10, 0, 50]], "cond_conn_op": 0}}
{"question": "哪些专业的学分大于2分而且理论学时超过32以及计划学期大于5的", "table": "a812e5873b0611e98060f40f24344a08"}
{"sql_right": {"agg": [0], "cond_conn_op": 1, "sel": [2], "conds": [[4, 0, "2"], [5, 0, "32"], [6, 0, "5"]]}}
{"sql_pred": {"agg": [0], "sel": [2], "conds": [[4, 0, 2], [5, 0, 32], [5, 0, 5]], "cond_conn_op": 1}}
{"question": "诶那个中央办公厅目前有几个岗是要求专业考试的呀", "table": "f1d81b14453d11e980ebf40f24344a08"}
{"sql_right": {"agg": [4], "cond_conn_op": 1, "sel": [2], "conds": [[12, 2, "是"], [0, 2, "中央办公厅"]]}}
{"sql_pred": {"agg": [4], "sel": [2], "conds": [[0, 2, "中央办公厅"], [7, 2, "工业与民用建设"]], "cond_conn_op": 1}}
{"question": "哪些路的长度是比5000米长的？", "table": "aa2487003b0611e99beff40f24344a08"}
{"sql_right": {"agg": [0], "cond_conn_op": 0, "sel": [1], "conds": [[7, 0, "5000"]]}}
{"sql_pred": {"agg": [0], "sel": [1], "conds": [[6, 0, 5000]], "cond_conn_op": 0}}
{"question": "平峰期发车间隔不高于10分钟且高峰期发车间隔低于5分钟的有哪些公交线路呢", "table": "aa2d04213b0611e9b9f2f40f24344a08"}
{"sql_right": {"agg": [0], "cond_conn_op": 1, "sel": [2], "conds": [[8, 2, "不高于10分钟"], [7, 2, "低于5分钟"]]}}
{"sql_pred": {"agg": [0], "sel": [2], "conds": [[8, 1, 5], [11, 1, 10]], "cond_conn_op": 1}}
{"question": "帮我找找有哪些路线的公交平峰期不超过10分钟一趟还有高峰期低于5分钟一趟的", "table": "aa2d04213b0611e9b9f2f40f24344a08"}
{"sql_right": {"agg": [0], "cond_conn_op": 1, "sel": [2], "conds": [[8, 2, "不高于10分钟"], [7, 2, "低于5分钟"]]}}
{"sql_pred": {"agg": [0], "sel": [2], "conds": [[8, 1, 5], [9, 1, 10]], "cond_conn_op": 1}}
{"question": "开盘价小于2000或者收盘价小于2000的涨跌幅是多少", "table": "a991b95c3b0611e9911cf40f24344a08"}
{"sql_right": {"agg": [0], "cond_conn_op": 2, "sel": [11], "conds": [[6, 1, "2000"], [9, 1, "2000"]]}}
{"sql_pred": {"agg": [], "sel": [], "conds": [[2, 1, 2000], [5, 1, 2000]], "cond_conn_op": 2}}
{"question": "已知开盘价小于2000或者收盘价小于2000，那么涨跌幅是多少", "table": "a991b95c3b0611e9911cf40f24344a08"}
{"sql_right": {"agg": [0], "cond_conn_op": 2, "sel": [11], "conds": [[6, 1, "2000"], [9, 1, "2000"]]}}
{"sql_pred": {"agg": [0], "sel": [11], "conds": [[3, 1, 2000], [2, 1, 2000]], "cond_conn_op": 2}}
{"question": "你知道开盘价小于2000或者收盘价小于2000的涨跌幅吗", "table": "a991b95c3b0611e9911cf40f24344a08"}
{"sql_right": {"agg": [0], "cond_conn_op": 2, "sel": [11], "conds": [[6, 1, "2000"], [9, 1, "2000"]]}}
{"sql_pred": {"agg": [3], "sel": [11], "conds": [[8, 1, 2000], [2, 1, 2000]], "cond_conn_op": 2}}
{"question": "请问都有哪些公司是入围实力20强的呢，分别奖励多少呀", "table": "f1250147453d11e9895cf40f24344a08"}
{"sql_right": {"agg": [0, 0], "cond_conn_op": 0, "sel": [1, 4], "conds": [[3, 2, "实力20强"]]}}
{"sql_pred": {"agg": [0, 0], "sel": [1, 4], "conds": [[0, 2, "20.0"]], "cond_conn_op": 0}}
{"question": "页码为369页或者大家都可以阅读的书是什么", "table": "a8fac7fd3b0611e99cdcf40f24344a08"}
{"sql_right": {"agg": [0], "cond_conn_op": 2, "sel": [3], "conds": [[11, 2, "本书适用于大众读者"], [8, 2, "369页"]]}}
{"sql_pred": {"agg": [0], "sel": [3], "conds": [[6, 2, "苏州大学出版社"], [8, 2, "369页"]], "cond_conn_op": 2}}
{"question": "管理学院招这个教师对专业有什么要求", "table": "aacb31543b0611e996c7f40f24344a08"}
{"sql_right": {"agg": [0], "cond_conn_op": 1, "sel": [4], "conds": [[2, 2, "管理学院"], [3, 2, "教师"]]}}
{"sql_pred": {"agg": [0], "sel": [4], "conds": [[1, 2, "管理学院"], [3, 2, "教师"]], "cond_conn_op": 1}}
{"question": "我想问一下啊就是管理院教师这个岗位招的是什么专业的", "table": "aacb31543b0611e996c7f40f24344a08"}
{"sql_right": {"agg": [0], "cond_conn_op": 1, "sel": [4], "conds": [[2, 2, "管理学院"], [3, 2, "教师"]]}}
{"sql_pred": {"agg": [0], "sel": [4], "conds": [[1, 2, "管理学院"], [3, 2, "教师"]], "cond_conn_op": 1}}
{"question": "在2016年开工，2017年就完工的项目有几个", "table": "f59e7561453d11e9acf9f40f24344a08"}
{"sql_right": {"agg": [4], "cond_conn_op": 1, "sel": [0], "conds": [[2, 2, "2016"], [3, 2, "2017"]]}}
{"sql_pred": {"agg": [4], "sel": [0], "conds": [[2, 2, "2016.0"], [2, 2, "2017.0"]], "cond_conn_op": 1}}
{"question": "有哪些书估定价超过50元，这些书的作者是谁你知道吗", "table": "a81232f03b0611e99f09f40f24344a08"}
{"sql_right": {"agg": [0, 0], "cond_conn_op": 0, "sel": [5, 3], "conds": [[9, 0, "50"]]}}
{"sql_pred": {"agg": [0, 0], "sel": [3, 5], "conds": [[10, 0, 50]], "cond_conn_op": 0}}
{"question": "诶你说谁写的什么书估计能卖50元以上的呀", "table": "a81232f03b0611e99f09f40f24344a08"}
{"sql_right": {"agg": [0, 0], "cond_conn_op": 0, "sel": [5, 3], "conds": [[9, 0, "50"]]}}
{"sql_pred": {"agg": [0, 0], "sel": [3, 5], "conds": [[10, 0, 50]], "cond_conn_op": 0}}
{"question": "我想知道估计能卖超过50元的是什么书来着，这些书的作者叫啥名呀", "table": "a81232f03b0611e99f09f40f24344a08"}
{"sql_right": {"agg": [0, 0], "cond_conn_op": 0, "sel": [5, 3], "conds": [[9, 0, "50"]]}}
{"sql_pred": {"agg": [0, 0], "sel": [3, 5], "conds": [[10, 0, 50]], "cond_conn_op": 0}}
{"question": "哈克·费恩历险记这部剧是CGTN引进的，请问一共有多少集", "table": "aa6e7e6e3b0611e993fbf40f24344a08"}
{"sql_right": {"agg": [0], "cond_conn_op": 1, "sel": [4], "conds": [[2, 2, "中国国际电视总公司"], [1, 2, "哈克·费恩历险记"]]}}
{"sql_pred": {"agg": [0], "sel": [4], "conds": [[1, 2, "哈克·费恩历险记"], [3, 2, "电视剧"]], "cond_conn_op": 1}}
{"question": "我想知道你们科研岗位1，2一起的话要招几个人啊", "table": "aa9713193b0611e9bf8ff40f24344a08"}
{"sql_right": {"agg": [5], "cond_conn_op": 2, "sel": [3], "conds": [[1, 2, "科研岗位01"], [1, 2, "科研岗位02"]]}}
{"sql_pred": {"agg": [5], "sel": [3], "conds": [[1, 2, "科研岗位12"], [0, 2, "2.0"]], "cond_conn_op": 1}}
{"question": "这个川香麻辣味黄氏薯片每袋400个，这是什么公司的产品啊", "table": "aa1283783b0611e9b5c6f40f24344a08"}
{"sql_right": {"agg": [0], "cond_conn_op": 1, "sel": [2], "conds": [[7, 2, "400g/袋"], [6, 2, "黄氏薯片（川香麻辣味）"]]}}
{"sql_pred": {"agg": [0], "sel": [2], "conds": [[6, 2, "黄氏薯片（川香麻辣味）"], [1, 2, "4.0"]], "cond_conn_op": 1}}
{"question": "哪些入驻部门的事项数量低于5或者人员小于10", "table": "ab1c50ab3b0611e9bc5df40f24344a08"}
{"sql_right": {"agg": [0], "cond_conn_op": 2, "sel": [1], "conds": [[4, 1, "5"], [2, 1, "10"]]}}
{"sql_pred": {"agg": [0], "sel": [1], "conds": [[3, 1, 5], [2, 1, 10]], "cond_conn_op": 2}}
{"question": "每片80毫克的阿利沙坦酯多少钱啊", "table": "a7e258473b0611e98979f40f24344a08"}
{"sql_right": {"agg": [0], "cond_conn_op": 1, "sel": [5], "conds": [[4, 2, "80mg"], [2, 2, "阿利沙坦酯"]]}}
{"sql_pred": {"agg": [0], "sel": [5], "conds": [[5, 2, "5780元"], [2, 2, "阿利沙坦酯"]], "cond_conn_op": 1}}
{"question": "B022/20-2的书名叫什么", "table": "ef6ae6b8453d11e999adf40f24344a08"}
{"sql_right": {"agg": [0], "cond_conn_op": 0, "sel": [1], "conds": [[0, 2, "B022/20-2"]]}}
{"sql_pred": {"agg": [0], "sel": [1], "conds": [[4, 2, "B022/20-2"]], "cond_conn_op": 0}}
{"question": "想要知道的是B022/20-2的书名", "table": "ef6ae6b8453d11e999adf40f24344a08"}
{"sql_right": {"agg": [0], "cond_conn_op": 0, "sel": [1], "conds": [[0, 2, "B022/20-2"]]}}
{"sql_pred": {"agg": [0], "sel": [1], "conds": [[4, 2, "B022/20-2"]], "cond_conn_op": 0}}
{"question": "有多少个企业的生产线不止一条或者站点在龙岗区龙港镇龙西村", "table": "ab8abc683b0611e99d0af40f24344a08"}
{"sql_right": {"agg": [4], "cond_conn_op": 2, "sel": [1], "conds": [[6, 0, "1"], [2, 2, "龙岗区龙港镇龙西村"]]}}
{"sql_pred": {"agg": [4], "sel": [1], "conds": [[2, 2, "龙岗区同乐社区浪背村工业区一路2号"], [2, 2, "龙岗区龙港镇龙西村"]], "cond_conn_op": 2}}
{"question": "站点位于龙岗区龙港镇龙西村或者生产线超过1条的公司一共有几个啊", "table": "ab8abc683b0611e99d0af40f24344a08"}
{"sql_right": {"agg": [4], "cond_conn_op": 2, "sel": [1], "conds": [[6, 0, "1"], [2, 2, "龙岗区龙港镇龙西村"]]}}
{"sql_pred": {"agg": [4], "sel": [1], "conds": [[7, 0, "1"], [2, 2, "龙岗区龙港镇龙西村"]], "cond_conn_op": 2}}
{"question": "我就想知道生产线超过1条或者站点位置在龙岗区龙港镇龙西村的企业名称，你告诉我一共有几个", "table": "ab8abc683b0611e99d0af40f24344a08"}
{"sql_right": {"agg": [4], "cond_conn_op": 2, "sel": [1], "conds": [[6, 0, "1"], [2, 2, "龙岗区龙港镇龙西村"]]}}
{"sql_pred": {"agg": [4], "sel": [1], "conds": [[7, 0, "1"], [2, 2, "龙岗区龙港镇龙西村"]], "cond_conn_op": 2}}
{"question": "有多少个场馆的座位超过了5000个或者收入超过了500万", "table": "ab6265403b0611e9b937f40f24344a08"}
{"sql_right": {"agg": [4], "cond_conn_op": 2, "sel": [5], "conds": [[6, 0, "5000"], [7, 0, "500"]]}}
{"sql_pred": {"agg": [4], "sel": [5], "conds": [[6, 0, 5000], [6, 0, 5000000]], "cond_conn_op": 2}}
{"question": "属于材料学院且价值35万的设备是哪个？", "table": "aaa3428c3b0611e98081f40f24344a08"}
{"sql_right": {"agg": [0], "cond_conn_op": 1, "sel": [2], "conds": [[10, 2, "材料学院"], [4, 2, "350000"]]}}
{"sql_pred": {"agg": [0], "sel": [2], "conds": [[0, 2, "35.0"], [10, 2, "材料学院"]], "cond_conn_op": 1}}
{"question": "所有材料学院的设备中，哪些价值是35万？", "table": "aaa3428c3b0611e98081f40f24344a08"}
{"sql_right": {"agg": [0], "cond_conn_op": 1, "sel": [2], "conds": [[10, 2, "材料学院"], [4, 2, "350000"]]}}
{"sql_pred": {"agg": [0], "sel": [2], "conds": [[0, 2, "35.0"], [10, 2, "材料学院"]], "cond_conn_op": 1}}
{"question": "请问什么35万的设备的使用单位是材料学院？", "table": "aaa3428c3b0611e98081f40f24344a08"}
{"sql_right": {"agg": [0], "cond_conn_op": 1, "sel": [2], "conds": [[10, 2, "材料学院"], [4, 2, "350000"]]}}
{"sql_pred": {"agg": [0], "sel": [2], "conds": [[0, 2, "35.0"], [10, 2, "材料学院"]], "cond_conn_op": 1}}
{"question": "预计在2016年1月1号到12月31号执行的项目门户网站内容更新保障和专题专栏建设服务的实施单位是哪一个", "table": "f25db4ee453d11e988a4f40f24344a08"}
{"sql_right": {"agg": [0], "cond_conn_op": 1, "sel": [1], "conds": [[5, 2, "2016.01.01-2016.12.31"], [2, 2, "门户网站内容更新保障和专题专栏建设服务"]]}}
{"sql_pred": {"agg": [0], "sel": [1], "conds": [[2, 2, "2016年道路设施养护管理"], [2, 2, "门户网站内容更新保障和专题专栏建设服务"]], "cond_conn_op": 2}}
{"question": "门户网站内容的更新保障和专题专栏的建设服务这个项目预计在2016年1月1号到12月31号这段期间执行，那么由哪个单位来实行呢", "table": "f25db4ee453d11e988a4f40f24344a08"}
{"sql_right": {"agg": [0], "cond_conn_op": 1, "sel": [1], "conds": [[5, 2, "2016.01.01-2016.12.31"], [2, 2, "门户网站内容更新保障和专题专栏建设服务"]]}}
{"sql_pred": {"agg": [0], "sel": [1], "conds": [[2, 2, "2016年道路设施养护管理"], [2, 2, "门户网站内容更新保障和专题专栏建设服务"]], "cond_conn_op": 2}}
{"question": "什么单位实施的项目是门户网站内容更新保障和专题专栏建设服务并且预计在2016年1月1号到12月31号执行", "table": "f25db4ee453d11e988a4f40f24344a08"}
{"sql_right": {"agg": [0], "cond_conn_op": 1, "sel": [1], "conds": [[5, 2, "2016.01.01-2016.12.31"], [2, 2, "门户网站内容更新保障和专题专栏建设服务"]]}}
{"sql_pred": {"agg": [0], "sel": [1], "conds": [[2, 2, "2016年道路设施养护管理"], [2, 2, "门户网站内容更新保障和专题专栏建设服务"]], "cond_conn_op": 1}}
{"question": "你好，你知道目前被抽检的产品中有哪些是达标的吗，还有这些达标的产品都是什么公司生产的你知道吗", "table": "ab4d149e3b0611e98a58f40f24344a08"}
{"sql_right": {"agg": [0, 0], "cond_conn_op": 0, "sel": [2, 1], "conds": [[4, 2, "合格"]]}}
{"sql_pred": {"agg": [0, 0], "sel": [1, 2], "conds": [[1, 2, "防城港市港口区兴达水泥制品有限公司"]], "cond_conn_op": 0}}
{"question": "这种宁昊长香米每袋有10千克，请问是什么公司生产的", "table": "a93817943b0611e9ae3ef40f24344a08"}
{"sql_right": {"agg": [0], "cond_conn_op": 1, "sel": [2], "conds": [[7, 2, "10kg/袋"], [6, 2, "宁昊长香米"]]}}
{"sql_pred": {"agg": [0], "sel": [2], "conds": [[1, 2, "10.0"], [6, 2, "宁昊长香米"]], "cond_conn_op": 1}}
{"question": "哪个公司生产的宁昊长香米一袋有10千克", "table": "a93817943b0611e9ae3ef40f24344a08"}
{"sql_right": {"agg": [0], "cond_conn_op": 1, "sel": [2], "conds": [[7, 2, "10kg/袋"], [6, 2, "宁昊长香米"]]}}
{"sql_pred": {"agg": [0], "sel": [2], "conds": [[1, 2, "10.0"], [6, 2, "宁昊长香米"]], "cond_conn_op": 1}}
{"question": "法学院中立项经费为12的项目有哪些？", "table": "ef184cab453d11e9b0a5f40f24344a08"}
{"sql_right": {"agg": [0], "cond_conn_op": 1, "sel": [1], "conds": [[9, 2, "12"], [5, 2, "法学院"]]}}
{"sql_pred": {"agg": [0], "sel": [1], "conds": [[11, 2, "12.0"], [5, 2, "法学院"]], "cond_conn_op": 1}}
{"question": "法学院的项目中，立项的经费就需要12的有哪几个？", "table": "ef184cab453d11e9b0a5f40f24344a08"}
{"sql_right": {"agg": [0], "cond_conn_op": 1, "sel": [1], "conds": [[9, 2, "12"], [5, 2, "法学院"]]}}
{"sql_pred": {"agg": [0], "sel": [1], "conds": [[0, 2, "12.0"], [5, 2, "法学院"]], "cond_conn_op": 1}}
{"question": "平装书中估定价比35贵的书有哪些？", "table": "aa2e9e213b0611e9ba5bf40f24344a08"}
{"sql_right": {"agg": [0], "cond_conn_op": 1, "sel": [2], "conds": [[7, 2, "平装"], [9, 0, "35"]]}}
{"sql_pred": {"agg": [0], "sel": [2], "conds": [[7, 2, "平装"], [8, 0, 35]], "cond_conn_op": 1}}
{"question": "初一的欢乐寒假定价是多少啊？", "table": "abac4db03b0611e99a64f40f24344a08"}
{"sql_right": {"agg": [0], "cond_conn_op": 1, "sel": [5], "conds": [[0, 2, "七年级"], [3, 2, "欢乐寒假"]]}}
{"sql_pred": {"agg": [0], "sel": [5], "conds": [[3, 2, "初中升学考试复习方略"], [3, 2, "欢乐寒假"]], "cond_conn_op": 1}}
{"question": "买一本初一的欢乐寒假要花多少钱？", "table": "abac4db03b0611e99a64f40f24344a08"}
{"sql_right": {"agg": [0], "cond_conn_op": 1, "sel": [5], "conds": [[0, 2, "七年级"], [3, 2, "欢乐寒假"]]}}
{"sql_pred": {"agg": [0], "sel": [5], "conds": [[3, 2, "初中升学考试复习方略"], [3, 2, "欢乐寒假"]], "cond_conn_op": 1}}
{"question": "估定价格高于50块或者国际标准书号为978-7-111-58427-8的书有哪些", "table": "aa4fbab03b0611e999fef40f24344a08"}
{"sql_right": {"agg": [0], "cond_conn_op": 2, "sel": [3], "conds": [[9, 0, "50"], [10, 2, "978-7-111-58427-8"]]}}
{"sql_pred": {"agg": [0], "sel": [3], "conds": [[10, 0, 50], [10, 2, "978-7-111-58427-8"]], "cond_conn_op": 2}}
{"question": "哪些书的估价是超过50块的或者国际标准书号是978-7-111-58427-8", "table": "aa4fbab03b0611e999fef40f24344a08"}
{"sql_right": {"agg": [0], "cond_conn_op": 2, "sel": [3], "conds": [[9, 0, "50"], [10, 2, "978-7-111-58427-8"]]}}
{"sql_pred": {"agg": [0], "sel": [3], "conds": [[10, 0, 50], [10, 2, "978-7-111-58427-8"]], "cond_conn_op": 2}}
