Q3业务量大于10万亿件并且Q3份额大于10的快递公司总共有多少？
哪些城市的房地产前一周成交低于了2000或者拟周成交小于2000
收盘价大于2块而且EPS2011大于0.2的证券是哪个
请问苏州在2012年4月开盘数量超过了100套，已签约的也在100套以上的都是哪些楼盘？
四类车大于10000并且五类车大于10000的高速有哪些？
PE2018E大于10并且PE2019E大于10并且股价大于3的公司总共有多少？
帮我计算总共有多少条高速公路40座以上大于5%并且10-15吨货车大于5%并且15吨以上货车大于2%的？
2017Q1大于50并且2017Q2大于50的电容公司总共有多少？
股价大于20块和涨幅大于20的公司是哪个
资助金额超过10万元其中市财政超过10万元的养老机构有哪些呢？
哪些城市的成交面积同比11年大于10%或者成交面积同比10年大于0
2011市盈率大于10%并且2012E市盈率大于10%的总市值平均是多少？
请问BOSS，2018Q1大于100并且2018Q2大于100并且2018Q3大于100的电容行业公司一共有多少个?
有哪些城市在2010成交大于2000亿元并且2011年成交大于2000或者2011同期大于500的？
12E市盈率大于30或者11A市盈率大于30的证券10A每股收益是多少
有哪些河南冶金精煤产地价格本期大于1200元并且上周大于1200元的？
请问一下哪个证券代码的周涨跌幅大于7%而且周换手率大于7%的
请问有哪些城市10月末去化周期环比大于3或者9月末去化周期环比大于3的？
请问首都机场2015年毛利率大于20%并且2014年毛利率大于20%并且2013年毛利率大于20%的项目总共有多少个？
请问一下哪条公路的持股比例超过15而且里程数超过15公里
在这份表中，有哪些市场分区2015TI收入占比达到15%以上且2016TI收入占比达到15%以上的？
你好，请告诉我在本期全部土地流拍率超过1而且上期不足1的城市，谢谢。
传媒行业近三年定增倒挂个股增发价格大于10块而且定增价除权后至今价格也大于10块，那么它的最新收盘价最大值是多少
一共有多少个市盈率2017A大于10%且市盈率2018E也大于10%的公司？
请问一下3Q2017大于1并且3Q2018大于1的区域总共有多少？
请问一下EPS2017低于0.4并且PE2017低于4的公司是哪个
有哪些公司2016A市盈率大于30并且2017E市盈率大于30%的？
请你帮我查查有多少个快递公司净利润高于20亿元并且扣非净利润高于20亿元的？
当最新收盘价高到哪个值时增发价格大于10块以及定增价除权后至今价格也大于10块
营业收入多少可使财务归母净利润大于10%或者归母净利润同比大于10%
总共有多少个城市在2011同期大于5000并且2012至今大于5000的？
麻烦找一下有哪些快递公司的在建工程增速在2016年超过5%且2017年也超过5%的？
10年H1成交大于10并且10年H2成交大于10的城市总共有多少？
调整前月供大于7000块或者调整后小于7000块的首付成数是多少
收视率大于0.2%并且市场份额大于2%的频道有哪些？
本周收盘价大于5，并且一周涨跌幅也大于5%的股票一共有多少？
17年市盈率大于20%或18年预计市盈率超过20%的股票股价最多是多少钱？
2014年PCB投资超过20亿元并且2015年PCB投资超过20亿元并且2016年PCB投资超过20亿元的复合年均增长率平均是多少？
你有了解过2019年春节假期前六天平均票价大于30块或者2018年春节假期前六天大于30块的同比增长吗
有多少家燃料电池公司的周涨跌幅小于5%或月涨跌幅小于5%的？
我想了解，2018Q3净利润同比增速大于10%并且2017Y净利润同比增速大于10%的证券最大收益是多少？
总共有多少国内PCB上市公司2014年毛利率大于20%并且2015年毛利率大于20%并且2016年大于20%并且2017年大于20%的？
2012E市盈率大于14而且2013E市盈率也大于14的证券代码是什么
第一批兑换量高于10000枚并且第二批兑换量也在10000枚以上的网点有哪些
这期超过10万平的有哪些城市啊，或者是11年同期的超过10万平的呢
总共有多少个股价大于20元并且市值大于20亿元的公司？
麻烦跟你咨询一下2016A市盈率高于30%以上，还有2017E市盈率高于30%以上的最新每股净资产最大是多少啊？
本期大于500并且上周大于500的指标项目有哪些？
10每股收益大于0.5且11每股收益大于0.5的证券公司有哪些？
想要了解一下倒挂率大于20%最新收盘价超过20块的证券代码
请问一下，2011年周均成交大于10并且2012年周均成交大于10的主要城市同比平均是多少？
可以找找2012年1月成交量环比大于1的城市在当年2、3月份时候的成交量环比是多少吗
周前收盘价小于1港元而且周收盘也小于1港元的港股最大周涨跌幅为多少
一共有多少2018Q3营收同比增速大于5%并且2017Y营收同比增速大于5%的证券？
楼市成交的环比低于30%或者同比小于30%的城市有吗，有的话，都是哪些嘞
请问一下2017E每股收益2016A高于0.5元以上和2016A每股收益也高于0.5元的有哪些公司啊？
总共有多少城市在10年H1成交大于10并且10年H2成交大于10的？
总共有多少三线城市房地产区域年初至今累计大于10并且累计同比大于10的？
这一周涨跌幅大于19%而且这个月涨跌幅也大于19%的股票叫啥啊
2011同期土地成交金额大于50亿或者2012年至今大于50亿的土地成交累计同比最大值是多少
想了解内房股最新市值高于10亿港币而且最新股价大于10的都是哪些证券？
请问有哪些重点城市同比超过30或者最近4星期的周均成交的环比超过30的？
请问一下上周内蒙动力煤大于300并且上月大于300并且上年大于300的指标有哪些？
你好请问有哪些公司2017每股盈余高于0.1并且2018每股的盈余也高于0.1的？
2016A市盈率大于10%而且2017E市盈率也大于10%的最新每股净资产最大值为多少
请问一下11年H2大于500并且11年H1大于500的城市一共有多少？
2018年前三季度的大秦铁路、广深铁路、铁龙物流哪些的营业收入同比增速低于40%或者营业成本同比增速低于40%
ROE17高于20并且ROE18E高于20的美国航空股票一共有多少？
4月成交面积超过40万平而且成交面积同比超过40的城市是哪个
在本周一手房交易中达到10万平以上，同时在上周也高于10万平的三线城市都有哪些？
2016年上市航司飞机座位数量大于50000并且2017年大于50000的航空公司有哪些？
净利润增速上限大于10%并且净利润增速下限大于10%的证券有哪些？
2012年1-5月成交面积大于100并且2011年1-5月成交面积大于100的城市有哪些？
我想咨询一下在机械行业股价在10元以上同时市值还超过10亿元的公司都有哪些？
有哪些铁路公司PB大于0.5并且ROE大于0.5的？
麻烦问一下有哪些证券公司2011每股收益大于0.5且2012每股收益大于0.5且2013每股收益大于0.5的？
有哪些城市2010成交面积是大于10并且在2011年成交面积也是大于10的?
2011年市盈率大于10%，并且2012年市盈率预计也大于10%的那些公司的市净率均值是多少呀？
销售套数环比大于5并且销售面积环比大于5的重点城市有哪些？
哪个一线城市2010供应面积大于1500而且2011供应面积也大于1500
请问一下，2010年成交金额大于200并且2011年成交金额大于200的成交金额累计同比平均是多少？
拟周成交大于1500并且前一周成交大于1500的重点城市有哪些？
成交面积同比11年大于1并且成交面积同比10年大于1的城市总共有哪些？
我想要1个具体的时间就是什么时候北京的周均同比会超过5，而且上海的周均同比也会超过1呢
你看这份数据表中，总共有多少个EPS2017A大于0.5并且EPS2018E大于0.5或者收盘价大于10的航空股票？
请问有哪些房地产公司在4月27日收盘价超过10并且月涨幅低于10%的？
股价超过20块或者市值大于20亿的股票评级是什么
请问有没有哪个公司的股票价格超过了21块钱的而且它的NAV超过21
11年H2大于500并且11年H1大于500的城市一共有多少？
股价大于4块钱而且EPS2018E大于0.1，EPS2019E也大于0.1的公司是哪个
我想知道在同比超过10的城市当中，什么城市在本周均成交的面积高于10万平
上周成交量同比大于6而且前周成交量也大于6的城市是哪个
有哪些证券净利润增速上限大于50%并且净利润增速下限大于50%的？
华东地区在11年超过了20，同时在12年也超过20的省份有哪个呢？
你可以帮我算一下那些11年每股收益超过0.3，还估计12年的每股收益也超过0.3的公司它们的股价均值吗
请你整理一下去年同期28日均成交超过300或者近7日日均成交超过300套的重点城市有哪些？
问一下2011同期土地成交金额大于50亿或者2012年至今大于50亿的土地成交累计同比，最大可以大到多少
营业成本同比增速低于40%的是大秦铁路、广深铁路、铁龙物流中的哪一个或者营业收入同比增速低于40%的是哪一个
我想知道收盘价高于10元同时总市值超过10亿的都是哪些证券？
你帮我数数那个2019年第2周全国电影票房TOP10中有多少部影片是场均人次超过10人，而且啊票房占比还超过10%的呀
运输成本拆分与测算2014年大于1或者2015年大于1的快递公司有哪些
哪些公司的绝对值2017年低于了10000或者是在2016年低于10000的
深高速三类车车流量小于100000或者五类车流量小于100000的总计流量是多少
麻烦问问，总共有多少个城市土地供应在2012到现在超200并且2011同期超200？
请问你知道有哪些城市2009年低点大于4并且2010年低点大于4而且2011年低点大于5的吗？
请问三线有哪几个城市本周同比大于10并且累计同比也是大于10的？
这周成交大于22而且周均成交同比大于22的城市是哪个
你知道现在有哪些改造项目它的占地面积大于10000同时计划投资金额也是高于10000的？
EPS2010大于0.5，EPS2011大于0.5，EPS2012大于0.5并且EPS2013也大于0.5的地产公司总共有多少个？
股价在5块钱以上并且最新每股净资产也在5块钱以上的公司代码是什么
你知道这周股价大于10或者下跌幅度低于10%的都是哪些股票啊？
11EPE大于14而且12EPE也大于14的证券简称是什么
调整后月供大于10000或者调整前大于10000，那首付成数多少
秦皇岛港动力煤价格小幅上涨上周超过600或者本期超过600的有哪些指标
不好意思，请问一下2018Q3营收同比增速大于5%并且2017Y营收同比增速大于5%的证券总共有多少？
11EPS大于0.5并且12EPS大于0.5的公司共有几个
请问河南冶金精煤产地价格本期大于1200元并且上周大于1200元的有哪些？
公里数达到了300千米以上，并且投资总额也在300亿元以上的话，那么这高铁线路的设计时速是多少千米每小时啊
定增价除权后至今价格大于10而且增发价格也大于10的最大倒挂率是多少
2017Q1大于10或者2017Q2大于10的收益率有哪些？
麻烦问问，在2011市盈率大于10%并且2012E市盈率大于10%的总市值平均是多少？
12EPS小于7或者PB小于7的公司都有哪些
请问二线的一手房成交环比在这周高于10而且同比也超过了10的城市有哪些呢？
请问一下，有多少重点上市公司的收盘价大于10并且目标价大于10的？
那些6月8股价大于8块或者总市值大于100亿的股票投资评级是什么
有哪些股票涨幅大于5或者收盘价大于5的呀？
2018E投资活动产生的现金流量大于50并且2019E大于50的指标有哪些？
收视率高于0.3%或者市场份额高于3%的综艺节目有多少个
请问一下有哪些在2016年投资活动产生的现金流量大于100并且2017也大于100的指标？
请问一下有哪些电容行业公司2016Q1大于50并且2016Q2大于50并且2016Q3大于50并且2016Q4大于50的？
你好查询一下公路的GDP增速，已知它的营业收入大于60万以及2017年分红比例超过60%
帅哥，2011年月均月成交价格低于16000的分布在哪些城市啊，还有四月月成交价格低于16000的分布在哪些城市
总共有多少家快递公司2018Q1大于1并且2018Q2大于2的？
请问一下，知道2018Q1大于2并且2018Q2大于3的公司总共有多少吗？
有哪些城市成交套数同比11年大于1并且成交套数同比10年大于1的？
你帮我看一下有哪些快递公司18年第三季度的份额超过10，业务量也超过10亿件的呀
请问有哪些改造的项目的占地面积超过10000并且计划投资金额也在10000以上的吗？
一共有多少国内PCB上市公司2017年毛利率大于20%并且2016年大于20%的？
17每股收益大于0.5并且18每股收益大于0.5的证券总共有哪些？
2012年1-5月成交面积大于800并且2011年1-5月成交面积大于800并且2010年1-5月成交面积大于800的城市有哪些？
你了解2019年引进宽体机超过10架或者窄体机推出大于10架的飞机净增长吗
内资PCB龙头企业2014大于10亿元并且2015年大于10亿元的公司有哪些？
有哪些城市近7日日均大于250并且前一日成交大于250的？
平均溢价率大于20%并且同比大于20的300城市土地出让是什么时候？
在哪些城市的2009年高点大于10并且2010年高点大于10而且2011年高点也大于10的？
hello，你能查到哪些企业产能占比达到10以上并且生产线有10条以上的吗？
请问有哪些城市2009年高点大于10并且2010年高点大于10而且2011年高点也大于10的？
哪些股票的本周涨跌幅低于10%或者本月涨跌幅小于10%
本月涨跌幅大于5而且本周涨跌幅也大于5的股票名称是什么
2019年1月14到1月20排名第1的频道是哪个
当电影的累计票房最高为多少万时它的场均人次小于10而且上映天数超过10天
2010年成交面积大于1000并且2011年成交面积大于1000的成交面积累计同比平均是多少？
有多少股的总市值超100亿的，还有流通市值也超100亿的
二线城市去化时间09年低点低于10以及10年低点也小于10的目前去化时间平均是多少
在股增发价格大于10块而且定增价除权后至今价格也大于10块的所有传媒行业近三年的定增倒挂个股中，最新收盘价可以高到多少
请问在地产板块中涨股收盘价高于5并且涨幅也大于5的涨股有哪些？
PE2011A大于10并且PE2012E大于10股票名称是什么
在传媒行业有哪些股票最新收盘价高于10，同时增发价格也是超过10的？
环比大于1并且同比大于1的重点城市一共有多少个？
你知道净利润上限大于10亿或者净利润下限大于10亿的证券吗
近7日日均成交超过400并且去年同期28日均成交超过400的同比最小是多少？
在一些房产上市公司中，5月31号收盘价格在10以上，而且月涨幅还超过10%的，证券代码你知道吗？
总共有哪些城市日成交环比大于10并且7日成交环比大于10并且7日成交同比大于10的？
快递总部的单票毛利水平-单件成本2014年小于10块以及2015年也小于10块是哪些公司
收盘价大于0.5并且周涨跌幅大于10并且月涨跌幅大于10的企业有哪些？
请问一下，快递公司Q3单票收入大于3元并且Q3同比增速大于0.5的有哪些？
全球LED显示屏制造公司里有谁在17年的营收超过30亿人民币并且同比增速高于30的？
净利润增速上限大于50%并且净利润增速下限大于50%的证券有哪些？
有哪些公司4月27日收盘价大于6或者5月31日收盘价大于6的？
3Q2017大于1并且3Q2018大于1的区域总共有多少？
有哪些航空公司2018E大于5并且2019E也大于5的？
请问，有哪些公司上周A股溢价率大于50%并且上上周A股溢价率大于50%的？
11EPS大于0.5并且12EPS大于0.5的股价平均是多少？
近7天平均每天成交多少才能满足近一周的成交环比小于0或者成交同比小于0
2012年市盈率超过10%或2013年市盈率超过10%的公司有哪些？
公路营业收入大于60万以及2017年分红比例超过60%，它的GDP增速可达到多少
请问11EPS大于0.5并且12EPS大于0.5的股价平均是多少？
这星期票房超过5000万以及累计票房也超过5000万的影片有哪些
业务量超过40亿件而且业务量同比小于40的公司是哪个
想问一下所有股票的市值在100以上同时在土地储备上超过100的公司都有哪些啊
在4月27日收盘价大于10同时月涨幅小于10%的房地产公司都有哪些？
请问在表中总共有多少个主要城市本周成交大于10并且本周成交环比小于10的？
请问一下较上周大于2并且较上月大于2的指标项目有哪些？
本周一线城市一手房成交大于15万平方米并且上周成交大于15万平方米或者去年同期大于15万平方米的城市有哪些？
上周A股溢价率大于30%并且上上周A股溢价率也大于30%的是哪个公司
香港哪个公司销售金额超过200亿销售面积超过200万平
请问有哪些降息对EPS的增厚2012大于0.005并且降息对EPS的增厚2013大于0.005的上市公司？
麻烦请告知最新市值高于10同时最新股价超过10的证券谢谢。
你知道在1月到5月之间房地产有哪些指标绝对量是超过100并且同比增长高于1%的？
你好，这一周成交环比大于0或者是平均每周成交同比大于0的城市其房屋售出时间环比多少你知道吗
请问有哪些城市全部土地流拍率在本期在1以上并且上期不高于1的？
这周商品房成交面积达到10万平米以上同时同比也大于10%的都有哪些城市？
销售面积环比大于10%并且销售面积较周均变化大于10%的城市有哪些？
哪些证券总市值超过100亿，或者是流通市值超过100亿的呀
总共有哪些线路投资总额大于300并且公里数大于300的？
请问平均溢价率大于20%并且同比大于20的300城市土地出让是什么时候？
哪些城市的一手房成交本周环比大于0或者本周同比小于0
麻烦请问一下总共有多少国内PCB上市公司2014年毛利率大于20%并且2015年毛利率大于20%并且2016年大于20%并且2017年大于20%的？
有没有销售面积超过200万平的香港公司在销售金额上还大于200亿
共有多少个公司净利润有20亿元以上而且扣非净利润有20亿元以上的？
请问三线城市中哪个城市的一手房成交本周同比低于4而且本周环比也低于4
目前二线城市可售面积超过1000万平或者在2011年底超过1000万平的城市有哪些
你好，我想咨询一下哪个楼盘5月份的均价在20000块一平以上或者月环比涨幅大于5%
能告诉我成交量上个星期大于50套或者是同比的增长超过50%的城市有哪几个吗？
请问一下哪个快递上市公司在2018年1月到10月的时候业务量低于24亿件或者业务量同比低于24的
请问一下2012年1月的时候成交量环比超过1的城市它在2012年3月份和2月份时候成交量环比变成了多少
总共有多少个电容行业公司2018Q2大于50并且2018Q3大于50的？
有哪些城市在6月周均成交面积超过1而且去年同期周均成交面积也高于1的？
2018年单量和份额达到多少可以使同年同比大于30%且市占率超过30%
你知道有哪些岗位估计招超过3个人的或者是报考超过3个人的吗？
请问一下，总共有多少城市在2011同期大于5000并且2012至今大于5000的？
环渤海湾城市楼市成交量同比增长大于0或者成交量环比增长大于0的上周成交量平均为多少
请问在2011年累计土地供应高于1000万平米并且2012年累计超过1000万平的重点城市的平均累计同比是多少？
请问市盈率2017A大于10并且市盈率2018E大于10的市值平均是多少钱？
请问2011供应面积大于5000并且2010供应面积大于5000的累计同比最小的是多少？
4月27号收盘价小于10并且5月31号收盘价小于10的有哪些涨幅前5的上市公司？
想要知道NAV超过21的公司哪个的股价在21块钱以上
麻烦问一下，共有多少个城市2011年成交大于1000或者2011同期大于1000的？
hello，麻烦帮我看看总共有多少个重点城市当月累计成交量大于20且累计同比大于20%的？
国有出版公司营业收入同比增速2014年小于0或者2016年小于0，那么2017年为多少
你知道有哪些公司它2012每股盈余高于1同时2013每股收益也在1以上的吗？
本周涨跌幅大于18%或者本月涨跌幅大于18%的是什么股
上市航司飞机客机数量在2016年大于100架并且在2017年也大于100架的有哪些公司？
请问有哪些地区跨省流动大于40并且省内流动大于40的？
PE17A大于10并且PE19E大于10的上市公司一共有几个？
那你知不知道2011年平均每日成交超过21的城市当中有哪个2011年平均每日成交同比也超过了21
目前影院数量大于50而且单银幕票房大于50万的院线是哪个
有哪些城市2012年1-5月成交面积大于100并且2011年1-5月成交面积大于100的？
你好，请告诉我6月周均成交面积在1以上同时去年同期周均成交面积也超过1的城市谢谢。
请问2010年每股的收益超过0.5或2011年每股的收益超过0.5的所有公司的折价率平均是多少？
有哪些公司2016A每股收益大于0.5元并且2017E每股收益2016A大于0.5元的？
一线城市2012-06-13房地产成交环比小于0或者同比小于0，日成交可以达到多少
本期土地成交超过1且上期土地成交超过1的重点城市有哪些？
有哪些城市成交面积累计同比大于10并且成交金额累计同比大于10的？
你好，你知道什么晚间综艺在1月11号那一天的收视率达到1%以上的吗？
可以查询上一星期的面积成交量高于15的城市吗，是哪个城市上一星期的成交面积超过15，他的环比的话是多少
一共有多少个主要城市本周成交大于10并且本周成交环比小于10的？
股价大于5块或者每股净资产大于5块的公司有几个
你好啊，你知道目前有哪些上市地产公司其销售面积超过100万平，销售额也在100亿以上的呀
请问总共有多少个快递公司2018Q1大于1并且2018Q2大于2的？
11年股票市盈率大于10倍，预计12年的市盈率也大于10倍的公司有哪些啊
请问一共有多少楼盘3月套数大于100并且4月套数大于100的？
3月套数大于100并且4月套数大于100并且价格环比大于6的楼盘有哪些？
有哪些证券净利润增速上限大于10%并且净利润增速下限大于10%的？
我现在知道公司前三季度的财务归母净利润大于10%或者归母净利润同比大于10%，这样你能不能帮我查到营业收入
哪些辅助业务项目的营收大于10亿美元或者占总收入比重大于10%
17每股盈余小于0.4而且18每股盈余也小于0.4的公司是哪个
请问一下2016A市盈率超过30%且2017E市盈率超过30%的最新每股净资产最大是多少呀？
在2018年上市航司的飞机客机数量超过100架的公司当中有哪个公司在2019年的时候也超过100架的？
成交面积累计同比大于10并且成交金额累计同比大于10的城市有哪些？
请问一下2011年保障房高于10且2012年高于10的省市总共有多少个呢？
hello，你知道有哪些燃料电池公司周涨跌幅大于2%并且月涨跌幅大于2%的吗？
股价大于21块钱而且NAV超过21的公司是哪个
有哪些公司2016A市盈率大于20%并且2017E市盈率大于20%的？
能给我说说现在都有什么股是周转率大于10%的呀，或者其涨跌幅小于10%的，我说的是这周哦
总共有多少个指标在山西喷吹煤上一周超过900并且上个月超过900的？
营收大于10亿美元或者占总收入比重大于10%的辅助业务项目是什么
本周可售量大于1000而且上周也大于1000的一线城市是哪个
请问一下啊那个2020年通车的高铁线路里，超过200公里的或者投资金额超过200亿元的线路有哪些
有哪些机场的起降航班同比18年夏秋大于1并且同比17年夏秋大于1的？
有哪些国内PCB上市公司综合毛利率2017年大于20%并且2016年大于20%并且2015年大于20%并且2014年大于20%的？
各城市上周成交面积大于4并且本周成交面积大于4的环比最大是多少？
2018Q1大于100并且2018Q2大于100并且2018Q3大于100的电容行业公司一共有多少个?
11AEPS小于17或10AEPS小于17的证券简称是什么
请问一下，一共有多少个日成交达到200以上且前一日成交也达到200以上的一线城市？
股票的股价超过10块钱，那市值可达到多少，本周涨幅前10的情况如何
帮我算算2010年成交金额大于200并且2011年成交金额大于200的成交金额累计同比平均是多少？
成交面积同比大于1并且成交面积环比大于1的城市有哪些？
那些日成交超过1，日成家环比也大于7的城市其近7日平均成交多少？
首付成数为多少可以使月供在调整后低于7000或者调整前大于7000
RPK同比大于5%并且PK累计同比大于5%的航空公司总共有多少？
2012至今土地供应大于200并且2011同期也大于200的城市共有多少？
我想知道就是啊有什么园区开发公司是股权比小于30的吗，或者是利润率低于30的呢
你好，请问大城市月成交量大于1000并且基准月成交量大于1000的平均同比增长是多少？
有哪些公司2012年的PE大于10%或2013年的PE大于10%的？
香港上市房地产公司中哪个PE小于6倍而且PB也小于6
3月套数大于100并且4月套数大于100的楼盘总共有多少？
房地产去年同期28日均成交大于300或者近7日日均成交大于300，那么日成交最小值为多少
平均票价多少的电影上映超过10天或者场均人次大于10
周涨跌幅大于0.5而且月的涨跌幅也大于0.5的代码是什么
请问你啊，就是本周跌幅前5中有几个是跌幅低于5，而且啊每股高于10的呀
传媒个股B收盘价小于10块而且B涨跌幅小于10%的有几支
上周成交达到10万平以上并且去年同期成交达到10万平以上的城市有哪些啊？
PE2018E大于10并且PE2019E大于10的股价平均是多少？
请问一下，总共有多少个城市09年低点大于300并且10年低点大于300并且11年低点大于300的？
请问你们这儿日成交超过200的或者前一日成交超过200的重点城市有哪些？
哪些股票的总资大于30亿或者净资产大于30亿
麻烦请跟我说一下在航运业里总收入达到1000万以上而且净利润高于1000万的公司谢谢
占率都超过30%而且同比也超过30%，那这样的话，2018年的单量和份额总的有多少
麻烦跟我说一下这一周涨跌幅在5%以上，而且收盘价格也超过5元的有几家公司？
请问一下日成交高于300并且前一日成交高于300的环比最大是多少？
2012-2合同销售额大于50亿或者2012-3合同销售额大于50亿或者2012-4合同销售额大于50亿的公司2012至今合同销售额的总和是多少
周收盘价小于5块而且周成交额低于5亿的股票总市值为多少
环比超过1.4而且同比也超过1.4的城市是哪个
请问一下LED行业前三季度有哪个公司证券代码的营业收入超过40而且营业收入同比增长率也超过40
请问一下周涨跌幅大于8%并且周换手率大于8%的总市值最少是多少钱？
有哪些城市09年高点大于500并且10年高点大于500并且11年高点大于500的？
你知道关于周收盘价小于5块钱一股以及周成交额低于5亿的股票总市值吗
2017静态座位数大于10并且2018静态座位数大于10的航空公司有哪些？
销售额绝对数大于10000并且销售面积绝对数大于10000的地区总共有多少个？
全球半导体设备公司三季度账单2017年大于2亿而且2018年也大于2亿的区域有哪些
有哪些快递公司2014年通达系运输成本拆分与测算高于1并且2015年高于1的？
请问一下17年每股盈余大于0.5并且18年每股盈余估值也大于0.5的有哪些公司？
请问一下拟周成交大于1000并且前一周成交大于1000的重点城市有哪些？
请问一下日成交大于1并且2011年日均成交大于1并且2012年日均成交大于1的城市有哪些？
2016A市盈率大于20%并且2017E市盈率大于20%的公司有哪些？
有哪些城市2012年1-5月成交面积大于800并且2011年1-5月成交面积大于800并且2010年1-5月成交面积大于800的？
请问一下PE18E大于10并且PE19E大于10并且PE20E大于10的证券总共有多少？
2011年每股收益大于1并且2012E每股收益也大于1的房地产股票总共有多少个？
EPS2011A大于0.2并且EPS2012E大于0.2并且EPS2013E大于0.2的上市公司有哪些？
麻烦咨询一下PE2018E大于10并且PE2019E大于10的股价平均是多少？
我想知道就是股价高于10，跌幅还小于5的在本周跌幅前5个股中占几个啊
最新股价超过10元的股票最新市值多少，以及本周涨幅前10为多少
诶诶，哪些股本周涨跌幅小于10%的呀，或者是换手率高于10%的呀
有哪些公司2011每股收益大于1并且2012E每股收益大于1的？
有哪些城市本周大于500并且上周大于500的？
你知道在上周成交超过100套，成交量的同比增长也大于100的是什么城市吗？
哪个电动汽车公司月涨跌幅大于0年涨跌幅反而小于0？
2016绝对值大于500并且2017绝对值大于500的航空公司总共有多少个？
收盘价大于200块或者周涨跌幅大于0或者月涨跌幅大于0的公司上市地点在哪儿
麻烦问问，总共有多少城市成交宗数大于1并且成交面积大于1万平方米并且楼面价大于500元/平方米的？
总共有多少公司在2018Q1大于2并且2018Q2大于3的？
hi，请问山西喷吹煤上星期大于900并且上个月大于900的指标共有多少个？
请问一下EPS2011A大于0.2并且EPS2012E大于0.2并且EPS2013E大于0.2的上市公司有哪些？
周前收盘价超过5美元而且周收盘也超过5美元的证券代码是什么
我可以通过8月份小于5%或者9月份小于5%来查询10月份的最新业务量数据同比增速吗
EPS18E大于0.22而且EPS19E大于0.22的高速公司是哪个
二线城市一手房本周成交小于20万平方米并且上周成交小于20万平方米的去年同期最大是多少？
你知道本周一手房成交面积都低于5万平，还有去年同期成交面积低于5万平的城市说的是哪些吗
有没有什么城市本周成交面积大于10或者上周成交面积大于10的
哪些卫视的收视率周六大于0.2并且周日也大于0.2
EPS2017A大于0.5并且EPS2018E大于0.5或者收盘价大于10的航空股票总共有多少个？
你知道营收大于10亿美元或者占总收入比重大于10%辅助业务项目名称吗
18年第三季度业务量大于10亿件的，份额也大于10的都是哪些快递公司啊
请问传媒行业里总的市值在20亿以上同时流通的市值也高于20亿的证券都有哪些？
贷款调整前低于8000的，调整后也小于8000，每月还款可减少多少
你好啊，我就是想知道一共多少家电影院线在2月4日到二月10日期间，他的那个电影票房总数超过4亿元
能帮我查查有哪些城市10月末去化周期环比大于3或者9月末去化周期环比大于3的吗？
当目前去化时间均值达到多少时二线城市去化时间在09年低点和10年低点都是不足10的
请问一下有哪些证券净利润上限大于1亿元并且啊净利润下限大于1亿元的？
麻烦问一下总共有几家上市公司在17年的时候市价盈利比率高于10同时19年预估的市盈率也超过10
股价大于20元并且市值大于20亿元的公司总共有多少？
麻烦请问一下，一共有多少国内PCB上市公司2017年毛利率大于20%并且2016年大于20%的？
麻烦问下2012至今大于300并且2011同期大于300的城市累计平均是多少？
有哪些证券净利润上限高于1亿元而且净利润下限高于1亿元的？
请问有哪一些证券净利润增速上限大于50%并且净利润增速下限大于50%的？
请问有哪些公司2016A每股收益大于0.5元并且2017E每股收益2016A大于0.5元的？
哪些城市的上周成交量超过1000套，而且2011年周平均成交量也大于1000套
麻烦查查周涨跌幅大于8%并且周换手率大于8%的总市值最少是多少钱？
查询一下PE18E大于10并且PE19E大于10并且PE20E大于10的股价平均是多少？
净利润上限高于1亿同时净利润下限小于1亿的证券都有哪些？
有哪些铁路营业收入同比增速大于30%以及营业成本同比增速大于30%的？
住宅土地供应本期环比大于0或者本期同比也大于0，那么累计同比均值是多少
本周涨幅大于10或者最新股价大于10的有哪些证券？
上星期成交量超过2000套且2011周平均成交量超过2000套的成交量同比增长的最大是多少啊？
你好，能给我说说在本周环比超过10并且本周同比低于10的三线城市有哪些吗？谢谢
哪些机场2017年旅客吞吐量不足7000万人次以及当前设计旅客吞吐量也不足7000万人次
请问总共有多少个城市2011年成交大于1000或者2011同期大于1000的？
上市公司未来两年业绩受降息影响在2012年每股收益估值大于1块或者在2013年每股收益大于1块的2011A每股收益是多少
你好，可以跟我说一下有哪些证券他的净利润上限高于1亿而且净利润下限是不超过1亿的
你知道18PE大于5或者19PE大于5的公司是哪个吗
有哪些重点城市土地流拍率去年同期超过1%或者上期超过1%的？
2018Q2大于50并且2018Q3大于50的电容行业公司总共有多少个？
销售面积绝对数大于3000而且销售额绝对数大于3000的销售额同比增长最大是多少？
上周成交面积大于3而且本周成交面积也大于3的城市是哪个
帮我查询一下11EPS大于0.5并且12EPS大于0.5的股价平均是多少？
在这份数据中，总共有多少三线城市房地产区域年初至今累计大于10并且累计同比大于10的？
11EPS大于1而且12EPS也大于1的股票13EPS怎么样
总数量大于1000条并且状态数量大于1000条的图书馆单位一共有多少个？
2017静态座位数超过10同时2017ASK也在10以上的航空公司都有哪些？
诶你知道4月售价高于15000，而且啊5月4号售价也超过15000的一共有多少个楼盘吗
麻烦咨询一下一线城市去化10年高点大于10并且11年高点大于10的目前最大是多少？
最新收盘价超过2.1的公司有哪个最新的涨跌幅超过2.1
最新价大于4块而且EPS11A大于0.4的证券是哪个
PE17大于10并且PE18E大于10的公司总共有多少？
周涨跌幅大于1%并且月涨跌幅大于1%的燃料电池公司年涨跌幅最小的是多少？
请问有哪些城市4月份去化周期环比小于1%或者3月份去化周期环比小于1%的？
你知道现在非金属类建材行业里有哪些股票的收盘价是高于10而且涨跌幅在10以上的吗？
2011年每股收益大于0.5，并且预计2012年每股收益也会大于0.5的公司其市净率估值平均是多少？
传媒互联网行业A股周换手率最高到多少使得周前收盘价大于5元以及周收盘价也大于5元
麻烦请告知所有股票的市值高于20亿和股票流通市值超过20亿的证券名字谢谢。
请问有哪些城市一周的平均的成交面积超过10或者他的同比高于10的？
2011年周均成交大于13而且2012年周均成交大于13的城市是哪个
当月累计成交量大于100并且上周成交量大于100的城市总共有多少个？
山西动力煤本期大于400并且上周大于400的指标名称有哪些？
总抽检数大于10并且不确认数大于10的公司有哪些？
请问一下一线城市去化09年低点小于5并且10年低点小于5的城市一共有多少个？
麻烦计算一下快递公司2018年单量大于10亿件并且2017大于10亿件的市占率最大是多少？
本周均成交面积大于10万平并且上周均成交面积也大于10万平的城市同比最大是多少？
2011每股收益大于1并且2012E每股收益大于1的公司有哪些？
请问有哪些证券当前股价超过20并且市值超过20亿的？
你知道那些2017年每股盈余高于0.5，2018年的每股盈余预计也会高于0.5的公司名吗
2019年的时候有没有哪个航空公司引进宽体机的数量大于8而且引进的窄体机的大于8的航空公司
哪些城市的的可售面积11年底高于了1000万平或者目前超过了1000万平
请问一下啊哪个股票他的PE-TTM超过5的同时啊他的PS又超过0.5的
总共有多少重点城市本周成交大于10并且本周同比大于10%的？
总共有多少航空公司RPK同比大于5%并且PK累计同比大于5%的？
请问一下内资PCB龙头企业2014大于10亿元并且2015年大于10亿元的公司有哪些？
4月业务量数据同比增速大于10%并且5月大于10%的航空公司有哪些？
上周成交面积高于10且本周成交面积高于10的城市同比平均是多少？
总共有多少城市成交宗数大于1并且成交面积大于1万平方米并且楼面价大于500元/平方米的？
PE2012E超过6而且PB2012Q也超过6的证券代码是什么
请问一下，有哪些城市09年高点大于500并且10年高点大于500并且11年高点大于500的？
首都机场总共有多少个项目在2015年毛利率大于20%并且2014年毛利率大于20%并且2013年毛利率大于20%的？
2015TI收入占比超过15%且2016TI收入占比超过15%的市场分区有哪些？
做一个表格，筛选出有哪些公司总的市值超过100并且储存的土地多于100？
你好，方便告诉我2月份楼市的总成交量是多少吗？我只知道它的环比已经高于10，同比也超过了10%。
2018Q3营收同比增速大于5%并且2017Y营收同比增速大于5%的证券一共有多少？
请问有哪些公司现价是低于20或者RNAV超过20的？
你知道所有股票的市值高于100亿或流通的那个市值高于100亿的股票的价格均值吗
请问市盈率2017A大于10%且市盈率2018E也大于10%的公司总共有多少个？
营业收入同比增速大于30%并且营业成本同比增速大于30%的铁路有哪些？
哪些证券代码的最新的收盘价高于5元，增发价页高于5元的呀
PE2011大于10，PE2012E大于10，还有PE2013E也大于10的最新股价最少是多少？
请问一下总共有多少城市2012年1月成交量环比小于1并且2012年1月成交量同比小于1的？
你帮我查一下什么公司17年的每股收益超过0.5，18年的每股收益估值也超过0.5的
麻烦计算一下本周一手房成交大于20万平方米并且上周一手房成交大于20万平方米的去年同期平均是多少？
你知道这周电影票房排前10中有几部的电影票价格平均都超过35块，上映的天数还超过10的吗
跨省流动大于40并且省内流动大于40的地区有哪些？
想要知道有没有什么城市本周成交大于22而且周均同比也高于22的
麻烦请告知本周商品房成交面积在10万平米以上，而且本周同比也超过10%的城市谢谢。
你好，请问一下有哪些楼盘3月套数大于100并且4月套数大于100并且价格环比大于6的？
哪些标志表示韵达股份大于500亿或者圆通速递大于500亿
净利润上限超过10亿或者净利润下限超过10亿的的股票有哪些
请问有哪些2017Q1大于1并且2017Q2大于3并且2017Q3大于2的公司？
2011供应面积大于5000并且2010供应面积大于5000的累计同比最小的是多少？
有哪些企业收盘价大于0.5并且周涨跌幅大于10并且月涨跌幅大于10的？
股票NAV估值多少所对应的2011年股票收益比率大于10%而且2012E也大于10%
请问改造的占地面积达到10000以上而且计划投资金额也超过10000的都有哪些项目？
看看11年累计成交大于1000并且12年累计成交大于1000的重点城市有哪些？
麻烦查查PE18E大于10并且PE19E大于10并且PE20E大于10的股价平均是多少？
总共有多少电容行业公司2016Q3大于100并且2016Q4大于100的？
请问一线城市同比增速大于10%或二线城市同比增速大于10%的同比增速最小有多少？
想要了解单个银幕的票房超50万和现在影院的数量超50的院线
11年周均成交大于9.9而且12年周均成交也大于9.9的城市是哪个
哪些国家的医疗和生育在社保费率中低于了10%或者养老占比低于10%
二手房成交面积环比上月大于20%以及同比当月也大于20%的上周成交量为多少
请问总共有多少公司PE17大于10并且PE18E大于10的？
麻烦帮我查查成交面积同比11年大于1并且成交面积同比10年大于1的城市总共有哪些？
麻烦你一下，你知道营业收入同比增速大于30%且营业成本同比增速大于30%的毛利润同比增速平均是多少吗？
请问南京仙林临近地块土地出让面积在10以上并且建筑面积超过10的都成交于哪一年？
有几个公司的股价是大于5块或者每股净资产大于5块的
想了解这周股价高于10或者跌幅小于10%的股票都有哪些？
一共有多少个电容行业公司2018Q1大于100并且2018Q2大于100并且2018Q3大于100的？
请问一下2012年1-5月成交面积大于800并且2011年1-5月成交面积大于800并且2010年1-5月成交面积大于800的城市有哪些？
你知道18E市盈率相对盈利增长比率大于1%或者17-20E增长率大于20%的股票名称吗
麻烦问一下2014年PCB投资超过20亿元并且2015年PCB投资超过20亿元并且2016年PCB投资超过20亿元的复合年均增长率平均是多少？
哪些城市的2010成交面积大于300万平或者2011年成交面积大于300万平
有哪些指标项目本期大于500并且上周大于500的？
请问一下，2016A市盈率大于20%并且2017E市盈率大于20%的公司有哪些？
你知道净利润超过20亿元且扣非净利润超过20亿元的快递公司有多少个吗？
请问总共有多少个重点城市当月累计成交量大于20且累计同比大于20%的？
投资总额大于300并且公里数大于300的线路总共有哪些？
有几个指标的山西无烟煤产地价格本期是低于1000或者上个星期低于1000的
本周涨跌幅小于5%而且本月涨跌幅也小于5%的股票名称是什么
成交套数同比11年多少可使2011年前5个月成交套数不足100000或者2010年前5个月成交套数不足100000
请问航运业有哪些公司总收入超过1000万并且净利润达到1000万以上的？
有哪些城市去年同期大于10万平米并且本期大于10万平米的？
请问上海5月份均价高于20000元/㎡而且月环比涨幅在5以上的都是哪些楼盘？
一共有多少个城市11年H1大于1并且11年H2大于1或者10年H2大于1的？
有哪一些净利润上限大于5亿元并且净利润下限大于5亿元的证券？
你好，请问一下10A每股盈余超过0.5和11A每股盈余超过0.5的证券公司有哪些？
想咨询一下在这一周都有哪些证券的净利润上限高于10亿或者净利润下限也在10亿以上的？
2011年底二线城市可售面积超过1000万平的城市有哪些或者目前可售面积超1000万的城市有哪几个
PE18E小于21，PE19E小于21而且PE20E也小于21的公司股票价格是多少
麻烦问一下有哪些指标12年5月同比大于10或者12年4月同比大于10的？
周涨幅大于10%而且周换手率也大于10%的传媒互联网公司的A股周成交额最小的是多少
2014年大于0.1并且2015年大于0.1的快递公司有哪些？
周成交额大于5亿而且周收盘价大于5块钱一股的证券代码是什么
总共有多少城市2012年1月成交量环比小于1并且2012年1月成交量同比小于1的？
你知道收市价超过2元同时在11年每股盈余大于0.2的都是哪些证券吗
房地产日成交量达到多少可以使环比小于0或是同比小于0
麻烦咨询一下，有哪些城市去年同期大于10万平米并且本期大于10万平米的？
帮我查查11PE大于10并且12PE大于10的公司有哪些？
你好，那个在6月8号超过8元每股的，或者是市值高于100亿的股是否应该买入啊
本周环比和同比是如何变化的，它的去化时间10年H1低于10个月
在2010年成交面积大于1000并且2011年成交面积大于1000并且2012至今成交面积大于1000的城市是哪几个？
收盘Close多少时涨跌Change低于0或者涨跌幅Change低于0
11年每股收益大于0.5并且12年每股收益大于0.5的最大总市值是多少？
本周涨跌幅小于10%而且本周收盘价小于10元的公司有多少
在19年中国混凝土外加剂市场中，有哪些公司的产能超过10万吨并且销量也超过10万吨的？
请问一下一共有多少个重点城市环比大于1并且同比大于1的？
请问达美有有哪些辅助的业务项目它占总收入的比重超过10并且营收大于10亿美元的？
有哪些电容行业公司2016Q1大于50并且2016Q2大于50并且2016Q3大于50并且2016Q4大于50的？
你知道住宅土地供应面积在11年H1超过10，同时在11年H2也在10的城市都有哪些吗？
请问一下本周一手房成交大于20万平方米并且上周一手房成交大于20万平方米的去年同期平均是多少？
成交面积同比11年大于10%或者成交面积同比10年大于0，这样的城市是指什么
麻烦问一下一共有多少个国家每千人机动车保有量大于50辆并且每千人汽车保有量大于50辆的？
你好，方便告诉我本期在100以上同时上周超过100的指标都有哪些吗？
日成交超过300并且前一日成交超过300的环比最大是多少？
想要了解2010供应面积大于666而且2011供应面积也大于666的城市
行测成绩超过70分或者申论成绩超过70分或者笔试总分超过70分的准考证号是什么
无锡周均环比大于0或者宁波大于0是什么时候的数据
哪些股票的2012年每股收益估值低于1块或者2013年每股收益估值低于1块
18年每股收益估值高于1并且19年每股收益估值也高于1的航空公司有哪些？
有几支传媒个股B收盘价是小于10块而且B涨跌幅小于10%的
你好，就是我想问问啊那个这周哪些城市二手房成交了超过1000套的呀，然后成交超过1000套的共有多大面积的呀
2018Q1大于2并且2018Q2大于3公司总共有多少？
同比大于30或者近4周的周均成交环比大于30的重点城市有哪些？
在周涨跌幅大于1%或者月涨跌幅大于1%的股票中，收盘价最小为多少
从表上看总共有多少城市在10年H1成交大于10并且10年H2成交大于10的？
每千人机动车保有量大于50辆并且每千人汽车保有量大于50辆的国家一共有多少个？
定增价除权后至今价格大于10并且增发价格大于10的证券有哪些？
你好啊，我想问问就是那个19年第2周全国电影票房排名前10中场均人次超过10人，票房占比还大于10%的有多少部影片啊
房地产日成交量高于200而且前一天的成交量也大于200的城市有哪些
一共有多少美国的航空股票PB17超过2并且PB18E超过2的？
2018Q3净利润同比增速大于10%并且2017Y净利润同比增速大于10%的证券最大收益是多少？
那些股价超过20块或者市值大于20亿的股票都是怎么评级的
本周成交大于10并且本周同比大于10%的重点城市总共有多少？
成交宗数大于1并且成交面积大于1万平方米并且楼面价大于500元/平方米的城市总共有多少？
11年的市盈率大于10倍，预计12年的市盈率也会的大于10倍的公司共有几家？
请问一下票房累计在5000亿以上的电影，有哪部是单周的票房在5000万以上的？
降息后月还款额10年大于8000并且降息后月还款额20年大于8000总房价是多少？
请问有哪些城市12年的4月就成交了50万平以上，而且11年平均每月还成交超50万平的？
请问哪个证券代码一周的收盘价超过5块钱一股而且一周的成交额超过5亿的
请问有哪些年份商品房新开工面积大于20000万平米并且商品房竣工面积大于20000？或商品房竣工率大于10%的？
你知道日成交量大于200套，并且前一日成交量大于200套的重点城市有哪些？
你知道内蒙动力煤产地价格上涨上个月大于400而且上一年也大于400的动力煤发热量/规格吗
三线城市房地产年初至今累计大于10并且累计同比大于10的区域总共有多少？
住宅土地供应本期超过100万平或者上期也超过100万平的城市有哪些
你知道有哪些混凝土公司它的产能是在10万吨以上，同时销量也超过10万吨？
请问本次降息后月还款额10年超过8000并且降息后月还款额20年超过8000的总房价有多少？
倒挂率大于30%或者增发价格大于30的股票增发目的是什么
EPS2010大于1并且EPS2011大于1的公司有哪些？
2019年春节假期前六天平均票价大于30块或者2018年春节假期前六天大于30块的同比增长是多少
麻烦请告知2017静态座位数超过10，而且2017ASK增长大于10的航空公司谢谢。
麻烦帮我看看2018E投资活动产生的现金流量大于50并且2019E大于50的指标有哪些？
上周二手房成交量大于100万平或者当月累计成交量大于100万平的城市有哪些
在2018年1月到10月的时候哪个快递上市业务量低于24亿件或者业务量同比低于24的
上映天数超10天或者场均人次超10的电影的票价平均是多少呢
2010年成交金额低于1000万亿而且2011年成交金额也小于1000万亿，那么成交金额累计同比是多少
总共有多少个快递公司Q3业务量大于10万亿件并且Q3份额大于10的？
请问定增价除权后至今价格大于7并且增发价格大于7的最新平均收盘价有多少？
请问一下最新收盘价超过20块倒挂率大于20%的证券代码有吗是什么
我不是很清楚，能跟我说说有哪些股涨幅大于5的或者收盘价大于5的吗？
总共有多少出版发行公司货币资金/总资产大于10并且货币资金/净资产大于10的？
涨跌Change低于0或者涨跌幅Change低于0的收盘Close是多少
我想问问现在的地产板块中有哪些涨股收盘价是超过5并且它的涨幅也是在5以上的？
环比大于10并且近7日日均成交环比超过10的有哪些重点城市？
座位数投放占比自身运力北京的大于10，或者上海的大于10的航空公司有哪些？
请问一下收盘价大于0.5并且周涨跌幅大于10并且月涨跌幅大于10的企业有哪些？
2016市盈率大于25%并且预估2017市盈率大于25%的公司有哪些？
日成交超过200并且前一日成交超过200的一线城市总共有多少个？
本年涨跌幅大于0而且这周涨跌幅也大于0的是哪家电动汽车公司啊
10月末去化周期环比大于3或者9月末去化周期环比大于3的城市有哪些？
请问有哪些证券的周涨幅是小于1并且累计涨幅也低于1的？
资本支出在2014年大于1亿元并且2015年也大于1亿元的一共有几家企业？
EPS18E大于0.4而且EPS19E大于也0.4的简称是什么
你好，能告诉我这个星期环比超过10和同比也超过10的城市主要有哪些吗？谢谢
4月份去化周期环比小于1%或者3月份去化周期环比小于1%的有哪些城市？
总市值大于100亿或者流通市值大于100亿的股票他的平均股价是多少
2016年快递公司的在建工程增速大于5%并且2017年也大于5%的有哪些公司？
有哪些证券PE2017A大于15并且PE2018E大于15并且PE2019E大于10的？
PE2012E大于0.4或者EPS2011大于0.4的公司股价是多少
楼市成交环比在10以上，而且它的同比也超过了10%，总成交量是多少你知道吗？
一共有多少个公司2017ASK大于10或者2018前10月ASK大于10的？
查查国内PCB上市公司综合毛利率2017年大于20%并且2016年大于20%并且2015年大于20%并且2014年大于20%的有哪些？
诶，你给我说说都有哪些锂电池公司是周涨跌幅超过3%，并且月涨跌幅也超过3%的
麻烦请问有多少个快递公司Q3业务量大于10万亿件并且Q3份额大于10的？
EPS2011A大于0.5而且EPS2012E也大于0.5的代码是哪个
净利润上限超过1亿元并且净利润下限超过1亿元的证券有哪些？
2018年11月行业前5家企业当中，有哪些公司不仅总产能超过100万吨而且在产产能超过100万吨
一类车流量大于30000辆一天、二类车流量大于30000辆一天，四类车流量也大于30000辆一天的高速是哪条
你知道一线有哪些城市在上周可售量是大于100而且在本周也超过100的？
请问有哪些证券的收盘价是超过10元并且总市值达到10亿以上的？
想要查询一下有没有哪个城市环比低于50，环比低于50的城市在这周的成交面积是多少呢
请问销售金额大于200亿销售面积大于200万平的香港公司是哪一家
拟周成交大于1000并且前一周成交大于1000的重点城市有哪些？
2011年股票收益比率大于10%而且2012E也大于10%，想知道NAV估值是多少
你知道南京仙林哪一年成交的土地面积高于10同时建筑面积也大于10的吗？
2016年投资活动产生的现金流量大于100并且2017也大于100的指标有哪些？
18年第52周影投票房排名前10中有哪些影投公司观影超过60万人次，场均人次也超过10的呀
哪些城市的2011年月均月成交价格低于16000而且四月月成交价格低于16000的
你好，你知道上上周成交量环比大于10，还有上上周成交量同比11年也大于10的一共几个城市吗？
有哪些重点城市拟周成交大于1500并且前一周成交大于1500的？
EPS18E大于0.1并且EPS19E大于0.1并且EPS20E大于0.1的铁路公司有哪些？
人均场次小于10而且上映超过10天的电影，他的单周票房达到了多少
2018市盈率大于12而且2019市盈率也大于12的公司是哪个
麻烦帮我看下，近7日日均成交高于400且去年同期28日均成交高于400的同比最小是多少呢？
一线城市同比增速大于10%或二线城市同比增速大于10%的同比增速最小是多少？
请问一下，2010成交大于2000亿元并且2011年成交大于2000或者2011同期大于500的城市有哪些？
哪些电影本周票房大于5000万而且累计票房也大于5000万的
你知道一手房成交在这一周环比大于0或者这一星期同比小于0的一线城市都是哪些吗
前周成交量环比大于0或者上周成交量同比大于0的城市在前周的成交量是多少
从这个表可以看出，2018Q3净利润同比增速大于10%并且2017Y净利润同比增速大于10%的证券最大收益是多少？
EPS2012E大于1.5或者EPS2013E大于1.5的证券代码是什么
你好，能帮我算一下1日成交量超1，而且日成交环比也超过7的那些城市其近7天成交的均值是多少吗？
整理一下最新市值超过10亿元或者最新股价超过10以上的有哪些证券？
11年市盈率大于10%并且12年的市盈率也大于10%的公司有哪些？
年涨跌幅为多少时交运子板块上周涨跌幅大于0或本月涨跌幅大于0
麻烦问问，路产收入占比大于80%而且路产毛利占比大于80%的高速公路企业路产平均毛利率是多少？
2018年1月到11月哪个快递公司业务量超过40亿件而且业务量同比小于40
2012年4月成交面积大于50万平并且2011年月均成交面积大于50万平的城市有哪些？
一共有多少个国家每千人机动车保有量大于50辆并且每千人汽车保有量大于50辆的？
你知道挂率低于30%，或者是增发价低于30元的股票为啥增发的吗
PE18E大于10并且PE19E大于10并且PE20E大于10的股价平均是多少？
这周销售超过300并且上周销售超过300的三线城市有哪些呢？
春秋航空市场份额大于5吉祥航空市场份额大于5的机场有哪些？
净利润增速上限大于1000%或者净利润增速下限大于1000%的股票有哪些
想要了解一下里程数超过15公里而且持股比例超过15的公路
有那几个城市在本周的均成交面积是大于5万平的或者上周均成交面积大于5万平的。
请问有哪些城市销售面积环比大于10%并且销售面积较周均变化大于10%的？
一共有多少个航空公司1月业务量数据同比增速大于1%并且2月大于1%并且3月大于1%的？
你帮我查一下那些股票倒挂率超5%，增加发行新股的价格也超5块的公司叫啥名吧
你知道有哪些证券本周涨幅大于10或者最新股价大于10的？
hello，请问有哪些重点城市拟周成交大于1500并且前一周成交大于1500的？
快递公司Q3单票收入大于3元并且Q3同比增速大于0.5的有哪些？
hello，能帮我查查2014年PCB投资超过20亿元并且2015年PCB投资超过20亿元并且2016年PCB投资超过20亿元的复合年均增长率平均是多少吗？
不好意思，请问下有哪些航空公司在2016年上市航司飞机座位数量大于50000并且2017年大于50000的？
这个星期的环比大于0或者这个星期同比小于0的城市有哪些
土地流拍率去年同期大于1%或者上期大于1%的重点城市哪几个？
2011每股收益大于0.5并且2012每股收益大于0.5并且2013每股收益大于0.5的上市公司有哪些？
请问一下四类车大于10000并且五类车大于10000的高速有哪些？
麻烦问问，在2017YOY大于10并且2018EYOY大于10的公司总共有多少？
你好啊，就是你知道哪些公司19年的EPS大于1，或PE大于10的，哦还有就是股价在10元以上的公司也给我列一下吧
单量和份额同比大于30%而且市占率也大于30%的在2018年单量和份额是多少
上周成交面积低于10的城市哪个是环比低于10的
你知道有哪些航空公司2017静态座位数大于10并且2018静态座位数大于10的吗？
房地产最小日成交多少时去年同期28日均成交大于300或者近7日日均成交大于300
有哪些内资PCB龙头企业2014大于10亿元并且2015年大于10亿元的公司？
想要了解一下股票价格超过14块钱而且总市值超过14亿的公司是哪个
从这份数据中，计算出本期环比大于30并且本期同比大于30的重点城市全部土地供应的平均累计同比是多少？
PE17大于10并且PE18E大于10的美国航空股票有哪些？
我想问问啊就是18年第三季度业务量超过10亿件，而且份额也高于10的都是什么快递公司啊
已知国有出版公司营业收入同比增速2014年低于0或者2016年低于0，那么相对的2017年同比增速是多少
11年底大于500并且09年高点大于500的城市有哪些？
请问在路产收入占比大于80%并且路产毛利占比大于80%的高速公路企业路产平均毛利率是多少？
请问哪个城市这一周成交超过22，还有平均每周成交同比也超过22的
请问有哪些证券定增价除权后现在价格大于10并且定增价格大于10的？
2010年成交金额大于200并且2011年成交金额大于200的成交金额累计同比平均是多少？
请问2012年4月有哪些楼盘在3月的均价是大于10和4月均价也是大于10的？
09年高点大于500并且10年高点大于500并且11年高点大于500的城市有哪些？
诶，你知道哪些股10年和11年每股盈余都大于1的呀
净利润上限大于10亿而且净利润下限也大于10亿的股票有几支
EPS17A大于0.5并且EPS18E大于0.5的重点公司有哪些？
请问一下，周涨跌幅大于1%并且月涨跌幅大于1%的燃料电池公司年涨跌幅最小的是多少？

((Apr)不等于3)时间是多少
路产收入占比大于80%并且路产毛利占比大于80%的高速公路企业路产平均毛利率是多少？
你知道人均场次小于10以及上映天数大于10天的电影单周电影票房吗
请问重点城市全部土地供应的本期环比大于30并且本期同比大于30的平均累计同比是多少？
请问10年H1成交大于5并且10年H2大于5并且11年H1大于5并且11年H2大于5的城市一共有多少个？
山西喷吹煤上周大于900并且上月大于900的指标一共有多少个？
国内PCB上市公司2015年毛利率大于20%并且2014年大于20%的公司有哪些？
河南冶金精煤产地价格本期大于1200元并且上周大于1200元的有哪些？
股权占比多少的公司出资额大于10亿或者出资额的货币资金占比小于10%
煤炭及子行业一周累计收盈大于0以及1个月也大于0的是哪个项目
你知道出资额大于10亿或者出资额的货币资金占比小于10%的公司股权占比吗
总共有多少个电容公司2017Q1大于50并且2017Q2大于50的？
你知道近来这7日的日均成交超250，还有啊前一日成交超250的重点城市吗？
请问一下，有哪些住宅房2010全年大于15而且2011全年大于15的？
你知道上周A股溢价率大于50%并且上上周A股溢价率大于50%的有哪些公司吗？
上周A股溢价率大于50%并且上上周A股溢价率大于50%的有哪些公司？
周涨跌幅大于8%并且周换手率大于8%的总市值最少是多少钱？
请问老板，2016Q3大于100并且2016Q4大于100的电容行业公司的总共有多少？
你知道总资大于30亿或者净资产大于30亿的证券简称吗
请问一共有多少个证券净利润上限大于1亿元并且净利润下限大于1亿元的？
那个19年第2周全国电影票房TOP10中有几部影片票房占比超过10%，并且啊场均人次还超过10的呀
请问一下，总共有哪些城市本周均成交面积大于5并且上周均成交面积大于5并且同比大于100的？
招聘人数语文老师超过1人或者数学老师大于1人的总的要招多少人
麻烦问问2017Q1大于10或者2017Q2大于10的收益率有哪些？
18~20的年复合增长率超过20%的股票代码有哪些
你知道涨幅超20的公司当中哪个公司股价大于20块钱吗
总共有多少公司PE17大于10并且PE18E大于10的？
一共有多少个美国航空公司的股票ROE17大于20并且ROE18E大于20的？
请问一下总共有多少个电容行业公司2018Q2大于50并且2018Q3大于50的？
请问一下2017年毛利率大于20%并且2016年毛利率大于20%的国内PCB上市公司有哪些？
请问一下，你知不知道一共有多少个公司2017ASK大于10或者2018前10月ASK大于10的？
2012年6月13日哪个城市的环比超过19而且同比也超过19
就是本周成交小于5万平，或者是去年同期小于5万平的是哪些城市啊
麻烦问一下有哪些养老机构的资助金额超过10万而且市财政也超过10万的？
你知道现在股价高于20而且市值达到20亿以上的证券都有哪些吗？
快递公司的资本开支/营业收入中的占比2017年大于10或者2017H1大于10或者2017Q3大于10的2018年第一季度到第三季度的占比为多少
请问在2月份楼市成交环比大于10并且同比在10%以上，那总成交量是多少呢？
麻烦问一下，2014年毛利率大于30并且2015大于30并且2016Q1-Q3大于30的一共多少个项目？
请问有哪些证券在5月31号的收盘价超过10并且月涨幅在10%以上的？
请问一下本周一线城市一手房成交大于15万平方米并且上周成交大于15万平方米或者去年同期大于15万平方米的城市有哪些？
19年第一周票房占比低于10%而且场均人次小于10的电影周票房是多少
你好，就是我想问一下有哪几个城市是同比大于10还有就是这星期的平均的成交的面积超过10万平的？
有哪些航空公司在2016年上市航司飞机座位数量大于50000并且2017年大于50000的？
大城市的月成交量大于1000并且基准月成交量大于1000的上月平均成交占比是多少？
17年股票每股收益大于0.5而且预计在18年每一股的收益也大于0.5的公司总共有几家呀
麻烦帮我算一下，日成交大于300并且前一日成交大于300的，那么环比最大是多少呢？
查询一下总共有多少航空公司RPK同比大于5%并且PK累计同比大于5%的？
麻烦查查本周成交大于10并且本周同比大于10%的重点城市总共有多少？
本期大于20万平而且上期也大于20万平的城市是哪个
6月8日存款利率调整前大于4%或者调整后大于4%的期限是多久
帮我查查有哪些企业产能占比达到10以上并且生产线有10条以上的
想要知道4月成交超过40万平，同比还超过40的都是什么城市
请问一下，一共有多少个成交面积累计同比小于10并且成交金额累计同比小于10的城市？
请问传媒互联网行业中哪个证券的代码的周前的收盘价大于5美元而且周收盘价超过5美元的
上周内蒙动力煤大于300并且上月大于300并且上年大于300的指标有哪些？
行业公司前三季度财务归母净利润大于10%或者归母净利润同比大于10%的情况下，营业收入是多少
请问有没有哪个证券它收盘的价格是高于2元而且在2011年每股收益高于0.2的
2018年1到10月业务量大于40亿而且业务同比大于40营收同比也大于40的快递上市公司是哪个
有几个城市的日成交大于500或者前一日成交大于500
上市航司飞机客机数量在2018年的时候大于100架并且在2019年的时候也大于100架的有哪些公司？
17年每股的收益都超过0.5元而且预计18年也是每股的收益都超过0.5块的股票的总的市值是多少呢
麻烦告诉我日成交大于500或者前一日成交大于500的城市有多少个，好吗
请问有哪些证券最新市值超过10亿并且最新股价高于10的？
那公里数是在300千米以上，而且投资达到了300亿元的高铁线路，其设计时速是多少千米每小时的呀
有没有上周二手房成交量大于100万平或者当月累计成交量大于100万平的城市
麻烦你帮我计算一下11年每股收益超过1元，12年每股收益预计也会超过1元的那些上市公司的总市值均值是多少呀？
有哪些国内PCB上市公司2017年毛利率大于20%并且2016年毛利率大于20%的？
你知道什么公司增发新股的价格在5块钱以上，倒挂率也超过5%的吗
收视率大于0.2%或者市场份额大于2%的综艺节目有哪些
在一些大城市月成交量大于1000并且基准月成交量大于1000的平均同比增长是多少？
搜索一下在4月27日收盘价大于6或者5月31日收盘价大于6的公司有几个？
你好，请问怎么对股价超过20块或者市值大于20亿的股票进行评级
你能给我列一下在11年超过了20，而且在12年也大于20的省份有哪些吗？
请问在2011一周平均成交量高于3000套且上周成交量高于3000套的成交量环比增长的最小是多少呢？
一共有多少个公司路产收入占比大于50%并且路产毛利占比大于50%并且路产毛利率大于60%的？
股价大于5块钱的股票代码当中哪个的最新每股净资产也在5块钱以上
能告诉我周涨跌幅小于5%或月涨跌幅小于5%的燃料电池公司有哪几家吗？
请问一共有多少个7日成交环比超过1且7日成交同比也超过1的城市？
有没有2011周均成交数量大于2000套或者上一周的成交量大于2000套的城市啊，有的话都是哪些城市
2018年1月到10月业务量小于24亿件或业务量同比小于24的快递公司是哪个
倒挂率低于30%或者增发价格小于30元的那些证券其增发目的是什么
请问各城市上周成交面积大于4并且本周成交面积大于4的环比最大是多少？
请问一下PE2018E大于10并且PE2019E大于10的股价平均是多少？
内蒙动力煤产地价格上涨上个月大于400而且上一年也大于400的动力煤发热量/规格是多少
2011年累计土地供应超过1000万平米并且2012年累计超过1000万平的重点城市的平均累计同比是多少？
请问有哪些证券PE2017A大于15并且PE2018E大于15并且PE2019E大于10的？
路产收入占比小于50而且路产毛利占比也小于50的公司是哪个
请问一下上市航司中什么公司的飞机客机数量在2016年超100架还有在2017年也超100架的？
EPS2018E大于0.41，EPS2019E大于0.41而且PE2018E大于14的公司是哪个
成交量同比增长大于10并且成交量环比增长大于10或者上周成交量大于100套的城市有哪些？
哪些城市推出土地宗数大于0或者成交土地宗数大于0
2018年第一季度到第三季度的占比多少时快递公司的资本开支/营业收入中的占比2017年大于10或者2017H1大于10或者2017Q3大于10
请问一下3Q2018大于1并且2Q2018大于1的区域有哪些？
哪些城市的上周成交量大于2000套或者2011周平均成交量大于2000套
12年5月同比大于10或者12年4月同比大于10的指标有哪些？
A股传媒行业有哪些证券的总市值是超过20亿并且流通市值也达到20亿？
二手房销售套数环比大于0或者销售面积环比大于0的城市有哪些
国内PCB上市公司2014年毛利率大于20%并且2015年毛利率大于20%并且2016年大于20%并且2017年大于20%的公司总有多少？
起降航班同比18年夏秋大于1并且同比17年夏秋大于1的机场有哪些？
麻烦问下，总共有哪些线路投资总额大于300并且公里数大于300的？
请问一下总共有多少个城市当月累计成交量大于100并且上周成交量大于100的？
一共有多少个上市公司在17年的时候市盈率大于10并且预计在19年市盈率也是大于10的？
总共有多少个区域3Q2017大于1并且3Q2018大于1的？
麻烦算算定增价除权后至今价格大于7并且增发价格大于7的最新平均收盘价有多少？
关于2月份的楼市成交量，总成交量超过10，而且环比也在10%以上的都有哪些城市？
打扰了，问一下你知道春秋航空市场份额大于5吉祥航空市场份额大于5的机场有哪些吗？
请问，大城市的月成交量大于1000并且基准月成交量大于1000的上月平均成交占比是多少？
香港重点上市地产公司销售金额大于100并且销售面积大于100的总共有多少？
请问一下有哪些证券净利润增速上限大于10%并且净利润增速下限大于10%的？
你好啊周前收盘价大于17块而且周收盘价大于17块的证券代码是什么
请问有哪些综艺节目它的收视率超过0.2%或者市场的份额超过2%的
麻烦帮我找找EPS2019E大于0.5并且EPS2020E大于0.5的收盘价最少是多少？
收盘价大于10元并且目标价大于10元的重点上市公司有多少？
哪些股票2017-20E的增长率低于20%或者市18E盈率相对盈利增长比率大于1%
定增价除权后至今价格大于20而且增发价格也大于20的股票最小倒挂率为多少
12月末去化周期环比大于5或者11月末去化周期环比大于5的城市有哪些？
2010年的市盈率大于10%或2011年的市盈率大于10%的公司有哪些？
2011年日均成交大于4并且2012年日均成交也大于4的城市是哪个
那个三大航平均客公里收益超过0.6，或者是客座率变化超过0的那些年其最高的客公里收益同比是多少你知道吗
3Q2018大于1并且2Q2018大于1的区域有哪些？
2009年低点大于4并且2010年低点大于4而且2011年低点大于5的城市有哪些？
本周上市公司净利润增速上限小于100%或者净利润增速下限小于100%，那么净利润上限最大值为多少
帮我找找，一共有多少个公司路产收入占比大于50%并且路产毛利占比大于50%并且路产毛利率大于60%的？
库存去化周期2012年6月份环比大于0或者2012年5月份环比也大于0，那么上周末的去化周期总和是多少
请问内房股有哪些证券最新市值达到10亿港币以上同时最新股价超过10的?
售价超过10块或者进价超过10块的商品是什么
人员超过2而且窗口也大于2的事项数量总的有多少
麻烦请告知机械行业中股价达到10元，而且市值还高于10亿的公司谢谢。
请问一下销售额绝对数大于10000并且销售面积绝对数大于10000的地区总共有多少个？
对于人员超过2而且窗口也大于2的事项数量，总和是多少
国内PCB上市公司2017年毛利率大于20%并且2016年大于20%的公司一共有多少？
有哪些上市公司降息对EPS的增厚2012大于0.005并且降息对EPS的增厚2013大于0.005的？
有哪些公司2017E每股收益2016A超过0.5元并且2016A每股收益超过0.5元的呢？
帮我从市值小于300或者市盈率小于10的股票中，找一下市净率小于10的股票
像周收盘价小于5块/股以及周成交额低于5亿这样的股票，它的总市值是多少啊
打扰了，麻烦问下有哪些重点城市本期土地成交达到1以上并且上期土地成交也达到1以上的？
重点城市库存去化周期环比大于0或者同比大于0的城市有哪些
从表格可以看出有哪些指标项目本期大于500并且上周大于500的？
2017ASK大于10或者2018前10月ASK大于10的公司一共有多少？
房地产二线城市成交环比小于0而且成交同比也小于0，那么近4周周均成交的最小值是多少
较上周大于2并且较上月大于2的指标项目有哪些？
你知道B收盘价小于10块而且B涨跌幅小于10%的传媒个股有多少吗
单周票房大于5000万，累计票房还大于5000亿的电影有哪些？
09年低点大于300并且10年低点大于300并且11年低点大于300的城市总共有多少？
你知道有哪些公司在17营收额达到30亿以上同时同比增速超过30的吗？
有哪些上市公司EPS2011A大于0.2并且EPS2012E大于0.2并且EPS2013E大于0.2的？
你知道环渤海湾城市楼市成交量同比增长大于0或者成交量环比增长大于0的上周成交量均值是多少吗
你知道那些市值超100亿，或是6月8日的时候每股达到8元以上的股其投资评级怎样吗
麻烦帮我查查一共有多少个证券净利润上限大于1亿元并且净利润下限大于1亿元的？
想要了解一下非金属建材类股票哪个的收盘价超过16块而且跌涨幅也大于16，有的话名称是什么
有哪些高速公路15吨以上货车流量大于2%并且10-15吨货车流量大于2%的？
营业收入同比增速低于40%或者营业成本同比增速低于40%，这是2018年前三季度哪个公司的数据
17A每股收益大于0.5元并且18E每股收益大于0.5元并且19E每股收益大于0.5元的重点上市公司的平均收盘价是多少？
请问环比上月大于10%或者同比当月大于10%的累计同比最大是多少？
PE2017A大于15并且PE2018E大于15并且PE2019E大于10的证券有哪些？
总共有多少个指标上周山西无烟煤产地价格达到1000以上且上月也达到1000以上的？
2011年成交大于1000或者2011同期大于1000的城市总共有多少？
关于飞机数量引进计划，有哪些航空公司在2018超过100的而且在2019也超过100的？
你好，就是我想问一下啊就是福建高速中客车车流量达500000辆以上的同时，货车车流量也超过了500000辆的都是哪条高速路啊
本周大于500并且上周大于500的城市有哪些？
出于什么原因对倒挂率大于30%或者增发价格大于30的股票增发
请问有没有什么证券代码预计18年的每股收益的话在5块钱以上的，而且在2017年的时候每股的收益已经在5块钱以上了的
EPS17A大于0.6而且EPS18E大于0.6的证券代码是哪个
2012年6月EPS2011大于0.4、EPS2012E大于0.4而且EPS2013E也大于0.4的地产公司是哪个
成交套数同比11年大于1并且成交套数同比10年大于1的城市有哪些？
麻烦问下有哪些公司2016市盈率大于25%以及预估2017年市盈率大于25%的？
帮我统计总共有多少个地区销售额绝对数大于10000并且销售面积绝对数大于10000的？
PETTM大于75，PE18E大于15而且PE19E也大于15的证券代码有吗是哪个
货币资金/总资产大于10并且货币资金/净资产大于10的出版发行公司总共有多少？
请问一下总共有多少个电容公司2017Q1大于50并且2017Q2大于50的？
住宅土地供应的累计同比均值是多少啊，它的本期环比大于0或者本期同比也大于0的
有几个机场市场份额国航集团大于30%或者南航集团大于30%的
2012年1月成交量环比小于1并且2012年1月成交量同比小于1的城市总共有多少？
请问一下环比上周大于10%并且环比上月大于10%的一手房每周交易的城市有哪些？
总共有多少个城市在2010供应面积大于2000并且2011供应面积大于2000的？
麻烦我想了解，2011年周均成交大于10并且2012年周均成交大于10的主要城市同比平均是多少？
2010年土地供应面积大于2000万平而且2011年土地供应面积也大于2000万平的最大累计同比为多少
请问有哪些城市在这周商品房成交面积超过10万平米并且这周的同比也高于10%的？
麻烦问一下共有多少个2018本益比大于20%并且2019的市盈率也大于20%并且2020的还高于10%的公司？
查一下在4月27日收盘价大于6或者5月31日收盘价大于6的有哪些公司？
请问有哪些山西动力煤这期大于400并且上一周大于400的指标名称？
一共有多少楼盘3月套数大于100并且4月套数大于100的？
10PE大于15而且11PE大于15的股票名称是什么
想了解都有哪些证券它现在的股价是高于20同时市值还超过20亿的？
18PE大于15并且19PE大于15的重点公司的股价平均是多少？
全球VLCC行业前10大公司自有船数大于3而且平均船龄超过10的合计运力份额最大占比可达到多少
1月11日收视率高于1%的综艺叫啥名？
请问在12年6月周均成交面积已高于1并且与去年同期周均成交相比也在1以上的都有哪些城市？
总市值超过50亿，在这一周收盘价大于5块钱一股而且EPS(TTM)超过0.5的都是哪些股票代码
有哪些区域3Q2018大于1并且2Q2018大于1的？
2018年11月，总产能大于100万吨并且目前的生产产能大于100万吨企业有哪些
EPS2019E大于0.5并且EPS2020E大于0.5的收盘价最少是多少？
秦皇岛港动力煤价格小幅上涨在上周小于了500，上个月也小于500以及相比上一年也是减少了500的发热量/规格是多少
我想知道有哪些城市近一月的周均成交大于2000套同时啊他的一个前周的成交量也在2000套以上的？
麻烦请告知10月份中国民航运输指标在当月同比达到10%，同时累计同比在在10%的指标，谢谢。
周前收盘价高于20元或周收盘价高于20元的传媒互联网行业A股的最大总市值是多少
哪些准考证号的行测成绩超过70分或者申论成绩超过70分或者笔试总分超过70分
麻烦请问一下，17A每股收益大于0.5元并且18E每股收益大于0.5元并且19E每股收益大于0.5元的重点上市公司的平均收盘价是多少？
我很好奇倒挂率低于30%，或是增发的价格在30元以下的股票因何种原因而增发的
15吨以上货车流量大于2%并且10-15吨货车流量大于2%的高速公路有哪些？
你好，在2010年成交面积大于1000并且2011年成交面积大于1000的成交面积平均累计同比是多少？
增发价高于5元，倒挂率也高于5%的证券有哪些
请问有哪些成交面积累计同比大于10并且成交金额累计同比大于10的城市？
请问一下总共有多少条高速公路40座以上大于5%并且10-15吨货车大于5%并且15吨以上货车大于2%的？
我想知道周涨跌幅小于5%或月涨跌幅小于5%有哪几家燃料电池公司
请问有哪些城市在2月份总成交量在10以上并且环比也超过10%的？
你好，咨询一下本周股价达到10块钱以上的股票市值以及本周涨幅前10
周前收盘价大于5元而且周收盘价也大于5元的股票最大周换手率是多少
我想知道本周平均成交面积大于5万平的城市或者是上周均成交面积大于5的城市。
那麻烦你查查2012年1月份成交量环比大于1的城市2、3月份的是多少
二月4号到10号，排名前10的院线有几个总票房大于4亿的
上周的成交量大于50套房子的城市或者成交量同比增长超过50的城市有哪些？
2017E每股收益2016A大于0.5元，且2016A每股收益大于0.5元的公司都有哪些啊？
5月31日收盘价大于10同时月涨幅超过10%的证券都有哪些？
你知道有哪些城市目前可售面积在1000以上并且在11年底也超过1000的吗？
有哪些重点城市环比上周大于10%并且环比上月大于10%的？
您好，你可以告诉我3月楼盘均价超过10并且4月的均价也高于10的楼盘有哪些吗？谢谢
05.27-06.02二手房销售面积大于10万平而且05.20-05.26销售面积也大于10万平的销售面积较周均变化是多少
有哪些国内PCB上市公司2015年毛利率大于20%并且2014年大于20%的？
抱歉打扰一下，我想知道11年本益比超10%，预计12年的本益比也超10%的地产公司他们的平均本益比会是多少呢？
成交面积累计同比小于10并且成交金额累计同比小于10的城市一共有多少个？
有哪些在2016年投资活动产生的现金流量大于100并且2017也大于100的指标？
请问一下，有哪些燃料电池公司周涨跌幅大于2%并且月涨跌幅大于2%的？
2017A每股收益大于1块且2018E每股收益也大于1块的重点股票有几支
请问一下PE2018E大于10并且PE2019E大于10并且股价大于3的公司总共有多少？
请问有哪些城市上周可售量超过100并且在本周也是在100以上？
请问有哪些证券净利润上限超过1亿并且净利润下限低于1亿？
麻烦帮我查查销售面积绝对数大于3000而且销售额绝对数大于3000的销售额同比增长最大是多少？
请问环比上周大于10%并且环比上月大于10%的有哪些重点城市？
一线城市去化09年低点小于5并且10年低点小于5的城市一共有多少个？
土地供应方面2011同期大于100并且2012至今大于100的三线城市累计同比平均是多少？
在这份表中，计算一下上礼拜成交量达到2000套以上以及2011一周平均成交量达到2000套以上的成交量同比增长的最大是多少呢？
涨股涨幅大于7并且涨股收盘价大于7的有多少
筛选一下哪些城市12月末去化周期环比有大于5或者11月末去化周期环比大于5的
路产收入占比大于50%并且路产毛利占比大于50%并且路产毛利率大于60%的公司一共有多少？
打扰了，请问一下共有多少个航空公司1月业务量数据同比增速大于1%并且2月大于1%并且3月大于1%的？
西部主要城市一周成交环比小于0或者一周成交同比小于0，那么近一周一共成交了多少
请问在这周环比超过10并且同比是低于10的三线城市有哪些？
想了解现价小于20或者RNAV高于20的公司都有哪些？
请问一下2018E大于600并且2019E大于600的航空公司有哪些？
帮我查查货币资金/总资产大于10并且货币资金/净资产大于10的出版发行公司总共有多少？
你知道本周涨跌幅不足10%以及本周收盘价不足10元的公司简称有几个吗
美女，你好，是这样，这个住宅土地供应啊，本期环比大于0或者本期同比也大于0，你看，能不能帮我查查累计同比平均值
你好，在这份数据中一些大城市的月成交量大于1000并且基准月成交量大于1000的上月平均成交占比是多少？
请问有没有什么城市这周大于4上周也大于4
有哪些证券公司周前收盘价大于2元并且周收盘价大于2元的？
你好，问一下三线城市去化时间10年H1小于10个月的本周环比以及同比变化情况
你知道净利润增速上限大于1000%或者净利润增速下限大于1000%的证券简称吗
2017Q1大于1并且2017Q2大于3并且2017Q3大于2的公司有哪些？
日成交大于1并且2011年日均成交大于1并且2012年日均成交大于1的城市有哪些？
你好，有哪些城市同比在10以上还有那个一周平均成交的面积超过10的？
2011年日均成交高于2且2012年日均成交也高于2的备注也就是房地产类型是什么
请问2011市盈率大于10%并且2012E市盈率大于10%的总市值平均是多少？
你可以告诉我上周的成交量高于100套，还有同比增长也达到100以上的城市名？
请问2014年毛利率大于30并且2015大于30并且2016Q1-Q3大于30的一共多少个项目？
2019年引进宽体机超过10架或者窄体机推出大于10架的飞机净增长是多少
哪些城市的环比增幅低于0并且同比增幅也小于0
你知道那些股价大于5块或者每股净资产大于5块的公司有多少个吗
请问有哪个证券在2018年市盈率估值低于0.44或者在2019年的本益比估值低于0.44的
那些调整前月供大于7000块或者调整后小于7000块的房子，首付多少啊
上周成交大于1200而且拟周成交也大于1200的城市是哪个
资产负债率大于20，净利率大于20%以及资产周转率也大于20%的最小权益乘数是多少
在本期土地流拍率高于1，同时在上期不超过1的城市都有哪些？
麻烦问一下，4月业务量数据同比增速大于10%并且5月大于10%的航空公司有哪些？
请问EPS2019E大于0.5并且EPS2020E大于0.5的收盘价最少是多少？
想要知道17年每股收益低于0.4，并且预计19年每股收益也会小于0.4的是什么证券
请问哪个证券最新价格超过4块一股而且11年的EPS还高于0.4的
本周均成交面积大于5并且上周均成交面积大于5并且同比大于100的城市总共有哪些？
在这份数据表来计算，2011周平均成交量达到3000套以上以及上星期成交量达到3000套以上的成交量环比增长的最小是多少啊？
三线城市一手房成交本周环比大于0或者本周同比大于0的成交累计同比是多少啊
EPS2019E小于0.4而且EPS2017A小于0.4的证券是哪个
麻烦问下，周涨跌幅大于1%并且月涨跌幅大于1%的燃料电池公司年涨跌幅最小的是多少？
我很好奇在周前的收盘价格大于20块钱一股或者说周收盘价格大于20块钱一股的传媒互联网行业A股中，其中总市值最大可以达到多少
本周可售量超过1000万平或者上周超过1000万平的城市，去年同期的平均可售量是多少
商品房新开工面积大于20000并且商品房竣工面积大于20000？或商品房竣工率大于10%的年份有哪些？
麻烦问一下有哪些公司总抽检数大于10并且不确认数大于10的？
市盈率2017A大于10并且市盈率2018E大于10的市值平均是多少钱？
你知道交运子板块上周涨跌幅超过0或者本月涨跌幅超过0的年涨跌幅吗
调整了利率之后利率超过6的存款的时间长度在6月8号之前利率是多少
最新收盘价大于20块倒挂率大于20%的证券代码是什么
我们想知道去年同期28日均成交超过300或者近7日日均成交超过300套的有哪些重点城市？
降息对EPS的增厚2012大于0.005并且降息对EPS的增厚2013大于0.005的上市公司有哪些？
上周成交达到10万平以上并且去年同期达到10万平以上的城市有哪些啊？
请问香港重点上市地产公司销售金额大于100并且销售面积大于100的总共有多少？
10A每股收益大于0.42而且12E每股收益大于0.42的证券简称是什么
想要了解1月14到1月20这一个星期排名第1的电视频道
2011年周均成交大于10并且2012年周均成交大于10的主要城市同比平均是多少？
麻烦请问一下，哪些城市销售面积环比大于10%并且销售面积较周均变化大于10%的？
本期环比超过30且本期同比超过30的重点城市全部土地供应的累计同比平均是多少？
你知道倒挂率大于30%或者增发价格大于30的股票增发目的吗
11年H1大于1并且11年H2大于1或者10年H2大于1的城市一共有多少？
环比上月大于10%或者同比当月大于10%的累计同比最大是多少？
2010全年大于15而且2011全年大于15的住宅房有哪些？
是这样，二线城市去化时间在09年低点和10年低点都是不足10的，那么目前的一个去化时间均值可以查到吗
请问哪个公司的总市值高于14亿而且股价也高于14块钱的
有哪些铁路公司EPS18E大于0.1并且EPS19E大于0.1并且EPS20E大于0.1的？
去年同期大于10万平米并且本期大于10万平米的城市有哪些？
三线城市去化时间10年H1小于10个月，本周环比和同比怎么变化
我想问一下啊哪些城市是本期土地供应超过10万平，上期也超过了10万平的呀
你知道总抽检数大于10并且不确认数大于10的公司有哪些吗？
我想知道在本周销售达到300以上以及上周销售达到300以上的去年同期平均是多少？
请问ROE17超过20并且ROE18E超过20的美国的航空股票一共有多少？
请问一下周前收盘价大于2元并且周收盘价大于2元的证券公司有哪些？
请问2011年10月成交量环比是多少啊，已知2011年12月成交量环比大于0或者2011年11月成交量环比大于0
日成交大于100，前一日成交也大于100的城市是什么？
PB大于0.5并且ROE大于0.5的铁路公司有哪些？
快递公司2018年单量大于10亿件并且2017大于10亿件的市占率最大是多少？
产能占比达到10以上并且生产线有10条以上的企业有多少家？
想要了解一下哪个证券的代码2017年的每股的盈余超过5块钱，还有啊预计2018年还超过5块钱的
有多少个公司的这周涨跌幅低于10%而且这周收盘价低于10元
有没有哪个城市一手房成交这周环比超过34而且同比也超过34的
请问2018E投资活动产生的现金流量大于50并且2019E大于50的指标有哪些？
有哪些指标12年5月同比大于10或者12年4月同比大于10的？
2018E飞机引进不足1000架或者2019E不足1000架的公司宽体机退出了多少
本周商品房成交量小于22万平而且去年同期也小于22万平的城市是哪个
总共有哪些城市成交面积同比11年大于1并且成交面积同比10年大于1的？
苏州有哪些楼盘开盘超过100套而且已签约的也超过了100套？
麻烦请跟我说一下收盘价在10元以上且总市值高于10亿的证券谢谢
18E市盈率相对盈利增长比率大于1%或者17-20E增长率大于20%的股票有哪些
一共有多少城市11年H2大于500并且11年H1大于500的？
涨幅大于7并且涨股收盘价大于7的涨股有多少
关于社保，其中的养老不足10%的是哪个国家的或者医疗和生育低于10%的是哪些国家
有哪些城市在这周成交10套以上且销售环比高于10的？
哪一年民航增速国内超过20%而且民航增速国际也超过20%
在这份数据表中，你能找出有哪些城市2009年低点大于4并且2010年低点大于4而且2011年低点大于5的吗？
麻烦请告诉我上周可售量超过100同时在本周也是高于100的城市谢谢。
40座以上大于5%并且10-15吨货车大于5%并且15吨以上货车大于2%的高速公路总共有多少条？
四月27日的收盘价和5月31日的收盘价都是大于5元的是哪些证券
近3个月股价涨跌幅大于0或者近12个月股价涨跌幅大于0的股票市值均值是多少
有哪一些三线城市本周销售达到300以上且上周销售也达到了300以上呢？
上市航司的飞机客机数量引进2016年大于500架或者2017年大于500架的公司有哪些
市盈率2017A大于10%且市盈率2018E也大于10%的公司总共有多少个？
在非金属类建材行业里收盘价在10以上同时涨跌幅高于10的股票都有哪些？
存款期限多久可使存款利率调整前大于4%或者调整后大于4%
有哪些美国的航空股票PE17大于10并且PE18E大于10的？
2016A每股收益大于0.5元并且2017E每股收益2016A大于0.5元的公司有哪些？
截止2018年11月30日，你知道这周涨跌幅低于10并且累计涨幅也在10以下的证券都有哪些吗？
请问日成交环比大于10并且7日成交环比大于10并且7日成交同比大于10的城市总共有哪些？
一共有多少个一线城市去化09年低点小于5并且10年低点小于5的？
涨幅前5位的房地产上市公司中市净率大于5的有哪些？
我想了解涨幅前5位的房产公司中有哪些市净率超过5？
2011年月均月成交价格高于15000并且4月月成交价格高于15000的环比增幅最大是多少呢？
股价超过20块一股的公司里面有哪个公司的涨幅也超过20
一线城市去化10年高点大于10并且11年高点大于10的目前最大是多少？
麻烦问下2011供应面积大于5000并且2010供应面积大于5000的累计同比最小的是多少？
2009年高点大于10并且2010年高点大于10而且2011年高点也大于10的有哪些城市？
2016Q3大于100并且2016Q4大于100的电容行业公司的总共有多少？
帮我查下有什么重点城市是日成交超200套，还有啊前一天的成交也是超200套的？
请问哪个公司EPS19E大于0.22而且EPS18E也大于0.22了
非金属建材类股票收盘价超过16块而且涨跌幅也超过16的股票名称是什么
你好，麻烦看看平均溢价率大于20%并且同比大于20的300城市土地出让是什么时候？
6月8日存款利率调整前小于3%或者调整后小于3%的，最小调整幅度是多少
请问你知道春秋航空市场份额大于5吉祥航空市场份额大于5的机场有哪些吗？
EPS2018E小于0.44或者EPS2019E小于0.44的证券是哪个
一千个人汽车保有量就超过500辆而且机动车保有量也超过500辆的国家有几个
你好，方便告诉我上一周销售量高于10，而且环比也大于10的城市吗，谢谢。
请从表中帮我找出11年累计成交大于1000并且12年累计成交大于1000的重点城市有哪些？
净利润上限大于5亿元并且净利润下限大于5亿元的证券有哪些？
LED行业前三季度营业收入大于40而且营业收入同比增长率大于40的证券代码是什么
你好，查一下这周成交量同比增长大于10并且成交量环比增长大于10或者上周成交量大于100套的城市有哪些？
大城市成交同比增长大于0以及环比增长也大于0的月均成交量是多少
二线城市去化时间目前小于10或者在2011年底小于10，那么11年低点是多少
周前收盘价大于2元并且周收盘价大于2元的证券公司有哪些？
有哪些重点城市拟周成交大于1000并且前一周成交大于1000的？
定增价除权后至今价格大于10而且增发价格也大于10的股票最新收盘价为多少
近一周的成交环比小于0或者成交同比小于0，那么近一周的成交量平均每天为多少
总资产超过100亿而且净资产超过100亿的证券代码是什么
有多少重点上市公司的收盘价超过10元并且目标价也超过10元的？
我想了解一下本周同比超过10以上并且累计同比也高于10的三线城市有哪些？
请问在17年本益比高于20%或预计在18年的时候市盈率大于20%的股票，那交易的价格最高有多少
请问

请问近4周周均成交环比大于3并且同比大于30的重点城市有哪些呀？
高速企业经营性现金流大于20亿或者归母净利润大于20亿，那么经营性现金流与归母净利润的比值平均值为多少
你好，请问在2018年什么上市航司飞机客机的数量高于100架还有啊在2019年的时候也高于100架的？
有哪些重点城市环比大于10并且近7日日均成交环比大于10的？
在表中数据筛选出一线城市同比增速大于10%或二线城市同比增速大于10%的同比增速最小有多少？
哪些股票的净利润增速上限大于1000%或者净利润增速下限大于1000%
哪些航空公司的飞机数量引进在17年小于1000架而且18年也小于1000架
营业收入同比增速大于30%并且营业成本同比增速也大于30%，那么毛利润同比增速平均是多少？
请问营业收入同比增速大于30%以及营业成本同比增速大于30%的毛利润同比增速平均是多少？
环比上周大于10%并且环比上月大于10%的一手房每周交易的城市有哪些？
2010年成交面积大于1000万平或者2011年成交面积大于1000万平的城市有哪些
请问有哪些股票在这周股价超过10或者跌幅达到10%以下的？
请问上个星期成交量大于2000套并且2011一个星期平均成交量大于2000套的成交量同比增长的最大有多少？
2011年周均成交大于20而且2012年周均成交也大于20的是哪种类型的房产
周涨跌幅大于20%而且月涨跌幅也大于20%的股票最大收盘价是多少
在17年每股盈余高于0.6而且18年预估每一收益超过0.6的证券代码有哪些
周涨跌幅大于2%并且月涨跌幅大于2%的燃料电池公司有哪些？
不好意思，麻烦请问下国内PCB上市公司2015年毛利率大于20%并且2014年大于20%的公司有哪些？
麻烦咨询一下，二线城市一手房本周成交小于20万平方米并且上周成交小于20万平方米的去年同期最大是多少？
请问机械行业有哪些上市公司它的股价是超过10元并且市值达到10亿的？
总共有多少个城市当月累计成交量大于100并且上周成交量大于100的？
PE2017小于4而且EPS2017小于0.4的公司是哪个
现在香港市场有哪些公司现价是不超过20或者RNAV达到20以上的？
我有个好奇的想法啊，如果把总的市值超过100亿或者流通的市值超过100亿的所有股票的股价算个平均值会是多少
社保费率中养老占比低于10%或者医疗和生育低于10%的是哪些国家
2010年每股收益大于0.5或2011年每股收益大于0.5的公司他们的折价率平均下来是多少？
2014年产值小于20亿或者2015年产值小于20亿的公司复合年均增长率为多少
有哪些涨股是涨股收盘价大于5和涨幅也是大于5的？
你好，请问能帮我查一下2011年日平均成交大于1的或者2012年日平均成交大于1的主要城市有哪些？
哪些疾病的基准价格大于1000元而且病种费用也大于1000元
总共有多少项目的毛利率2014大于30并且2015大于30并且2016Q1-Q3大于30的？
请问在这份表中，哪些公司11年每股收益多于1块钱，而且预估在12年每股税后利润也超过1块钱一股。
业务量同比大于30%或者营收同比大于30%的快递业务营收平均值为多少
日成交超过500或者前一日成交超过500的城市有多少个
有哪些城市11年底大于500并且09年高点大于500的？
有哪些主要城市2011年日平均成交大于1的或者2012年日平均成交大于1的？
有哪些一手房每周交易的城市环比上周大于10%并且环比上月大于10%的？
请问一下有哪些铁路公司PB大于0.5并且ROE大于0.5的？
上周房地产行业数量统计中有哪些城市是高于1000，而且年初至今累计数量也超过了1000的？
在这份表中，有哪些公司飞机客机数量在2016年的时候高于100架而且啊在2017年的时候也高于100架的？
达美占总收入比重大于10而且营收也超过10亿美元的都是哪些业务项目？
在这份数据中，请问总共有多少个航空公司2016绝对值大于500并且2017绝对值大于500的？
这周销售大于300且上周销售大于300的去年同期平均是多少？
总共有哪些城市本周均成交面积大于5并且上周均成交面积大于5并且同比大于100的？
2018E大于600并且2019E大于600的航空公司有哪些？
请问在这份表中，有哪些快递公司2014年大于1并且2015年大于1的？
你知道有哪些城市4月份去化周期环比小于1%或者3月份去化周期环比小于1%的吗？
前一周成交大于2000套并且近4周周均成交大于2000套的城市有哪些？
秦皇岛港动力煤价格小幅上涨本期高于600或者上周高于600的指标名称是什么
A股本周涨跌幅大于1而且本月涨跌幅也大于1的银行是哪家
有哪些公司总市值大于100并且土地储备大于100的？
请问有哪些公司2010年PE在10%以上或2011年的PE大于10%的？
请问一下有哪些公司2016A市盈率大于30并且2017E市盈率大于30%的？
查一下市净率小于10的股票，同时市值小于300或市盈率小于10
你知道上映超过10天或者场均人次大于10的电影平均票价吗
想要知道哪个股票名称涨跌幅也超过16而且收盘价超过16块
有哪些指标上周内蒙动力煤大于300并且上月大于300并且上年大于300的？
有哪些城市日成交大于1并且2011年日均成交大于1并且2012年日均成交大于1的？
麻烦帮我看下一共有多少个重点城市环比大于1并且同比大于1的？
你知道有哪些2013TI收入占比高于10%且2014TI收入占比高于10%且2015TI收入占比高于10的市场分区？
2017每股收益大于0.1并且2018每股收益大于0.1的公司有哪些？
你知道内房股最新市值超过10亿港币并且最新股价达到10以上的证券都有哪些？
在这份表中，环比上月大于10%或者同比当月大于10%的累计同比最大是多少？
2017年毛利率大于20%并且2016年毛利率大于20%的国内PCB上市公司有哪些？
请问17年营收高于30亿，还有同比增速也在30以上的公司都有哪些？
一共有多少家单位的图书馆总数量大于1000条并且状态数量大于1000条的？
帮我看看同比在30以上的或者最近4周的周均成交的那个环比在30以上的重点城市有哪些呢？
有哪些重点城市的销售套数环比大于5并且销售面积环比大于5的？
2011年每股盈余高于1元，或者是2012年的每股盈余估计高于1元的是什么股呀
请问有哪些收益率在2017Q1大于10或者2017Q2大于10的呀？
最新价超过4块的哪些证券11年的每股盈余还超过0.4的
最新业务量数据同比增速8月份小于5%或者9月份小于5%，那么10月份的是多少
想要了解一下PE-TTM10高1同时PB也在1以上的汽车电子板块股票都有哪些？
有没有前一周成交不足1000或者拟周成交低于1000的城市，有几个啊
你好，在哪些年份商品房新开工面积大于20000万平方米并且商品房竣工面积大于20000？或商品房竣工率大于10%的？
出资额大于10亿或者出资额的货币资金占比小于10%的股权占比是多少
你好，方便告诉我房子的总成交量高于10同时它的环比也不低于10%的城市有哪些？
我想知道，中通快递市值大于500亿以及申通快递也大于500亿的时候，具体日期哪一天
运输业A股中都有哪些股在这周涨跌幅低于10%的呀，或者是周转率大于10%的呀
当土地成交累计同比最大值为多少时可使2011同期土地成交金额大于50亿或者2012年至今大于50亿
调整幅度最小值为多少时可使存款利率调整前小于3%或者调整后也小于3%
有哪些公司2016市盈率大于25%而且预估2017年市盈率大于25%的？
可以通过11年H2小于100万平而且10年H2也小于100万平来查询本期的住宅土地供应面积是多少吗
你知道有哪些晚间综艺节目在1月11号那天收视率超过1%的吗？
成交面积同比10年小于0，成交套数同比11年也小于0，有哪些城市
请问有哪些航空公司4月业务量数据同比增速大于10%并且5月大于10%的？
我想知道有哪些2017Q1大于1并且2017Q2大于3并且2017Q3大于2的公司？
总共有多少香港重点上市地产公司销售金额大于100并且销售面积大于100的？
定增价除权后至今价格大于10块而且增发价格大于10块的股票定增年度是哪一年
请问在哪些城市在2010年成交面积大于1000并且2011年成交面积大于1000并且2012至今成交面积大于1000的？
麻烦帮我算下市盈率2017A大于10并且市盈率2018E大于10的市值平均是多少钱？
首都机场2015年毛利率大于20%并且2014年毛利率大于20%并且2013年毛利率大于20%的项目总共有多少个？
你好，请问11年每股盈余超过1元，12年每股盈余估值也超过1元的那些公司其市值的平均数是多少你知道吗？
总市值超过130亿，而且流通市值也超过130亿的证券代码是哪个
本周换手率大于18%，而且本月涨跌幅大于18%的股票名是什么
11年上半年一手房成交大于6万平方米并且10年上半年一手房大于6万平方米的城市一共有多少？
总共有多少个PB高于0.5同时啊他的PS也高于0.5的股票？
山西无烟煤产地价格上个月大于1000而且上一年也大于1000的发热量/规格是什么
总市值超过14亿而且股价也超过14块钱的公司是哪个
山西无烟煤产地价格本期低于1000或者上个星期低于1000的指标有几个
请问一下有哪些城市成交套数同比11年大于1并且成交套数同比10年大于1的？
你好啊总市值超过80亿而且周成交超过80万股的证券代码是什么
有什么影片单周的电影票房超5000万，还有啊他的累计的票房超5000亿的？
你知道行测成绩超过70分或者申论成绩超过70分或者笔试总分超过70分的准考证号吗
2017YOY大于10并且2018EYOY大于10的公司总共有多少？
11年累计成交大于1000并且12年累计成交大于1000的重点城市有哪些？
哪些股票的市值小于300亿港币或者市盈率小于10，同时市净率也小于10
有哪些楼盘3月套数大于100并且4月套数大于100并且价格环比大于6的？
请问一下那些17年每股盈余超过0.4，18年的每股盈余估值也超过0.4的证券其代码咋写呀
麻烦你整理一下日成交超过200的或者前一日成交超过200的重点城市有哪些？
想了解一下本期超过100，而且上周也在100以上的都是哪些指标，请告诉我谢谢。
总共有多少证券PE18E大于10并且PE19E大于10并且PE20E大于10的？
2011年保障房达到10以上且2012年也达到10以上的省市总共有多少个？
请问一下2010年成交面积大于1000并且2011年成交面积大于1000的成交面积平均累计同比是多少？
请问一下销售面积绝对数大于3000而且销售额绝对数大于3000的销售额同比增长最大是多少？
公司2012至今合同销售额一共是多少，已知公司满足2012-2合同销售额大于50亿或者2012-3合同销售额大于50亿或者2012-4合同销售额大于50亿
PE2010大于10，PE2011大于10并且PE2013也大于10%的地产公司总共有多少个？
我想了解了解预计招聘超过3人的岗位有哪些，或是报考超过3个人以上的。
麻烦帮我查询一下17每股收益高于0.5且18每股收益高于0.5的证券总共有哪些呢？
请问有哪些城市11年底大于500并且09年高点大于500的？
你知道净利润上限在10亿以上或者净利润下限是高于10亿的都有哪些证券吗？
总共有多少家公司在17年的时候股票每股盈余大于0.5并且在18年每股收益估值超过0.5的？
有哪些上市公司2011每股收益大于0.5并且2012每股收益大于0.5并且2013每股收益大于0.5的？
货币资金超过30亿而且净资产也超过30亿的证券代码是什么
有哪些项目是17年冬春航班大于5以及17夏秋航班大于5的？
诶，你知道超过20元每股的是哪些公司吗，那那这些公司预计20年的每股盈余会是多少来着
推出土地宗数大于0或者成交土地宗数大于0的城市有哪些
你知道有哪些电视频道它的收视率超过0.2%而且市场的份额还在2%以上？
上海有哪些楼盘5月份均价超过20000元/㎡并且月环比涨幅超过5？
你好，有哪些城市在2010年成交面积大于1000并且2011年成交面积大于1000并且2012至今成交面积大于1000的？
环比上周大于10%并且环比上月大于10%的重点城市有哪些？
我想咨询下就是南京仙林临近地块土地出让面积达到10以上，而且建筑面积也大于10是在哪一年成交的？
去年同期28日均成交超过300或者近7日日均成交超过300套的有哪些重点城市？
不好意思，请问一下二线城市一手房本周成交小于20万平方米并且上周成交小于20万平方米的去年同期最大是多少？
麻烦问下日成交大于100而且前一日成交大于100的城市有哪些？
你好，请问一下有哪些城市2011年日平均成交大于1的或者2012年日平均成交大于1的？
有哪些项目指标较上周大于2并且较上月大于2的？
请问什么证券代码的周成交量超过80万股还有总的市值超过80亿
请问中国民航在10月份完成数额达到10以上同时同比也小于10%的指标都有哪些？
有哪些航空公司2018E大于600并且2019E大于600的？
数学老师需要超过1个或者语文老师需要至少1人的招聘单位有几个
请问你能告诉我一下目前市值超过10亿元或者最新股价超过10以上的有哪些证券吗？
PE2011大于11而且PE2012E大于11还有PE2013E也大于11的证券代码是什么
2012年6月住宅开发关注类公司EPS2012E大于0.4而且EPS2013E大于0.4，还有最新的股价还大于6块钱的证券代码是哪个
周涨跌幅小于0的股票以及月涨跌幅也小于0的股票有吗，有的话请告诉我
总资大于30亿或者净资产大于30亿的股票有哪些
你知道涨跌Change低于0或者涨跌幅Change低于0的收盘Close吗，可以告诉我多少吗
2011年周均成交大于20以及2012年周均成交也大于20，那么所对应的周均成交同比最小值为多少
2010成交大于2000亿元并且2011年成交大于2000或者2011同期大于500的城市有哪些？
那个，存款利率调整前大于4%或者调整后大于4%的·存款期限都多长啊
请问一下2019年2月18到2月24号每场平均的人次超过10或者说是一周的票房超过2亿的电影有哪些
周换手率大于20%而且周涨跌幅大于20%的证券代码是什么
请问有哪些指标在本期大于100并且在上周也大于100的？
有哪些本周一线城市一手房成交大于15万平方米并且上周成交大于15万平方米或者去年同期大于15万平方米的城市？
持股比例大于15而且里程数也大于15公里的公路是哪个
10年H1成交大于5并且10年H2大于5并且11年H1大于5并且11年H2大于5的城市一共有多少个？
总共有多少个城市09年低点大于300并且10年低点大于300并且11年低点大于300的？
你知道6月17日都有哪些证券的最新市值达到10亿以上而且它的最新股价也大于10的？
1月业务量数据同比增速大于1%并且2月大于1%并且3月大于1%的航空公司一共有多少个？
房地产二线城市前一周成交大于2000万平或者上一年度同期成交大于2000万平的城市有哪些
你知道去年同期28日均成交超过300或者近7日日均成交超过300是的日成交最小值吗
请问一下本周大于500并且上周大于500的城市有哪些？
麻烦请问一下有哪些重点城市的销售套数环比大于5并且销售面积环比大于5的？
有PB在1以下而且他的PS也低于1的股票代码吗
2014年通达系运输成本拆分与测算大于1并且2015年大于1的快递公司有哪些？
请问总共有多少个图书馆单位的总数量大于1000条并且状态数量大于1000条的？
净利润增速上限大于15%而且净利润增速下限大于15%的证券代码是哪个
哪个城市在2012年5月31日当天的日成交量大于300并且前一日的成交也大于300
这一周成交量大于10套同时销售环比在10以上的城市有哪些？
二线城市土地成交面积2011年同期大于500万平而且2012年至今也大于500万平的，那累计同比是多少
你知道周涨跌幅大于0或者月涨跌幅都大于0的股票收盘价吗
我想知道你们这边目前市值超过10亿元或者最新股价超过10以上的有哪些证券？
韵达股份大于500亿或者圆通速递大于500亿的标志是什么
请问总共有多少个指标上周山西无烟煤产地价格高于1000且上月高于1000的？
这周成交环比大于0或者周均成交同比大于0的城市房产销售时间环比是多少
麻烦问下PE2018E大于10并且PE2019E大于10并且股价大于3的公司总共有多少？
2011年12月成交量环比大于0或者2011年11月成交量环比大于0，那么2011年10月成交量环比是多少
一共有多少个城市10年H1成交大于5并且10年H2大于5并且11年H1大于5并且11年H2大于5的？
总共有多少个公司2017YOY大于10并且2018EYOY大于10的？
有哪些住宅房2010全年大于15而且2011全年大于15的？
哪些公司股价高于20的呀，那这些公司20年的每股收益预计会是多少啊
你知道最新业务量数据同比增速8月份小于5%或者9月份小于5%所对应的10月份同比增速吗
你能告诉我晚间收视率在0.2%以上或者市场占有率大于2%的综艺节目名称吗
2012至今大于300并且2011同期大于300的城市累计平均是多少？
在这个表格中，17年市价盈利比率超过20%或18年市盈率估值高于20%的股票交易价格最大值是多少
本周成交大于10并且本周成交环比小于10的主要城市一共有多少个？
请问11年H1大于1并且11年H2大于1或者10年H2大于1的城市一共有多少？
2016A市盈率大于30并且2017E市盈率大于30%的公司有哪些？
计算出各城市上周成交面积大于4并且本周成交面积大于4的环比最大是多少？
想要知道市值超过80亿而且一周的成交量超过80万股的证券代码是哪个
在这份表格中，周均成交面积大于10或者同比大于10的城市有哪些？
打扰了，请问有哪些上市公司2011每股收益大于0.5并且2012每股收益大于0.5并且2013每股收益大于0.5的？
想请问一下有哪一些公司2011每股收益大于1并且2012E每股收益大于1的？
2011年每股盈余超过1块同时预计在2012年每股收益也多于1块钱的公司有哪些？
17EPS大于1并且18EPS大于1的重点公司有哪些？
帮我看看，2011同期大于100并且2012至今大于100的三线城市土地供应累计同比均值是多少？
有哪些地区跨省流动大于40并且省内流动大于40的？
周涨跌幅大于1%或者月涨跌幅大于1%的股票最小收盘价为多少
你好，请问可以通过国有出版公司营业收入同比增速2014年低于0或者2016年小于0来查询2017年的同比增速吗
请问有什么城市前周的成交量超过了2000套啊而且在最近1个月之内周平均的成交量都超过2000套的？
一手房成交面积本周大于10万平或者上周超过10万平的城市，他的去年同期均值是多少
总共有多少个航空公司2016绝对值大于500并且2017绝对值大于500的？
有哪些航空公司2017静态座位数大于10并且2018静态座位数大于10的？
麻烦请问一下在17年股票每一股收益超过0.5并且18年预计每股的收益大于0.5共有几家公司啊
你知道有哪些城市12月末去化周期环比大于5或者11月末去化周期环比大于5的吗？
请问哪个在2011年保障房超过30的城市在2012年的时候也同样超过30
非金属类建材行业有哪些股票的收盘价超过10并且涨跌幅也大于10？
有没有股价小于10块的股票，多不多，总的有几支股票股价是没有10块的
CAGR18到20年是高于20个百分比的股代码可以告诉我吗
哪个城市的二手房销售套数环比大于0或者销售面积环比大于0
19年第1周全国电影票房排名前10中票房占比小于2%并且场均人次小于10人的影片一共有多少部？
麻烦了，不好意思，问一下山西动力煤本期大于400并且上个星期大于400的指标名称有哪些？
你能告诉我2019年2月18到2月24一场的平均人次在10以上的是什么影片吗或者是一周票房超过2亿的影片是什么
有哪些快递公司Q3单票收入大于3元并且Q3同比增速大于0.5的？
近3个月股价涨跌幅大于0或者近12个月股价涨跌幅大于0的17年最大营收是多少
你知道中国民航有哪些运输指标在10月同比在10%以上而且累计同比也高于10%的？
三大航平均客公里收益大于0.6，或者客座率变化大于0的时候客公里收益同比的最大值是多少
一共有多少个成交面积累计同比小于10并且成交金额累计同比小于10的城市？
请问一下有哪些城市是同比大于10万平并且在这星期均成交面积也是大于10万平的？
17年冬春航班大于5并且17夏秋航班大于5的项目有哪些？
帮我查查有哪些证券本周涨幅大于10或者最新股价大于10的？
请问成交量同比增长大于10并且成交量环比增长大于10或者上周成交量大于100套的城市有哪些？
净利润上限大于1亿元并且净利润下限大于1亿元的证券一共有多少个？
上周房地产行业统计数量达到1000以上而且年初至今累计高于1000的都在什么地方？
EPS2018E大于0.5而且EPS2019E大于0.5的证券简称是什么
请告知我本周交易超过10万平方米，又在上周交易也在10万平方米以上的城市谢谢。
你好，方便跟我说一下房地产都有哪些公司在4月27日时收盘价高于10同时月涨幅是不足10%？
请问有哪一些净利润上限大于5亿元并且净利润下限大于5亿元的证券？
有哪些四类车大于10000并且五类车大于10000的高速？
请问在上周房地产行业统计数量超过1000并且年初至今累计达到1000以上的都是在哪些地方？
2月份楼市成交的环比小于30%或者同比小于30%的城市是哪几个
17年我国有没有哪家混凝土外加剂公司在这个销售的数量这方面大于10万吨或者在生产能力可以达到10万吨以上呢？
请问总共有多少个EPS2017A大于0.5并且EPS2018E大于0.5或者收盘价大于10的航空股票？
请问一下一线城市去化10年高点大于10并且11年高点大于10的目前最大是多少？
请问哪个城市本期土地供应在10万平以上的呀，或者是11年同期在10万平以上也是可以的，都给列列吧
请问一共有几家公司这周收盘价高于5元，还有这周涨跌幅也高于5%的呀？
请问在17A每股收益大于0.5元并且18E每股收益大于0.5元并且19E每股收益大于0.5元的重点上市公司的平均收盘价是多少？
发热量/规格达到多少动力煤产地价格上涨上个月大于400而且上一年也大于400
你知道17EP大于1而且18EP也大于1的公司是哪个吗
PB大于4或者RNAV大于4的证券简称是哪个
诶，那个本周跌幅前5个股中啊有几个股是股价大于10，并且跌幅小于5的呀
珠三角哪些城市在上一周成交量达到100套以上，并且同比增长还超过100的？
18每股收益大于0.5且19每股收益大于0.5且20每股收益大于0.5的证券有多少？
电容行业2016Q1大于50并且2016Q2大于50并且2016Q3大于50并且2016Q4大于50的公司有哪些？
交运子板块上周涨跌幅高于0或者本月涨跌幅高于0，那么年涨跌幅为多少
请问11年每股盈余超过1，并且预计12年的每股盈余也超过1的一共有几家房产公司呢？
请问一下快递公司2018年单量大于10亿件并且2017大于10亿件的市占率最大是多少？
我想知道有哪些高速公路15吨以上货车流量大于2%并且10-15吨货车流量大于2%的？
2011同期大于5000并且2012至今大于5000的城市总共有多少？
想问一下有没有哪个公司EPS2017低于0.4并且PE2017低于4的
飞机净增长为多少导致宽体机的引进量超10架或者窄体机推出大于10架
日成交量低于2日成交环比也是同样低于2的城市有吗，是哪个
请问有哪些国内PCB上市公司综合毛利率2017年大于20%并且2016年大于20%并且2015年大于20%并且2014年大于20%的？
当月累计成交量大于20且累计同比大于20%的重点城市总共有多少？
2016A市盈率大于30%并且2017E市盈率大于30%的最新每股净资产最大是多少？
EPS18E大于1.3而且EPS19E大于1.3的公司有哪些
2017年分红比例大于60%而且营业收入大于60万的GDP增速是多少
前周成交量环比大于10并且前周成交量同比11年大于10的重点城市总共有多少个？
日成交环比大于10并且7日成交环比大于10并且7日成交同比大于10的城市总共有哪些？
占地面积大于1000平方米而且建筑面积也大于1000平方米的建筑有哪些
2018年市盈率大于15并且2019年市盈率也大于15的公司有哪些？
2018Q1大于1并且2018Q2大于2的快递公司总共有多少？
从这份数据中，可以看出在2011年累计土地供应超过1000万平米并且2012年累计超过1000万平的重点城市的平均累计同比是多少？
请问一下，股价大于20元并且市值大于20亿元的公司总共有多少？
本周均成交面积大于5万，上周均成交面积大于5万平而且同比大于10万平的城市有哪些？
本周一手房成交大于20万平方米并且上周一手房成交大于20万平方米的去年同期平均是多少？
定增价除权后至今价格大于7并且增发价格大于7的最新平均收盘价有多少？
2011年ROE大于10并且2012年也大于10的证券有哪些？
请问一下2012年1-5月成交面积大于100并且2011年1-5月成交面积大于100的城市有哪些？
公里数超过了300千米，且其投资也达到了300亿元的高铁线路，那么这设计时速是多少千米每小时呀
请问有哪些证券净利润上限超过10亿或者净利润下限超过10亿的？
你知道现在航运业里总收入高于1000万同时净利润超过1000万的都有哪些公司？
想要了解周前的收盘价格高于5美元还有那个周收盘的价格超过5美元的证券对应的代码
北上广深五大机场市场份额国航集团大于30%或者南航集团大于30%的机场有几个
周涨跌幅超过7%而且周换手率超过7%的证券代码是什么
我就是想要了解周收盘价格高于5块钱，还有那个周成交金额高于5亿的证券的代码
2011年12月成交量环比大于0或者2011年11月成交量环比大于0，那同年10月成交量环比是多少
你知道什么公司2011年的股票本益比达到10倍以上，估计2012年的本益比也达到10倍以上的吗
请问一下，2012至今大于300并且2011同期大于300的城市累计平均是多少？
