房地产开发施工面投资完成额低于1000块或者其他费用小于30000的房地产开发投资完成额均值为多少
请问福州市在09年时成交的住宅建筑面积超过了100万平米，你知道平均每宗土地面积是多少吗？
有几个项目的以建设综合商务中心为、农产品精深加工产业园为内容或者计划投资超过6000000000000元的
近4周周均成交环比大于3并且同比大于30的重点城市有哪些呀？
哪款机器人在2016年的销量市占率大于2或者销量超过了2000，叫什么名字
现在的价格破6000的苹果手机还有几个型号呢？
哪一年通车的济青高速投资额是308亿
五月均价超过41000平而且月环比涨幅超过4的楼盘是哪个
能跟我说说哪几家公司的市值在100以上啊，或者是股价在10以上的
哪些产品的生产日期或批号为43191或者抽查是合格的
想知道每股收益超过5角并且市盈率超过20倍的是什么股票
请问实达集团它在5月31日的收盘价高于1，那你知道它的市净率是多少吗？
你好啊，能帮我就是查一下那个11年周均成交量就超过10000的一线城市，上周完成了多大成交量啊，两者相比，比重多少啊
针对在2018.10.31的股票收盘价，能不能把那些市盈率不足41%的股票名和代码列举一下
你知道英飞凌业务收入2018年大于13亿欧元或者2017年大于10亿欧元的指标有多少个吗
你知道有哪几个企业的生产线是小于20或总产能小于200的吗？
股票的重估净资产多少时，股票收益比率可以超过20%以及2011年每股收益大于0.5
我想问问啊就是有几家公司市值超过100亿的，并且股价在10以上的呀
像每股收益不足5毛或者本益比小于40%这样的股票，我突然有个大胆的想法，他们的股价全部加起来有多少
河南冶金煤的均价当期达到了1040元一吨，我想知道上周的价格是多少
你好啊，我想问问就是检验钟表哪些参数收费超过400元的呀
分值低于10分或者评分标准是1、未纳入总体工作和年度工作计划的，扣2分。2、未建立领导机构或明确职责的，扣2分；3、未制定方案，扣2分；4、平安创建无部署、检查和总结的，扣2分的项目有几个
你好，你知道今年第七个星期播放次数超过2个亿，还是在芒果平台上播的网剧和电视剧共有几部吗
属于山东省且注册资金是1千万的企业是哪个？
请问哪个部门有需要研究生硕士的岗位有1个录用名额？
诶诶，我问的是深圳12年5月的时候的，就是问5月深圳哪些楼盘是大于2万每平的，或者是深圳哪些楼盘房价5月比上月上涨幅度高于10的
北京金泉港国际影城观影达到1万人次，那场均人次又是多少？
你好啊，你帮我查一下售价1万以下每平的都是哪些香港上市地产公司啊，还有那那这个单价同比多少啊
那个市值大于30亿美元，并且是台湾公司的都是哪些被动元器件制造公司啊
诶，上周五几个综艺是在湖南台放的呀，并且啊还有超过0.3%的收视率
在沈阳2005年批建的平台总共有多少个？
请问一下18冬春航班数量大于10000并且航班占比大于10的净利润最小是多少？
你好，我想要那本1993年7月出版的浮士德，你说多少钱吧
养殖鲍鱼且面积小于1万平方米的养殖场是哪个？
新开普15年增发的价格是多少来着
请问有中大牵头且经费超过了1500万的项目是哪个？
我只想知道这部分股票的名称，就是最新的股票价值不超过14块六，市值呢又是超过44亿港币的
有哪些书是在14年北大出版社出版的呀
销售面积大于100或者销售面积同比大于10或者销售单价大于10000的地产公司有哪些？
求告知实用警务英语在哪可以找到，是岳洪锦主编的，出版社是对外经济贸易大学出版社，出版时间是社2014年8月
诶你知道有哪些书是11年12月在商务印书馆出版的吗
请问有没有什么证券的2011的基本每股收益高于8毛，有的话是哪个证券代码
你知道实用警务英语着本书在哪里借阅，对外经济贸易大学出版社2014年8月出版的，岳洪锦主编。
帮我查一下国航4月的正点率，我只知道5月份的是已超过0.55了
最近1周，哪些城市的日均成交量是超过200的
93年7月出版的浮士德卖多少钱你知道吗
哪些地产公司低于1万每平的呀，那那售价同比又是多少啊
本周销量大于1000套并且本周销量大于10万平米并且销量环比大于1的城市一共有多少？
我想咨询一下汽车电子板块里都有哪些股票它的PE-TTM多于10而且PB也大于1？
2018年7月份对商标代理违法行为进行检查，这次抽查任务的编号是多少啊
我好想知道低于16000万平方米的建筑项目出让时间是什么时候
社会科学文献出版社在2011年1月份出版了什么丛书
你可以告诉我最新收盘价大于5块或者倒挂率大于50%的证券简称吗
我想咨询一下就是11年深圳平均下来每周成交少于10，那12年深圳的周均成交大概会有多少？
成交住宅土地低于300或者成交住宅建筑面积低于170万平，那它的每宗土地平均面积是多少啊
平均票价超过10美元，或者票房超过10093百万美元的国家有几个
请问全日制本科以上可以报且招2名人员以上的岗位是哪些？
什么公司承担了2013年的光纤陶瓷插针连接器研发项目
哪些公司的年涨跌幅是小于12%的
有哪些公司股价大于10并且总市值大于100或者年初以来市值大于30的？
想咨询一下就是在2017A锂电池需求量已大于20了，你知道对磷酸铁锂和钴酸锂的需求量是多少吗？
那个北京在5月份都有哪些楼盘是小于3万每平的，或者是月环比涨幅低于10的
什么时候开通那些投资超过200亿的高铁线路啊，还有就是线路是从哪个城市开往哪个城市
这次建筑面积低于16000万平方米的项目，城市出让时间定在什么时候呀
你好，帮我看看持股数量大于150万并且最新股价大于15元的最新市价平均是多少？
周涨幅低于80%或者累计涨幅低于2的股票有哪些
请问包钢股份季度每股收益低于10，那与18年10月31日的收盘价对应，你知道市盈率是多少吗？
11年12月在商务印书馆出版的是哪些书啊
缮证日期为2011年11月29日并且使用权面积超过10000的土地使用权人总共有多少个？
所有招1人的科室中，哪些需要最低学历是本科的？
哪些公司的股票每股收益超过了1或者本益比大于10
你好，你知道13年8月份百花洲文艺出版社出版了哪些书呀
有哪些项目营业的收入大于1亿美元，营收的同比增速大于20%并且占总营收的一个比例大于10%的？
请问哪个城市的日成交超过2而且成交环比超过20
你帮我算算那个那个开盘超过100套的，而且啊是在北京朝阳的，有几个楼盘啊
你知道那些17年市净率高于1倍，市盈率高于3倍，还有资产净收益率也高于10%的公司它们的股票股息率分别是多少吗
我在网上看到工程质量监督站在招聘质量监督员，想问一下这个职位是有什么专业才可以
河南省智信染织有限公司在2013年8月份生产了什么产品
想了解都有哪些城市的新房成交销售套数在5月20-26日期间高于100而且销售套数环比小于10？
有哪些地产公司销售面积大于100或者销售面积同比大于10或者销售单价大于10000的？
哪些换手股的收盘价是超2块或者周换手率超过15的
我想问问你啊就是腾讯上播的有多少部网综在19年第1周的时候播放量就达4000万以上的呀
华师大出版社在2011年8月份出版了什么书
哪些电影和歌曲是1934年的
什么公司在2017年6月5号生产了45度的浓香荞麦烧酒
2018年11月出版的车载激光测量数据智能后处理技术：SWDY深入解析与应用有多少页啊
我想了解一下啊，关于辽宁鞍山和本溪地区变质条带铁矿的品味，低于35%的矿场多吗，具体是哪些
你知道全球物流自动化系统销售收超过20亿美元并且同比增长率大于10%的公司有多少个吗
麻烦查查违法车辆数超过1辆并且违法情况为未处理的企业有哪些？
你好啊，你知道这个星期新房的成交面积超过100000平米，或者成交超1000套的共有几个城市吗
房地产开发投资在5月12号时已超过1000，那在下个月12号的时候是多少？
你好，那个15年增发新股的三五互联公司有多少个目的呀
2017年6月5号哪个公司有生产45度浓香荞麦烧酒
你好啊，你帮我查一下那个11年12月的时候啊商务印书馆出版了有哪些书啊
成交面积连续两周的变化比不足15，那在上周成交了多少啊
我想知道那个预计18年的市盈率会大于10，平均市净率也会高于1的有几家航空公司啊
你帮我查一下那些在10年十二月出版的，售价达到15块的书叫啥名吧？
我想知道有几只股票的收盘价低于10元每股？
宝钢股份季度每股收益不足10的话，那市盈率呢，与2018.10.31的收盘价对应，会是多少？
有哪些年级专业的考试科目是高等数学一并且人数大于5的？
打扰一下啊，17年出版的书叫什么名字
麻烦帮我查查有什么项目的给的资金是3万而且研究时间超过1年以上的，还有单位有哪些呢？
了解到西向的生态填埋场需要招聘3位机修人员，想问一下他们想要招多少岁的
你帮我看啊就是12月9号那天收视率大于5%，而且市场份额也超过4%的都是什么晚间综艺的啊
2017年吨钢成本低于3500块的公司，他同年的产量和成本费用分别为多少
就是上周的A股房地产股啊，告诉我一下股票名啊，我给忘了，但是我记得他们的股票的市值超过60亿或者最新的股价是小于11块六的
诶，那个12年5月上海有几个楼盘售价是在2万以上每平的，而且啊月环比涨幅还达到3以上的呀
那个是什么参数啊，上海的小于10或者是北京低于24的数值表示哪个参数
有多少台显示器是在2002年1月购买的
你好，可以跟我说一下教育行业里有哪些证券的最新收盘价高于5元而且倒挂率超过50%的吗？
你知道那些15年以配套融资目的进行定增的证券代码是啥吗，都是什么证券啊
你帮我查一下这个礼拜成交面积在45200平方米以下的是什么城市吧
如何对溢价率超过-30%或者涨幅高于11%的股票进行投资评级
教育行业近三年有哪些证券最新收盘价超过5元并且倒挂率达到50%以上？
有哪些城市在上一年度的时候他的一个同期成交低于了800套
2011年1月份社会科学文献出版社出版的丛书是什么啊
威海市鸣翠园这个住宅楼有6453平方米的建筑面积，想问一下这个住宅楼是什么公司建的
哪些事故发生在2014年或者死亡人数超过1人的
哪些公司预计20年的每股收益小于1，市盈率也小于10的呀，这些公司股价多少啊
哪几款机器人在2016销售量可以超过4800而且占市场总销量可达90%以上的
2002年1月份买了几台显示器
你知道这次全球排名前10的学校中美国占了几位吗
哪个鲍鱼养殖场的面积没有超过1万平方米？
请问需要最低本科学历的岗位中，哪些只有1个录用名额呢？
招聘人数为2人且学历最低需要全国统一招生本科的岗位是哪些？
学历最低需要本科且只需要1个人的专业岗位是哪个呢？
帮我看看，都有哪些企业的场租合同金额超过10万而且展览规模超过10000平米的，都有哪些展会？
有多少本书是中国社会科学出版社在2015年12月份出版的
那些收市价超过1块五八的股票叫什么并且所对应的股票代码又是什么呢
请问有哪些企业的违法车辆数超过1辆并且违法情况为未处理？
请问有哪些开发类的地产公司股价是超过10且总市值达到100以上的？
诶，你知道那个有哪些证券12年预计每股收益会大于1，并且本益比也大于10的呀
怎样的楼盘平均下来售价高于2万的呀，还有就是价格比较之后怎样
什么丛书是社会科学文献出版社在2011年1月份出版的
	
书号为7200066109.0的书或者图说魔术入门这本书要多少
我就想问一下那个天丹文化证券，也就是你之前跟我说的那个2016年为了配套融资进行定向增加发行新股的企业，它的代码咋写的呀
你知道那个江苏省的渔港监督局要招几位科员吗，还有这个科员的职位代码我已经知道是8了，你不要再说了
你好，我想问你啊就是往事这本在12年出版的书，它的作者是哪位啊
你帮我查一下00年后出版的书名吧
你好请问像市值大于100亿或者收益大于5000万这样的股票，它的第三季度营收同比增速最大值是多少
你知道全球物流自动化系统销售收入大于30亿美元的同比增长率最高的时候是多少吗
公司股价低于26块，并且市值低于374亿的评级结果是什么
在2012年成交的住宅土地是2宗，你能不能告诉我它的成交住宅建筑面积是多少
投资308亿的扩建高速济青高速什么时候可以通车
有哪些部门的招聘人数超过1人并且学历是本科以上的？
我已了解到国航5月份的航班正常率是高于0.55的，那4月的正常率是多少呢
你知道检验钟表的参数有哪些是收费超400元啊
我了解到12年1到5月这段时间房地产开发投资累计数已高于1000，那在这段时间的同比增速达到多少呢？
请问有哪一些公司2011市盈率高于20并且平均市净率估值高于2的？
房地产开发投资在12年1至5月累计数量超过1000，同比增速是多少呢？
最新股价超过17块的模拟组合有多少
融创中国EPS2012E超过了1，那PES2013E呢，是多少？
所有面积小于1万平方米的养殖场中，哪些是养殖鲍鱼的？
3个月移动平均住宅去化月数不足11，可以销售的面积大概为多少啊
能不能帮我查询一下2016A的市值是多少，它的市盈率不足23，哦，对了对了，还有股价也要查
了解到圆通总的市值已高于300亿，那它最后一笔交易的成交价是多少你清楚吗？
诶你知道买多少张实木扶手椅才超过1万块钱吗
你知道住宅用地成交宗数大于0，成交面积大于10万平以及楼面价一平大于1000的溢价吗
2011年每股收益大于5毛的股票有哪些，顺便说下代码
请问有哪些岗位部门的职位数大于2并且学历学位是硕士研究生以上学历与学位的？
有没有持股比例大于20%或者投资金额大于8亿的公司
你知道凯撒文化公司在16年增加发行新股的目的有多少个吗
有哪些城市上周成交超过1宗并且成交面积高于10万平方米？
你知道那个商品房竣工低于10亿平的竣工率是多少，开发投资了有多少
哪些公司在2011年的时候的股票每股收益不足0.5或者本益比低于20的
想了解都有哪些城市在上周成交量大于1总而且成交的面积是超过10万平方米的？
有没有10A每股收益大于5角并且10A本益比超过20%或者总股本超过30亿股的股票，都分别叫什么
我想知道18级经贸专业中有50人以上的是哪些班
今年城市的住房成交同比数据有了吗，就是去年同期28天的日均环比不足100或者最近8天平均每天的环比数低于22的城市
帮我看看有哪些项目做得周期是5年的，而且给的经费超过5000万元的
书号是9787111601548或者是9787111601722的书内容大要是什么
建筑面积6453平方米的威海鸣翠园住宅楼是哪个公司承建的
我已了解到兴森科技这个PCB公司在2016年的总收入高达20亿以上，麻烦请告知它的复合年均增长率是多少谢谢。
那些股票2016A每股收益不足4块的公司你知道吗，知道就快告诉我，急急急
我查询到申通它的股票交易价格已超过15块钱，那你知道它本益比是多少吗？
如果要买超1万的实木扶手椅，那要买多少张呀
请问申通业务量同比超过了10，那他的快递业务营收有多少？
请帮我问问有哪些城市本周销售面积大于10并且本周销售套数大于1000的？
周涨幅不足15.25%的涨股和跌股名称分别是什么
有没有市值比重小于30%的模拟组合啊，持股数量多不多啊
你好，你能给我就是查一下吗，就是哪些楼盘在12年5月份的时候啊是超过3万一平的呀
2019年1月14日至18日股价大于4块钱而且市盈率大于40的代码是什么
哪些样品中检测氯霉素的最大值为0.3？
哪些股票的最新收盘价大于5块或者倒挂率大于50%
我查询到东方航空东方航空PES2018E不足1，那现价呢？
在补助资金高于10万的项目中，属于万州区的是哪些？
麻烦请告知交运行业在上一周指数达到2000以上和涨跌幅低于2的股票谢谢。
有哪些公司啊就是18年的EPS大于1，而且PE大于10的呀
横店院线的一周票房是2856.8万，那么观影的有多少人
请问

请问近4周周均成交环比大于3并且同比大于30的重点城市有哪些呀？
你好，你帮我看一下那个12年每股收益估值在1元以上的招商地产它13年每股收益又将会达到多少呢？
请问18年6月的时候立的国家社科基金项目有哪些，主要负责人有哪些
我想问问啊就是12年6月哪些地产公司的市值会小于100亿，或者股价低于10的呀
请问有什么产品需要1万以上才能买到？
横店院线这个星期电影票房是2856.8万，你知道电影上映期间观看影片的人有多少吗
北京区域成交数值小于25的是表示哪个参数或者是上海的数值低于10
二手房销售环比大于0或者销售同比大于-45，那么上个星期总的销售面积是多少
我想知道湘雅二医院2018年的时候重点研究的项目是什么，项目的主要负责人是谁呢
北京时代华文书局在2015年1月份出版了什么书
哪个股票代码PB大于100而且PS大于10
我的妈呀，土地出让金大于17000亿，那他的平均溢价率得多少啊,出让时间又是什么时候
就是想查一下最新市值在100亿以上股价在10块钱以上的证券代码
我想知道16年联创互联证券定增的目的是什么
销售环比大于0或者销售同比大于-45的二手房上个周的销售总和是多少
你知道万科总市值高达多少吗？我知道目前它的收盘价超过5元了。
我很好奇2012年1-5月全国房地产开发绝对量超过3000的指标
你知道11年股价收益比率在20倍以下，每股税后利润也在5毛钱以下的公司数量吗
那些溢价率达到-30%以上或者涨幅大于11%的股票，你知道他们的投资评级是什么吗
生产日期或批号为43191或者抽查合格的产品有哪些
股票股价多少时它的18E每股收益大于1块或者18E本益比大于10%
你好，你知道15级金融与证券专业需要上的课程名吗
那个电视剧集数超过30集的而且发证日期在2017年1月25日的剧名有哪些呢，他们的制作单位又有哪些呢
那个深圳5月份的时候啊有哪些楼盘是2万以上每平的呀，或者月环比涨幅大于10的呀
由北大出版社出版且是2013年出版的书有哪几本？
有没有符合年涨跌幅低于12%的公司啊
19年第4周播放量高于5亿，并且在多个平台上都可以播出的有几部剧啊
上周五在湖南台播的，收视率还大于0.3%都有几个综艺啊
你能告诉我16年为了补充流动资金而定增的证券代码吗
已经知道这个楼盘的土地出让金很高，远程17000亿，那么问题来了，它啥时候出让，平均溢价率又能达到多少
二手房成交超过276135.60平或者成交超过了1000套的城市有哪些
你知道2017年市盈率就超过20，名叫鼎汉技术的这家公司它在2018年的市盈率预计会达到多大吗
你好啊，帮我算算有多少家公司是市值超100亿的，而且啊超过10元每股的呀
我想知道哪些年京沪高铁净利润有超过50亿的，或者平均每天客流量超过20万人次的呀
我了解到包钢股份季度每股收益是小于10的，对应2018.10.31的收盘价，市盈率是多少？
2016年3月份文联社出版的书有哪些
请问只需要1人的专业岗位中，哪些是需要本科及以上学历的？
我了解到云南城投的PE12E是高于1的，想问问他PE13E是多少？
那平江橘郡之前说是有384套房要卖的，那现在有卖出去多少套，就是签约了共有多少套啊
小于600的产能或者关停时间是在2017年11月15日的有哪些产线
我了解到蓝色光标EPS18E是小于1的，你知道它EPS19E是多少吗？
我想问一下就是啊18年EPS大于1的，并PE在10以上的都是哪些公司啊
你好，请帮我查一下每股价格高于20元，或是市值超200亿的公司简称，谢谢
请问学费500的课程哪些是招考过4级的学生的？
我发现春秋航空在PE2018E是不超过20的，那EP2019E呢？
你好，我想知道一共有多少所美国学校排名在世界前10
你帮我查一下周成交少于500万股，周成交额也低于10亿的都是哪些证券啊
需要研究生硕士且只招1个人的岗位是来自哪些部门的？
我想知道股票的的总市值，目前我只知道这些股票的重估净资产超5或者每股净资产高于1.8
李沧哪个市场测评出来的分数是在200以上的
连续两周内的变化比低于2，那两周的成交面积分别为多少
2016年12月人民出版社出版的书是什么
对的对的，我想查一下持股数量和模拟组合名称，就查市值比重在30%以下的
你知道15年定增的天神娱乐增发目的有几个吗
从上映到现在累计票房超过2亿的都是哪些影片啊，每场平均有多少人次啊
PE-TTM大于10的曙光PB是多少
你好，那个要买几张实木扶手椅才花到1万以上的呀
这个股票应该怎么评级啊，它所有股票的市值低于100亿或者股票交易的几个小于10块
我就想问一下啊，现在呢我这里呢是知道一个这样的数据，就是最近8天平均每天的环比数小于22或者去年同期28天的日均环比小于100，那今年的同比和环比有关系吗，同比是多少呢
诶你帮我查一下呗那本93年版本的浮士德多少钱来着
西北省市这不是实施保障房计划嘛，我想知道关于2012年的1个十二五规划情况啊
我想了解一下什么公司的股票交易价格是高于12块五毛的呀
诶，你有数过17年的时候有几家那个教育行业公司增发目的是配套融资和那个融资收购其他资产的吗
二手房当月累计成交量均值达到多少时它的上周成交量大于10或者年初至今累计成交大于600万平
深振业A的11EEPS是小于1的，那11EPE是多少你知道吗？
请问一下2012年6月19日上周住宅用地哪个城市上周成交面积超过400000平而且楼面价超过40块一平的
2016A每股收益大于5角或者2016A市盈率低于50%的公司有哪些
北京12年6月的可售环比在1以上，可售数量呢？
汽车电子板块股票有哪些是PE-TTM大于10并且PB也高于1的？
你好，那个12年5月份上海还是毛坯的，容积率也大于1的那些新盘的售价平均数是多少啊
你知道2011年每股收益大于5毛或者股票收益比率大于20%的股票平均市净率吗
你知道达美辅助收入占总收入比重的多少吗？已知营收已高于10亿美元而且总乘客数量人均在100以上了。
我想知道那些增加发行新股价格在10块以上，还是在15年定增的公司数量
我想咨询一下就是北京大悦城IMAX店在这周票房达到50万以上，那你知道多少人观影吗？
诶，你知道那些在17年增发新股，倒挂率还达到50%以上的公司叫啥名吗
想了解密室逃生1-14至1-20电影票房排在第4名，你知道单周的票房是达到了多少万吗
2017年6月5号生产的45度浓香荞麦烧酒是哪个公司的
我问你啊那个累计票房达2亿以上的都是什么影片，这些影片场均人次多少啊
本益比小于40%或者每股收益不足5毛的股票，总的股价是多少
你好，你可以帮我算一算倒挂率高于60%，还是在15年增加发行新股的公司数量吗
在5月31日实达集团的收盘价是在1以上，我想知道它的市净率，麻烦说一下谢谢。
呃呃那个电影可支配收入大于3万美元的都是哪些国家啊，还有那个平均票价大于10美元的呢，这些国家票房分别达到多少了
麻烦请告知龙湖地产2011年每股盈余大于1块的情况下，本益比是多少谢谢。
那个北京房山的保护区面积没有超过5000？
我想咨询一下在2012二线都有哪些城市前一周成交是在1000以上而且环比也超过10的？
总股本超过17或者市值超过100亿的股票有哪些
你把1934年的影片名和歌曲名告诉我一下
请问哪部中国大陆的影片在18年上映？
请问什么机构在天河且床位数超过了50个？
我知道6月1号那个京投银泰都达到了每股5元以上了，你不用再强调了，我只想问问京投银泰的股本总共多少？
1934年拍了什么电影，创作了什么歌曲啊
什么万州区的项目补助资金超过了10万？
溢价率高于-30%或涨幅高于11%的股票投资评级是什么
诶你知道哪些岗要招3人以上吗，还都要求研究生及以上的呀
有哪些公司15年定向增发新股是为了配套融资的呀
我想知道就是上市钢企中有哪些在17年的时候其钢材产量超过300万吨，又或者钢材生产总成本低于100亿的呀
请问一下啊，哪本书在14年出版的
河北哪些项目总投资超过1000000元
在表中，西部城市日成交大于2并且近7日成交大于20的7日成交同比最大是多少？
你知道分值低于10分或者评分标准是1、未纳入总体工作和年度工作计划的，扣2分。2、未建立领导机构或明确职责的，扣2分；3、未制定方案，扣2分；4、平安创建无部署、检查和总结的，扣2分的项目有多少个吗
哪些畅销期刊的单价高于10块或者频率大于12或者年价超过120的
所有北大出版社出版的书中，哪些是贵过50的？
一共有多少家公司的股票11年每股盈余高于1元，市盈率也高于10倍的呀
哎呀，这次地产板块的换手股啊，还有成交额没有到9亿的，你帮我瞅瞅，哪些啊，那收盘价咋样，还能看么
你知道哈尔滨市新阳支行它在网点预约分配出去的额度有多少吗，我只查到它在网络上预约的额度是已多于10000枚
你知道2012年保利地产公司的股票每股收益是多少吗，我只知道它在2011年的每股收益达到1块钱以上了
你帮我算一下那个今年第四个星期有多少部剧播放数量在5个亿以上，并且可以在多个平台上播的呀
我想问一下啊就是北京是不是有那些3万以下每平，或者是月环比涨幅在10以下的楼盘，都是哪些楼盘啊
想了解房地产有哪些指标是绝对量高于100，同时同比增长达到1%以上的？
麻烦请告知铁龙物流2017分红比例是多少谢谢，我了解到2017股息率在1以上。
你能帮我查查有几家航空公司的股价是不超过20元每股的吗？
成交宗数大于0，成交面积大于10万平以及楼面价一平大于1000的住宅用地溢价为多少
你知道单价高于10块或者频率大于12或者年价超过120的畅销期刊吗，告诉我都是什么期刊
有几只上市钢企股17年的产量超过50万吨或者17年生产成本大于100亿
你好，小哥哥，你知道2011年每股收益大于0.5而且本益比大于20%的股票的重估净资产吗
你帮我查一查准备资助超5万的公司名和项目名吧
请问一下12年6股票价格超过4块4而且涨幅大于10的哪家地产公司
你知道有哪些证券的收盘价格是高于10元同时这个月的收益率不超过1%的吗？
需进行一致性评价企业数的批文数占比大于3%并且批文数等于1600有多少
常宝股票价格大于10元，他有什么代码吗
你知道土地面积大于5000平或者建筑面积大于3万平的容积率吗
如何对毕业实习（52）这门课程或者学分大于2分的课程进行备注
在本周的一个销售数据中，销售面积不足10，销售量不足100套，是指哪几个城市
你好，麻烦请告知在前一周成交达到1000以上同时环比不低于10的城市谢谢。
你好，请问一下在2018年11月有哪些企业总产能大于100万吨并且产能占比大于10的？
汇冠17年是为了什么而增发的呀
你们可以找出有哪些地产类股票收盘价是3元并且跌幅超过10%的不？
周涨跌幅在1以上的，且总市值高于20亿元的有什么股啊
请问在08年住宅供应面积达到10以上，那你知道成交的住宅面积大概有多少呢？
那个12月29号市场份额大于4%的，收视率也高于5%的都是啥综艺啊
那个批文数占比不足11%但是需要需进行一致性评价的是哪些公司啊
为什么增发最新收盘价小于10块而且倒挂率小于100%的股票
职位数大于2并且学历学位是硕士研究生以上学历与学位的岗位部门有哪些？
宁夏中卫市中宁县舟塔乡宏成粮油商贸有限公司的食品有哪些
想了解深圳南山土地出让的面积不足1，而且容积率还大于10的时候，是在哪一年成交的
想要了解一波有哪些项目实施周期是5年的而且经费给的不超过5000万
总市值超过20亿元的股票叫啥呀，代码是什么呀
2013年3月份出版的《寻味:行路天下,吃情不减》这本书的内容简介是什么
属于东城区或者医院代码为1110008的医院有几个
请问动态市盈率大于1的天神娱乐它前12个月的每股盈余你知道是多少吗？
在市桥街这边，有多少所幼儿园的每个月学费超过1千块的
上周和本周的成交面积大概在什么范围内使得环比数低于了2
那个青岛住宅期房在08年的时候啊一二月分别成交了多大的呀
那些周涨幅没有达到15.25%的涨股和跌股
哪些证券是在16年为了配套融资而进行定增的呀
你好啊，我想知道17年定增的是哪些证券啊，倒挂率还大于50%的
麻烦请问一下总共有多少个重点城销售套数5月27日至6月2日大于1000套并且销售面积5月27日至6月2日大于10的？
中国社会科学出版社在2015年12月出版了几本书
15年定增的，增发价格又低于30的都是哪些证券啊
你知道那些17年定增，而且增发目的是项目融资的证券代码是啥啊，都是哪些证券啊
那个在台湾其代码是3026叫禾伸堂的它17年营收均是多少啊
11年每股盈余超过5角的是什么股以及其代码市什么也都帮我查一下，谢谢
都有哪些重点城市销售套数年度周动均态大于1000或者销售套数较周均变化大于10的？
麻烦跟我说一下中医医院要招啥专业的中医师啊？
倒挂率高于1的公司共有几家
请问青岛市12年1到5月这段时间它的房子成交面积已超过500，方便跟我说一下同比11年大概是怎样一个情况吗？
18年12月19号收盘价格超过4元的证券有吗对应的代码是什么
我发现深振业A的11EEPS不超过1，你知道11EPE是多少吗？
你帮我查一下15级的班级数量吧
成交同比高于66的城市有哪些
你好，北京住房区域成交中的小于25的数值是哪个餐厨的值，或者上海数值低于10的那部分
欸欸额08年1月那个青岛住宅期房成交有多少万平的呀，还有二月呢，也成交了有多大啊
我想了解都有哪些公司的公示金额超过10000元的而且人数也超过100人的？都是在哪个区的呢？
15年定增，并且是为了项目融资，想知道二六三它的倒挂率多少啊
我想知道有哪几个企业的生产线是小于20条或者是总产能小于200万吨的
麻烦请问一下，销售面积环比大于5并且销售面积较周均变化大于50的重点城市总共有多少？
那个电视的综艺播放数量超过5000万的，还在芒果台上播放的综艺叫什么啊
这些兰色印染布的生产日期是2013年8月，是什么公司生产的啊
矿床产矿品味不足35%的矿有哪几个啊
累计票房超过1亿的电影上映了多久，口碑怎么样
2017年京沪高铁的客运量达到1.8亿人次，那么净利润是多少
诶，你给我说说就是那个天神娱乐，在2015年定增的那个天神娱乐，有几个那个增发目的啊
什么项目计划超过600亿并打算在2018年下半年开工
2010年每股盈余大于6角或者本益比大于50%的股票中，其中总市值最小的是多少
东部地区外出农民工总量省内流动达到1000万人以上，那你知道跨省流动人口有多少吗？
所有北大出版社出版的书中，哪些是13年出版的呢？
麻烦请告知在2016A锂电池需求量大于20的时候，那对三元电池的需求量又是多少？
20亿元以上的总市值，都有哪些股啊，代码多少来着
在这份表的数据中，麻烦计算一线城市销售大于4000万平米或二线城市销售大于40000万平米的累计值同比增速最小是多少？
想了解一下股票周涨跌幅低于15%的公司和代码，求解，谢谢
18级经贸专业中有哪几个班的人数是超过50人的
请问东部地区外出农民工总量省内流动超过1000万人以上，跨省流动人口大概有多少？
1月12号省级卫视晚间综艺节目收视率前10中有几个是浙江台播的呀，并收视率还大于0.2%啊
什么地区的线路在191.6公里以上的，还有啊是在18年底通车的
上一年同期成交低于800的城市我不考虑，能不能告诉我哪些
2011年每股收益大于5角或者本益比大于20%的股票，最小股价为多少
这次需要需进行一致性评价的企业要求批文数占比要低于11%，这样的企业有多少
我发现香港投资公司最新的股票价值在1块钱以上而且它在本周的涨幅排在前10名，所以是涨了多少？
你好，请问你知道2017年股息率大于1或者企业价值倍数大于10的股票17-20E的增长率最小值吗
你帮我查一下股价在12块五毛以上的公司叫啥名
请问12年5月上海有没有什么楼盘容积率大于1并且平均还超过21000平的
你帮我算算12年第23周新房交易超1000套，或者是交易面积大于100000平方米的城市数量
哪些南安市市级项目是在1996年12月里通过的？
你好，问一下17年本益比超过3倍，净资产收益率超过10%以及平均市净率超1倍的公司它们的股息率是多少
市值大于100亿或者收益大于5000万的股票2018年第三季度营收同比增速最大值为多少
哪些公司的股份超过100手或者市值超过32万
目前生产线的数量小于20条或总产能小于200的有哪几个企业
我想问呃那个预计20年的每股盈余低于1，或者市盈率低于10的都是什么公司啊，他的股票多少钱一股啊
我想问问你啊就是北京平均售价高于2万，还只是毛坯的有哪些楼盘啊
哪些机场在2015年到2019会进行扩建或者扩建预算是65.5亿
请问最低学位需要硕士的岗位中，哪些有3个以上的录用名额？
股票市值最大为多少可满足17-20E股票增长率大于10%或者18E市盈率相对盈利增长比率大于2
英飞凌业务收入2018年大于13亿欧元或者2017年大于10亿欧元的指标有几个
你帮我查一下那些12年的每股税后利润达到7毛8以上的公司叫啥名吧
最新每股净资产小于7块的有哪几家公司
2017年成本费用达90亿元以上有哪些上市钢企，产量多少
对呀，巨人网络目前的收盘价是19.72块钱，那你可以帮我查一下那个巨人网络是为了什么而进行定增的吗
你好，请跟我收一下沙钢企业季度每股收益是多少谢谢，我只知道它净资产收益率已达到10.
铁龙物流2017股息率超过1，那你知道同年分红比例是多少吗？
你帮我查查看有哪些沙漠超过5万平方公里的呀，这些沙漠都位于哪呀
帮我统计一下全球物流同比增长率大于20%或者销售收入大于2000以上的公司有哪些？
好想知道地产板块换手股的收盘价啊，还想知道周换手率不足21%的股有没有
请问有哪些城市它的房子可售数量超过1000并且可售环比在1以上的？
你好啊请问一下上海哪些楼盘的价格在2012年的5月份超过了一万五一平
我查询到YAGEO公司在17年第一季毛利率已达到20%以上，想知道他2018年第一季度是多少？
2016A对锂电池的需求量达到20以上，那对三元电池的你知道是多少吗？
上周那个华南城控股不是0.5元以上每股吗，那上周他市值多少啊
招聘要求最低学历为本科的所有科室中，哪些只招1人？
你好啊，那个15年定增，而且啊增发目是做项目融资，这个二六三证券它那倒挂率多少啊
矿种储存超过50万吨的是什么矿或者面积大于1平方公里的矿区有什么矿
房地产的什么指标在12年的时候它的绝对量高于100，而且同比增长不超过10%的？
可以查一查什么时候福州市的成交住宅土地宗数超过10面积超过100万平吗
在10年每股收益超过6角或者本益比大于50%的所有股票中，总市值可以低到多少
你知道19年1月7日到13日这周票房高于1000万以及场均大于10人次的影投公司有多少家吗
请问云南城投它的PE12E已超过1，那PE13E呢，是多少？
蓝色光标2018年预估每股收益不足1，那2019年的预估每股收益是多少呢？
你好啊，那个我想问啊代码3026的禾伸堂，就是那个在台湾的，它17年营收平均有多少啊
哪些模拟组合的最新股价是比17块高的
二手房上周成交量大于10或者年初至今累计成交大于600万平，那么当月累计成交量均值为多少
你知道深高速PE19E是多少吗，我只查到它PE18E的是已高于1
我想问问那个上周股价大于0.5的华南城股市值多少啊
你知道12级有哪些专业的总费用是16800元吗？
你好，哪些城市上周成交商品房不超过17万平的
我想知道地产板块的股票啊，收盘价大于7块或者成交量大于18000万手那旮沓的，多吗
土地面积大于5000平或者建筑面积大于3万平的容积率为多少
上科技出版社在2004年5月份出版了什么书
11年每股收益多少的股票股价大于10块或者净负债率大于100
涨幅多少的股票总的市值高于100亿同时总股本在10亿股以上
请问房地产开发投资在2012年1-5月累计数大于1000，那你知道同一个时间段的同比增速是多少吗？
股价低于9块九的公司是哪个
麻烦帮我看一下市净率高于2的，或是重估净资产超过10的是什么证券，谢谢
2018年11月行业前5家企业产能生产线大于10并且在产产能大于100万吨的产能占比平均是多少？
啊，告诉我上周的A股房地产股当中股票价格超5块八一股的证券就行了，其他的股不需要
2012年1-5月全国房地产投资中绝对量高于100同时它的同比增大高于10%的指标都有哪些？
一共有多少楼盘3月套数大于100并且3月均价大于10000的？
麻烦请问一下都有哪些重点城市销售套数年度周动均态大于1000或者销售套数较周均变化大于10的？
所有电子工业出版社出版的书中，哪些是于2012年1月出版？
哪些股票的总股本超过30亿股或者10A本益比大于20%和每股收益大于5毛
河南省智信染织的哪一种产品生产日期是2013年8月
请问哪些机构是在98年被批准的？
我想知道关于这次股市，滚动市盈率是低于10的股票，只需要告知他们的名字就行，其余信息暂时不需要
有什么8万的项目在交通展区展出？
有多少个地产公司其市值高于300亿，并有超过30亿股的呀
都有哪些货物在文锦渡那边存放的而且数量还超过22台的？
请问一下楼盘均价大于21000平的楼盘有吗是哪个呢
有哪些城市上周的房子成交量是超过1000套或是同比增长大于10%的？
你知道哪些书是哈尔滨出版社在13年1月份的时候出版的呀
你知道销售环比大于0或者销售同比大于-45的二手房上周的销售总面积吗
想了解09年福州平均每宗的土地面积是多少，我只知道它成交住宅建筑面积大于100万平米。
你好啊，就是那个每套面积平均下来都超过100平的，或者是成交均价在10000以上的都是上海哪里的哪些楼盘啊
那个我想知道那些就是20年每股盈余预计会小于1，或者是市盈率预计小于10的公司的股价是多少，还有啊这些公司叫啥名啊
我了解到奇台路兵团支行的营业处分配在线上的额度在100张以上，线下呢，有多少啊
我想问一下就是在11年住宅成交金额已高于50，那工业的成交金额有多少你知道吗？
诶你知道那些11年11月出版的书都是什么书吗，作者是谁吗
请问新房成交销售套数在5月20日至26日之间超过100并且销售套数环比低于10的城市有哪些？
那些滚动市盈率是不足10的股票，能不能告诉我他们的名字啊
那些总的资产超过100亿或者华文轩证券的净资产是多少啊
环比数低于15的是哪些城市，在上周成交了多少面积
股票总的市值最小为多少时溢价率大于负30或者上涨的幅度超过11.4%
2006年1月份通车的江中高速的车流量增速是多少
哪些公司的持股比例大于20%或者投资金额大于8亿
月环比的涨幅大于1并且5月均价大于3万元/㎡的楼盘有哪些？
哪些高速公司持股比例大于20%或者2018H1投资收益大于1300万
哪个企业在2013年8月份生产了兰色印染布
你帮我查一下那个市值大于80亿的，股价还高于8的都是什么证券啊，代码咋写啊
那请问一下，北大出版社在14年的时候出版了哪些书？
最近8天平均每天的环比数小于22或者去年同期28天的日均环比小于100的城市，同比为多少
2010年每股的收益高于6毛或者股票PE超过50%得到股票，总的市值最小是多少
请问有哪些书是北大出版社在13年出版的
17-20E股票最小增长率为多少时它的2017年股息率大于1或者企业价值倍数大于10
联创互联是16年定增的，那它增发目的是啥啊
国内钢企，哪些股票的净资产收益率超过4%以及代码有哪些
哪些书是2010年12月出版的，还卖15元一本的呀？
香港龙湖地产公司11年每股收益超过1元，想知道他市盈率会有多少？
需要本科以上学历可以报的岗位中，哪些招聘人数大于3？
业务量54.27亿件的韵达股份，其快递业务营收是多少
诶，你知道北京12年5月的时候有哪些楼盘平均售价大于2万，还只是毛坯的呀
2019-1-14至1-20这一周密室逃生排名第4，我想知道在这一周它的票房是多少万？
请问一下哪本书是在09年的时候出版的呢
你好啊，15年为了配套融资增发的都是哪些证券啊，代码多少啊
怎么对2011年每股收益不足1块或者本益比不足10%的股票进行评级
我想知道16年为了配套融资增发新股的公司叫啥名来着
你好，麻烦问一下部城市的成交大于2并且近7日成交大于20的7日成交同比最大有多少？
可以查得到最新市值和最新股价吗，最新市值超100亿最新股价大于10块钱的证券，证券的代码是什么
我想查询一下上市的钢企在2017年的生产的成本和数量，只需要查询同年吨钢成本小于3500块的公司就可以了
想咨询一下华科光电他们那个展位的面积在10平方以上了，那展位需要的费用是多少啊
在那个福田旅检作业存放点货物数量超过10个以上的都有哪些呢？
2012年6月19日这一周成交面积大于4万平而且环比大于40的城市是哪个
这些混合麦是在15年产的，一共有几吨
你好，帮我查查本月涨跌幅大于-2并且年涨跌幅大于-20的交运总共有多少个？
批文数占比超过2%的批文数有多少例啊，还有就是有多少个药品
2018年下半年开工的项目里哪个项目计划投资超600亿
营业收入大于1亿美元并且营收同比增速大于20%并且占总营收的比例大于10%的项目有哪些？
麻烦帮我看看有哪些公司股价大于10并且总市值大于100或者年初以来市值大于30的？
在2002年1月份开工，在2008年4月份建成的项目是什么
2015年11月红旗出版社出版的书是什么
请问GV影城投资公司这周的票房已高于2000万，你知道它观影人次是多少吗？
我问你啊就是13年8月的时候百花洲文艺有出版什么书吗
我想问问啊就是那个哪些城市在5月20号到26号期间有成交超过1000套二手房的，或者成交超过10万平的呀
华科光电展位的面积大于10平方米，那他展位花了多少钱啊
成交收盘价大于7块或者成交量大于18000万手的股票有哪些
诶，你知道20年的每股收益预计会低于1，市盈率也预计会小于10的都是什么公司吗，这些公司多少钱每股啊
股票的投资评级与涨幅或者溢价率有关吗，若涨幅小于20%或者溢价率小于0，投资评级是什么样的
是这样，请问2016A每股收益大于5角或者2016A市盈率低于50%的公司都有哪些啊
诶，那个天神娱乐在15年进行定向增发目的有几个啊
你帮我查一下12年每股盈余大于1的，市盈率也高于10的有多少家公司啊
北京5月份有哪些楼盘售价在3万以上的呀
那个16年为了配套融资而增发的天丹文化公司代码是什么啊
你知道毕业实习（52）这门课程或者学分大于2分的课程备注吗
总共有多少个重点城销售套数5月27日至6月2日大于1000套并且销售面积5月27日至6月2日大于10的？
17年的每股盈余超过5毛的公司它们的市盈率平均下来会是多少呀
我想问一下区建设工程质量监督站是招什么专业的质量监督员呀
有哪些项目牵头承担单位的项目实施周期为5年并且中央财政经费大于5000万元的？
那个京沪高铁16年和17年的平均客运量事多少啊
了解到东方航空PES2018E是不超过1的，那你知道他现价大概有多少吗？
容积率大于1，套均面积大于100平并且成交均价大于8000块的有几个天津新盘
2013年8月生产的兰色印染布是什么公司的产品
哪些设备的规格型号是JS-100型或者数量超过10的
哪本书是华师大出版社在2011年8月份出版的
我了解到深高速它PE18E是大于1的，那PE19E你知道是多少吗？
你好，我查询到春秋航空它的PE2018E是小于20的，那它在EP2019E会是多少呢？
哪些项目的价格是比2千贵的？
2018年11月有哪些企业总产能大于100万吨并且产能占比大于10%的？
请问2013年出版的书中，哪些是北大出版社出版？
2011年每股收益大于0.5而且本益比大于20%，股票的重估净资产是多少
请问都有哪些指标绝对量是超过100并且同比增长在10%以上的呢？
我想请问一下我之前吧定期半年利率是3.3，那调整之后呢
你知道什么书的出版时间是10年的12月份吗，而且这些书的定价还都是15块钱？
你能不能告诉我本期每吨1040元的河南冶金煤在上周的价格是多少
所有招1个人的岗位的部门中，哪些是需要研究生硕士？
招聘人数为1人且学历最低为本科就符合的岗位是哪些？
请问春秋航空春秋航空18年冬春航班数量是多少呢，我只知道它的飞机数量在80架以上
本期16个重点城市全部土地成交或者小于25万平方米的有哪些城市
最后的收盘价超过10元，涨跌幅也要超过20%的公司
天津新盘有几个楼盘是满足容积率大于1，平均每套面积超过100平以及平均成交价超过8000块的
这周成交面积低于45200平米的城市有哪些呀
你好，请告诉我房屋可出售数量在1000以上而且可售环比也在1以上的城市，谢谢。
有几家传媒公司16年为了融资收购其他资产而进行定增的呀
你好，我想查询一下上周和本周的一个住房销售面积，已经知道了连续这两周之内的变化比是在2以内
股票周收盘价均值为多少时它的周成交额大于5亿或者周成交大于5000万股
有几个机场的旅客吞吐量是大于9000万的或者飞机起降大于30万架次的
最新的调查，最新股价不足14块六而且最新股票总价值超过44亿港币的是什么股票
请问在2012年5月里深圳市有哪些楼盘是平均价高于10000块一平和月环比的涨幅在10%以上的？
我想问问就是17年1月1号出版的有几本书的定价是低于20的呀
深高速PE18E超过1了，那PE19E呢？
江中高速在2006年的1月份开始通车，你知道它的车辆量增长速度吗
我查询到东莞在11年的日均成交量高于1，你知道它在2012年日均成交量是多少吗？
哪本书是红旗出版社在2015年11月出版的
哪些证券最新收盘价大于5，或者增发价格大于50的呀，那个增发目的是啥啊
请问你知道2011年周均成交超过1000套，还占当年均值比高过100的是什么公司吗
面积大小超过1万的地域叫什么名称？
2012年成交了2宗住宅土地，那么成交的住宅建筑面积是多少
春秋航空的PE2018E是低于20的，你知道EP2019E是多少吗？
我想问问啊就是17年汇冠是为了什么而进行定增的呢
请问沙钢企业净资产收益率大于10，那它的季度每股收益呢？
我想问问啊就是市值超过500亿，或者是总股本在50亿股以上，又或者是PB大于2的都是哪些证券
请问交运行业有哪些证券在这周指数超过1000并且涨跌幅在1以上？
新湖中宝PE2010已高于10，PE2012呢，是多少?
那个12年5月啊上海哪些地方由楼盘就是套均面积大于100平，或者成交价平均下来超过10000的呀，都是叫啥名楼盘啊
股票10A每股收益大于5角并且10A本益比超过20%或者总股本超过30亿股的股票都有哪些
13年1月哈尔滨出版社出版了哪些书
环比变化为多少时电影场均人次大于10或者平均票价大于30块
2011年每股收益大于1块或者本益比大于10%的股票代码是多少
你好，我了解到中南建设这家地产公司2011年每股收益是不足1的，那你知道2012年每股收益大概的数值吗？
请问北京金泉港影城观影人次超过1万时，平局每场人次又达到多少？
我想知道周票房低于30000000元的影投公司的数量是多少？
涨股和跌股的周涨幅没有达到15.25%，它们分别属于哪些股
哪些食品是宁夏中卫市中宁县舟塔乡宏成粮油商贸有限公司生产的
那个市桥街那儿的幼儿园每个月学费超过1千的有多少所呢？
你知道二手房上周成交量大于10或者年初至今累计成交大于600万平对应的当月累计成交量均值吗
呃你能就是帮我算算那个京沪高铁从16年开始到17年为止平均每年客运量有多大啊
这次招聘中人数限制为3人一下，只要大专就可以报名的岗位有什么？
请问在2017A对锂电池的需求量已超过了20，那对磷酸铁锂和钴酸锂需求量会是多少？
你知道ISBN号码为9787111601548或者ISBN为9787111601722的内容简介吗
四川辞书在2016年1月份一共出版了几本书
跌幅超过10%并且收盘的价格大于3元钱的地产类股票有那几个？
你好啊，我想问问啊那个哪些铁路公司20年的EPS估值小于1，或者PE估值小于10的呀，那这些公司股价多少啊
总共有多少传媒股B收盘价大于10并且B涨跌幅大于1的？
收盘价大于6块钱或流通市值有611.12亿元的上市银行有哪些？
2017年YAGEO的单季毛利率在第一季度是超过20%的，那18年第一季度的呢？
2016A股市盈率大于22，股价和市值分别为多少呀
麻烦问一下一共有多少楼盘3月套数大于100并且3月均价大于10000的？
我想问问啊就是市值在30亿美元以上的，而且是台湾的都是哪些被动元器件制造公司啊
本周涨跌幅低于01的股票的代码是什么或者是本周指数超过4000的股票代码
11年每股收益大于5毛或者11年本益比大于20%的股票最新价的最小值为多少
满足17年的产量超过50万吨或者生产成本超过100亿的共有几家上市钢企
由北大出版社出版且售价大于50的书有哪些？
你知道市值大于100亿或者收益大于5000万的股票2018年第三季度的最大营收同比增速吗
学历最低需要本科且只招1个人的岗位的代码是什么？
帮我看一下有多少只股票11年每股税后利润是多于2角钱一股
股票年涨跌幅是小于12%的燃料电池公司叫什么啊
北京在2011年日均成交达到1以上，2012年呢？
总共有多少个股票PE-TTM大于10并且PB大于1的？
哪种型号的享御是在2006年12月20号生产的
请问一共有多少家院线2018年底银幕数量大于500并且单银幕票房大于50万元的？
请问19年1月14日到20日期间票房高达9065.87万元的或者是票房占比超过5%的是什么院线？
有哪些省份资产负债率大于10%并且股息率大于1%的？
你帮我查一下16年为了补充流动资金增发的那些证券代码都是啥来着呀
我想问那个什么股的总市值会在20亿元以上啊，代码是几的呀
你知道一共有多少个在2005年沈阳那批建的平台吗
你知道有哪些证券收盘价超过10元并且总市值达到100亿的吗？
能给我说说那个每股收益就是11年的超过1的证券代码，或者那个月涨跌幅在10以上的证券代码吗
帅哥，股价和市值啊，2016A市盈率大于20的股票股价和市值分别是多少啊，说了n遍了
哪些股票的周换手率低于21%，多不多，收盘价达到多少
请问西部城市的成交大于2并且近7日成交大于20的7日成交同比最大有多少？
公司参股高速公路持股比例大于20%或者2018H1投资收益大于1300万的是哪些高速
有没有哪个项目售价大于8100平，具体的位置在哪里
有多少家影投公司19年1月7号到13号这一周的票房超过10000000而且每场有超过10人次
投资金额大于8亿或者持股比例大于20%的公司有哪些
有没有最新的股票的价格低于11块6的或者总市值超过60亿的股
平均市净率是多少的股票2011年每股收益大于5毛或者股票收益比率大于20%
诶你知道市值低于374亿，每股价格还低于26块的公司股票的评级结果吗
我想知道面积在5万平方公里以上的是哪个地区的什么沙漠呀
12年十月9号这天谁捐了2本以上的书？
我想知道那些16年定增，并且增发目的是补充流动资金的证券代码是什么
2011年每股收益大于5毛或者股票收益比率大于20%的股票平均市净率是多少
溢价率小于0而且涨幅低于20%的股票股价多少
有哪些产线是小于600的产能或者关停时间是2017年11月15日
你好啊，哪些作者写的书在11年11月出版的呀，这些书叫啥名啊
请问人事部招的处长，这个岗位的职责是什么，我看到他们需要招1名。
我想知道出版日期为2018年9月或者印刷日期是2018年12月的书名，麻烦帮我查一下
票均价高于10美元的，或是票房高于10093百万美元的国家占了几个
想问一下青岛海尔通信数量所占比重达到多少时它销售的数量是在1000以上
麻烦请告知交运行业在本周指数大于1000同时这一周的涨跌幅超过1的证券，谢谢。
请问氯霉素检测最大值为0.3的样品有什么？
所有中大牵头的项目中，哪些的财政经费是比1500万多的？
麻烦请告知银河地产它的持股数量达到100万股以上，同时它的最新市值在1百万以上还有市值比重也高于10的模拟组合谢谢。
我想问问啊就是哪些股12年的每股收益估值会在1以上，还有市盈率也会高于10的呀
请问所有需要最低学历为本科的岗位的岗位代码中，哪个是招1个人的？
12年十月9号捐书超过2本的人有哪些？
那些市销率高于1的股市值多少啊，顺便把股票对应的代码告诉我
哪些招1人的岗位是需要最低本科就可以的？
2018年湘雅二医院重点研究的项目有哪些呢，主要负责人有谁？
京沪高铁在2017年的客运量是1.8亿，你能告诉我它的净利润吗
你好，那个深圳市5月有没有什么楼盘是超过2万一平的呀，或者比上个月上涨超过10的呀
嗯嗯，其它不用了，你就帮我查一下股价超过17块的模拟组合就行，谢谢了
哪本书是上科技在2004年5月份出版的
什么项目的预计投资金额比1千万多？
有哪些上市银行收盘价大于6元/股或流通市值有611.12亿元的？
请问全球物流同比增长率大于20%或者销售收入大于2000以上的公司有哪些？
有几个地方的土地综合推介会其土地面积超过20552亩的，但是项目数低于20个的呀
诶，你给我就是说说那个08年12月的时候啊青岛住宅期房成交了有多大面积的呀
有几支股这个星期收盘价是大于20美元或者这周成交是大于2000万股的
在2017年全球物流自动化系统十五强中都有哪些公司是销售收入在100百万美元以上并且它的增长率高于10的？
有2人需要重修的课程中，哪些是13级作物1班有的？
最低学历为本科以上就可以报的岗位中，招聘人数大于2名的有哪几个岗位？
哪些证券17年为了项目融资进行定增的呀，代码多少啊
你好，请问一下打算在2015年到2019扩建或者扩建预算费用达到65.5亿的机场是什么机场啊
周换手率超过15或者收盘价高于2块的个票有吗
2014年9月通车或者2031年到期的公路有哪些
你好，我想咨询一下就是北京新影联影业那个公司在2018年底银幕数量达到500以上，你知道它单银幕票房收入是多少吗？
哪些股的成交涨跌幅小于2
请问有哪些上市银行收盘价大于6块或流通市值有611.12亿元的？
能不能查出尾盘价格为大于3元的并且超过10%跌幅的股票有哪些？
你可以告诉我七号那一天收视率高于0.003的晚间综艺数量吗
东莞在2011年日均成交量超过1，那2012年的呢？
亲，我需要知道一下企业批文数占比低于11%并且进行一致性评价的公司名称
我想问问你啊就是要招超过3人，并且学历要在硕士及以上的都是什么岗啊
我想问一下2017年宝鸡市眉县首善镇三寨小学综合实验楼项目的投资额度
单价高于10块或者频率大于12或者年价超过120的畅销期刊有哪些
10A每股收益小于1块且本益比小于20%的股票股价是多少
你帮我数数那个15年定向增发的天神娱乐有多少个增发目的啊
你帮我查一下这些11年每股税后利润达到1块以上，股价收益比率也大于10倍的公司它们的股票交易价是多少吧
出版社是电子工业出版社且出版日期是2012年1月的书是哪些？
呵呵哒，高于17000亿的土地出让金啊，城市出让时间定了吗，是什么时候，平均溢价率知道了吗，是多少
市值为1369.38亿元或周涨跌低于3%的是什么股票？
请问一下营业收入超过1亿美元，营收同比增长速度超过20%并且占总的营收的比例大于10%的项目有哪些？
我想咨询一下就是南京仙林在2007年12月6号出让的土地面积已经高于10了，你知道它的楼面价最高的时候是多少吗？
中部地区房地产投资金额超过3000亿，你知道同比增长了多少吗？
2012年6月地产股有哪些证券最新市值是超过100亿并且最新股价也在10以上？
所有最低学历为本科的职位中，哪些招1人？
你好，请问可以通过周涨跌幅大于20%或者周换手率大于2%查询港股和总市值吗
是这样，请问你知道2017年净资产收益率大于10%或者2017年股息率大于1%的股票评级吗
想要问问日成交超过2且成交环比超过20的城市是哪个
青岛到连云港沿线地区线路长超100公里的有哪些
你把那些中国统计在2013年出版的年刊都告诉我
计划总投资金额是超过1千万的项目是哪些？
你知道场均人次大于10或者平均票价大于30块的电影环比变化是多少
请问一下哈，在16年有哪些作品是获得了一等奖的呢
诶，你能给我列一下哪些证券是市值在100亿以上的，或者股价超过了10的吗
你好，咨询一下平均市净率大于2%或者重估净资产大于20的股票溢价率
你帮我查一下啊那个17年度中国网络作家富豪榜中排名第1的唐家三少有哪些代表作来着
请问期房套数总成交量高于100，那你知道它的同比占多少吗？
请问哪本中信出版社出版的书的出版时间是2017年8月？
诶，你知道17年度中国网络作家版税收入排名第1的唐家三少有哪些经典作吗
请问电视的收视率大于0.5%同时市场占有率超过2%的都是在什么频道？
哪些城市去年同期去化时间在1年以上
2002年1月份开工并且在2008年4月份全部建成投产的项目是什么
哪些学历最低要本科的学历的职位是只招1人的？
你好，请问一下在2011年人民日报出版社出版的有哪些题名？这当中都有哪些作者？
你好，请问你知道累计票房超过1亿的电影的口碑指数和上映天数吗
那些涨幅低于20%以及溢价率小于0的股票股价是多少啊
麻烦请告知国内钢企净资产收益率在10以上而且季度每股收益也高于1的证券谢谢
2011年8月华东师范大学出版社出版的书是什么
交通展区中哪些项目的金额总数是8万？
哪些股票的成交量大于18000万手或者收盘价大于7块
你知道三五互联公司在15年定向增加发行新股的目的有多少个吗
我想了解一下就是银河地产现在持股数量在100万股以上并且最新市值也达到了1百万元以上，同时它的市值比重也超过10的模拟组合都有哪些呢？
2018Q1高于10的公司是哪个，他的2018Q2是多少
请问一下PE-TTM大于10并且PB大于1的股票总共有多少？
当全球物流自动化系统销售同比增长率最大值达到多少时销售收入将超过30亿美元
请问哪几本书的出版年份是16年呢？
请问一下11年同期成交超过00万平，还有12年至今也成交在100万平以上的城市的平均累计同比是多少？
哪本书是北京时代华文书局在2015年1月份出版的
能不能告诉我一下最新每股净资产低于7块的属于哪个公司，谢谢
当住宅用地溢价为多少时它的成交宗数大于0，成交面积大于10万平以及楼面价一平大于1000
我了解到各个地区房地产都有呈现下跌的情况，那我想知道在东部地区销售面积同比增长不足10的情况下，它的销售额同比增长是多少？
朋友说西向填埋场在招机修工，而且只招3人，那对年龄有怎样的要求啊
想要了解2018Q1大于10的公司及其2018Q2的情况是怎样的
所有招聘人数高于3的岗位中，只要本科以上学历就可以的是哪些？
请问一下在2011年北京人民日报出版社出版的题名有哪些啊？还有这些作者分别有谁？
你能告诉我那些股票价格在26元以下，市值还在374亿以下的公司股票是否应该买入
请问一下总共有多少三线城市2011同期大于100并且2012至今大于10的？
请问一下有哪些企业的场租合同金额超过10万而且展览规模超过10000平米的，还有展会都有哪些呢？
发生在2014年或者死亡人数超过1人的事故有哪些
2月份期房套数总成交量超过100，那么它的同比大概有多少呢？
请问这周有哪些电影院的票房达到100万以上而且观影多于1万人次？
所有招1人的职位中，哪些是需要学时学位的呢？
哪些在北京的展会的面积比2万小？
天神娱乐得滚动市盈率超过1，那它最近12个月的每股收益是多少？
那个问问啊就是目前有几家亚洲航空公司18年的PE估值大于10，而且啊PE估值也在超过1的呀
请问你知道总共有多少个土地使用权人的缮证日期为2011年11月29日并且使用权面积超过10000的吗？
所有招3人的职位中，哪些是需要最低大专学历就可以的？
你知道总共有多少个城市在上一周就成交了有1000套以上，成交量的同比增长还超10的吗？
我想问一下就是上海在12年5月的时候啊售价超过2万一平，比起四月涨幅超过3的有几个这样的楼盘啊
你能告诉我东方航空17年每股收益是多少吗？已知他的股价是不超过1的。
单价超过1万元的产品有哪些？
你好啊，有几家公司11年的每股盈余低于5毛，市盈率也低于20倍的呀
我之前看到一个代码3026的，叫什么禾伸堂，是台湾的，我想问啊17年那个禾伸堂营收平均多少啊
为了买房，我需要知道一下成交同比数高过66是在哪个城市
诶，你不是说那个华南城股最新股价大于0.5吗，还有呢，还给我说说他市值多少呗
宝鸡市眉县首善镇三寨小学综合实验楼这个项目是在2017年动工的，一个投了多少钱啊
哪种产品是河南省的智信染织有限公司在2013年8月份生产的
项目数小于20以及项目土地面积大于20552亩的土地综合推介会开在几个地方啊
诶，你帮我查一下就是哪些影片累计票房超过了2亿的呀，那这些影片平均每场人次达到多少啊
请问一下哦上市的钢企啊，有没有那个2017年的时候吨钢成本少于3500的公司，有的话那么这个公司那一年的产量和成分费是多少呢
市值超100亿或者股本大于17的股票有么，有的话，请详细告诉我
东方航空PES2018E低于1，我想知道他现价是多少？
你好，我想了解一下2月份期房套数的的情况，我只知道它的总成交已经在100以上了，那同比呢？
每股收益不足5毛或者本益比小于40%的所有股票的股价总和为多少
出现次数超过8万，频率高于0.1的都是哪些词啊
哪些书是2018年9月份出版的或者是在2018年12月份印刷的
占比大于3%的批文数而且批文数等于1600需进行一致性评价企业数有多少
你知道在福田旅检作业存放点的货物数量达到10个以上的有哪些吗？
请问哪个经费需求大于1500万的项目是中大牵头的呢？
所有注册时资金为1千万的企业中，哪些是山东的？
有哪些股票的市盈率不足41%，麻烦把代码也说一下，谢谢
哪些公路是2014年9月通车的或者2031年到期
我就想之后调整之后原本定存半年的利率是3.3的，现在的利率是多少
请问一下2018年度在湘雅二医院有哪些重点研究的项目，这项目的主要负责人有谁呢？
2011年每股收益超过1元，市盈率也超过10倍的公司它们的股票价格是多少呀
市值比重小于30%的模拟组合有哪些，持股多少
你知道建设内容为建设综合商务中心或者农产品精深加工产业园或者计划投资超过60000万元的项目名称有多少个吗
什么项目需要不止5千万的经费？
投资额大于22亿的高铁线路什么时候开通，从哪儿到哪
麻烦咨询一下日成交环比大于10并且7日成交环比小于1的7日成交平均同比是多少？
诶这本2016年5月出版的明史演义你帮我查一下它主要讲述了什么吧
你帮我查一下在15年为了配套融资进行定向增发的公司数量吧
麻烦帮我看看，18年中信出版社出版的书叫什么？
请问奇台路兵团支行在线上的额度已高于100张，在线下分配的额度有多少呢
请问那些在16年为了配套融资而增加发行新股的公司叫啥名啊
了解到哈尔滨的新阳支行在网络上预约分配的额度在10000枚以上，那网点的呢
你帮我数数看目前有多少家公司2011年每股收益少于0.5元，本益比也少于20倍的呀
17年哪些股钢材产量超过300万吨的呀，或者是成本低于100亿的呀
企业类别是A类且统计报关单数比4000多的企业都是哪些？
A股价格大于9块四的公司简称是什么
有哪些公司市值有1369.38亿元的或者周涨跌幅小于3%？
2011年每股收益大于0.5元而且本益比大于20%的股票最新股价是多少
机器人2016销量市占率超过2或者销量大于2000的是哪款机器人，叫啥
北大出版社2013年出版的书籍有哪些呢？
请问那个都是什么证券啊，就是15年定增，然后呢那价格又低于30的呀
09年1月出版的是哪本书啊，谁编著的呀
我了解到盐通高速的投资金额已达到200亿以上，那建设的线路长度是多少？
中南建设这家地产公司2011年每股收益低于1，你知道它2012年每股收益是多少吗？
我能问问就是北京哪些楼盘在12年5月份的时候是超过3万每平的呀
你好，你知道这些市值超过100亿元，评级为增加持有的公司它们平均的股价是多少吗
出版社是中信出版社且是在2017年8月出版的书是哪本？
请问有没有哪个模拟组合持股量超过500的而且最新的股价是5块以上的
请问交通运输行业里哪些股票在上周指数超过2000并且涨跌幅是小于2的？
有多少本书的售价超过了30块并且书本超过300页
所有招聘人数为1的岗位中，哪些是最低学历为本科就可以？
容积率多少的土地面积大于5000平或者建筑面积大于3万平
想要了解一下楼盘均价在4万以下的楼盘以其容积率
了解到分宗传媒收盘的价格在5元以上，本月的收益率是多少你知道吗？
我想知道上周五综艺收视率超过3%的，在湖南台播的都有几个啊
你好，你知道那些17年本益比超10倍，或是每股收益超5毛钱的公司它们的股票平均市净率是多少吗
你好，请问一下江中高速从2006年1月通车至今，其车流量的增长速度达到了多少
请问在2011年股价收益比率不足20或者每股的收益是小于0.5的股票是哪些公司的
哪个一线城市日成交高于200而且环比高于20的
楼盘均价下于4万一平的是哪个楼盘，他的容积率是多少
交通展区中8万的项目有哪些？
在北京展出且展览面积小于2万的展会是哪些？
有多少本书是四川辞书出版社在2016年1月份出版的
你知道有哪些重点城市近4周周均成交环比大于3并且同比大于30的吗？
你能帮我查一下10A每股收益低于1块而且本益比低于20%的股票股价吗
你好，你知道有多少家传媒公司是在15年增发，而且目的是配套融资的吗
等会你帮我看看本月涨跌幅大于-2并且年涨跌幅大于-20的交运总共有多少个？
哪些股票的收盘价大于10块或者市值大于100亿
我了解到新湖中宝2010年股票的市盈率超过了10，那在2012年它的市盈率有多少
湖中宝总股本已达到50亿股以上，那你知道它每股预收是多少钱吗？
你知道这本12年出版的往事是谁的著作吗
请问批准时间为98年的机构是哪几家？
帮我找找，在北大那边的财政拨款高于5万的有多少个项目
唐镇运管区有什么数量为2台的设备？它们的设备型号分别是什么？
我想知道就是那个在11年的时候周均成交量超过10000的一线城市在上周成交了有多少套啊，占11年均值多少啊
最低学历是大专就符合的职位中，哪些只招3人？
你好，咨询一下平均售价超过2万块每平的楼盘装修标准以及价格和其它楼盘相比是否持平
那个用地达到1万平以上的有几个建设项目你知道吗
你给我简单讲一下在2013年3月份出版的《寻味:行路天下,吃情不减》的内容
哪些项目的工程投资超过20亿且输电线路超过1200公里以上的
哪些城市在5月20日-5月26日期间新房成交销售套数达到100以上同时销售套数环比不足10？
我想知道有哪些证券它的股票价格多于10块钱还有他所有股票的市值高于100亿？
有几个项目的分值低于10分或者评分标准是1、未纳入总体工作和年度工作计划的，扣2分。2、未建立领导机构或明确职责的，扣2分；3、未制定方案，扣2分；4、平安创建无部署、检查和总结的，扣2分
12年5月北京有哪些楼盘还是毛坯，且平均售价还高于2万的呀
16年5月出版的明史演义写了什么东西你知道吗
在文锦渡那边存放的数量超过22台的货物都有哪些呢？
我想知道2018年11月出版的车载激光测量数据智能后处理技术：SWDY深入解析与应用的页数
请问东莞在2011年日均成交量在1以上，那2012年的日均成交是多少？
预算费用为65.5亿或者在2015年到2019扩建的机场有哪些
想要了解的是平均售价超过3万的是哪些楼盘，以及其装修的情况
请问湖中宝总股本高于50亿股时，每股的预收是多少
有哪些城市在上一周房地产成交量超过1000并且环比小于10的？
请问在上一周房地产成交量达到1000以上同时环比低于10的城市都有哪些？
有几个公司的全球物流自动化系统销售收超过20亿美元并且同比增长率大于10%
你好，你帮我看看目前18级经贸专业中有哪些班级是超过50人的呀
是在16年定增的传媒公司共有几家
我想问都有什么快递公司收入是低于200亿的，或净利润少于20亿的呀
你好，你知道15级有多少个班吗
哪些公司的股价超过18元以上，公司代码是什么啊
请问银河地产有哪些模拟组合持股数量超过100万股，还有它的最新市值在1百万元以上同时市值比重也高于的10？
一共有多少城市本周销量大于1000套并且本周销量大于10万平米并且销量环比大于1的？
你好啊，那个哪些证券最新收盘价大于5，增发价格也大于50的呀
有几档省级卫视晚间综艺收视率排名前10的综艺节目在1月18的时候市场的份额或者说是那个收视率的情况大于3%的
2008年12月由中国商业出版社的书的正题名是什么
我想买房，但是不知道在上一周商品房成交面积超过了28万平或者去年同期商品房成交大于20万平的是哪些城市啊
想了解深振业A的11EEPS不足1时，11EPE是多少？
福州市2010年成交住宅土地数量达到10宗以上，那成交的住宅建筑面积有多少你知道吗？
一共要花16800元钱的是12级什么专业？
我想知道在18年6月国家社科基金项目都有什么，项目负责人有谁？
股价最大值为多少的股票18E每股收益大于1块或者18E股票收益比率大于10%
请问你一下啊2019年的第4周的时候中影那个星美的那个观影的人次是多少呢，就是还想知道电影票价格平均下来大于35块钱的电影院线的观影的人次的情况
那个就是共有几个重点城市在5月27到6月2这段期间卖出了超过2000套，或者是卖的面积大于20万平的呀
哪些影片关注度高于7万的呀，主演有哪些人
那个能帮我查一查那个市值在500亿以上的，或者股本超过50亿股的都有哪些证券啊，哦还有PB大于2的证券也帮我查一下吧
招聘人数超过1人并且学历是本科以上的部门有哪些？
车载激光测量数据智能后处理技术：SWDY深入解析与应用这本书是在2018年11月份出版的，那么这本书的页数是多少啊
请问香港投资公司最新股票交易价格高于1块，同时在这星期涨幅排在前10，具体涨幅是多少？
请问232号宿舍存在什么问题？
请问招考人数为1人且需要学时学位的职位是哪些？
我想咨询一下有哪些地产股票股价是不低于10块而且在11年每股税后利润还高于1块一股
你好，请告诉我三元电池在2016A的需求量是多少谢谢，我了解到同年对锂电池的需求量达到20意思。
我想知道新开普15年的增发价格
你好，请告诉我融创中国EPS2013E是多少谢谢，我只知道它EPS2012E已达到1以上
所有在2017年8月出版的书中，哪些是被中信出版社出版的？
你好啊，你说说1月12号省级卫视晚间综艺节目收视率前10中有多少收视率高于0.2%，而且啊在浙江台可以看的呀
股票的涨幅小于20.1%或者溢价率小于0，该怎么投资评级
哪些股最后一笔交易的成交价多于1块五八的啊，那代码是多少
收盘的价格高于10元，并且涨幅超过20%的公司
哪几个设备型号都有2台设备在唐镇运管区？
有没有10年的EPS超过1元或者PE大于20%的股票，有的话，像这样的股票总的有多少支
我想问一下深圳有哪些楼盘在出售平均的价格高于10000元一平并且月环比的一个涨幅大于10％的？
检测氯霉素的样品中，哪几个检测最大值不能超过0.3？
哪些公司的股票2011年的每股收益不足1块而且本益比小于10%
你好，请告诉我预计18年盈利增长率会在10以上的圆通它的市值是多少谢谢。
批文数占比大于3%并且批文数等于1600需进行一致性评价企业数是多少
请问铁龙物流2017股息率高于1，那2017分红比例大概是多少？
股票成交涨跌幅小于2股票有哪些
你好啊我想问问幺幺年的时候啊，每股盈余大于8毛钱的股票一共有几只呢
有哪些证券15年定增，并且目的是配套融资的呀，那些证券代码是什么啊
中国商业出版社在2008年12月出版的书，你能不能帮我查一下它们的正题名
北京市启迪致远婴童用品有限公司在2017年2月4号生产了什么
请问有什么剧的播放数大于3亿的而且啊不是只在1个平台上播的？
福州市部分典型降价楼盘售价大于10000或者降价幅度高于10%的，都备注了些什么
请问北京新影联影业在2018年底银幕数量已大于500，那单银幕票房收入会有多少？
你好，请告诉我股票的价格高于10块钱并且总的市值超过100亿的证券谢谢
你能不能告诉我规格型号是JS-100型或者数量超过10的的设备名称啊
一线城市去化时间去年同期超过1年的城市有哪些
你好啊，我想知道出现次数大于8万，频率还高于0.1的都是什么词来着
啊呀，买房贵啊，这个出让金需要多少啊，楼盘情况是成交楼面价格平均1平米低于1300或者建筑面积超过160000万平方米
对于机械行业主要上市公司的估值，股价达到18元以上，我想了解一下各个公司的名称以及代码
想要了解一下2010年每股收益在8.8毛钱以下的公司叫啥名
有哪些城市本周销售面积大于10并且本周销售套数大于1000的？
商品房竣工面积低于10亿平的竣工率和开发投资总额分别是多少
19年1月7日到13日周票房大于1000万而且场均人次大于10的影投公司有几个
我了解到东部地区外出农民工总量省内流动已高于1000万人，方便告诉我跨省流动的人口有多少吗？
英飞凌有几个指标业务收入2018年大于13亿欧元或者2017年大于10亿欧元
诶，你给我算算那个5月27到6月2销售套数达到2000以上的，或者销售面积超过20万平的共有多少个城市啊
出让时间是啥时候啊，噢就是那些建筑面积低于16000万平方米的项目
啊，你刚说的这些城市是我要查的吗，就是11年一期房价超过1200一平而且二期超过1100的那个啊
我了解到在2017A对锂电池的需求量已达到20以上，那对磷酸铁锂和钴酸锂的需求量又会是多少呢？
我想知道啊就是12年5月都有哪些楼盘平均每套面积大于100平的呀，或者成交均价超过10000的呀，在上海哪啊
如何评级2011年每股收益低于1块或者本益比低于10%的股票
2018年9月份出版或者2018年12月份印刷了哪些书
你知道工程投资超过20亿元以上并且输电线路超过1200公里的高压建设项目名称吗
小于600的产能或者关停时间是2017年11月15日的产线有哪些
请问啊有没有什么一线城市日成交超过200还有他的环比也超过20的
我想知道09年1月出版的都是什么书，作者是谁
你好，你知道什么公司2012年的股票每股收益估计高于7毛八的吗
换手股成交额不足9亿的多吗，成交收盘价又达到了多少
光纤陶瓷插针连接器的研发这个项目是13年，我想问是哪个公司承担的
诶，你知道15年为了项目融资而增发的二六三证券的倒挂率是多少来着
我了解到托中股份它的收盘价已高于10，那涨跌幅是多少？
规格型号是JS-100型或者数量超过10的的设备有哪些
2015年12月中国社会科学出版社出版的书有几本
你好，请问一下有哪些省份资产负债率大于10%并且股息率大于1%的？
我了解到青岛海尔通信卖出去的数量已高于1000，想问一下占全部数量的比重有多少
平均市净率低于1或者PS高于0.8左右的股票有哪些
本期河南冶金煤平均每吨是1040元，那么上个星期的价格是多少
你好，请告诉我在上周成交多于1宗同时成交面积达到10万平方米以上的城市谢谢。
国家对盐通高速的投资金额已超过200亿，那它线路长度大概是多少公里？
你帮我查一下那个新开普在15年的时候啊增发价格是多少啊
5月20号到26号的二手房成交超过1000套的，或者成交面积超过10万平的都是哪些城市啊
查询一下共有多少城市本周销量大于1000套并且本周销量大于10万平米并且销量环比大于1的？
2012年每股收益大于1块或者本益比大于10%的股票股价最小达到了多少
你好，请问有哪些机器人厂商在2016销量市占率大于5%并且2016销量大于5000的？
有哪些院线今年1月14号到20号的总票房达9065.87万或者票房占比高于5%的？
我想哪些钢企17年钢材产量大于300万吨，或者17年成本低于100亿的呀
哪些书是文联社在2016年3月份出版的
2010成交面积超过200的城市有吗是哪个呢
有哪些书是2013年8月百花洲文艺出版社出版的，
请问兴森科技这个公司在2016年总收入达到20亿以上，那复合年均增长率是多少呢？
招聘人数比2名多的岗位中，哪些是要求最低为全日制本科以上学历的？
请问月环比的一个涨幅大于1并且5月的那个均价大于3万元/㎡的楼盘有哪些？
哪个项目2002年1月份开工，2008年4月份建成投产的
都有哪些货物数量达到10个以上的并且在福田旅检作业存放点的？
这周成交面积超过5或者在上星期成交面积超11的，符合条件的城市请帮我列举出来，谢谢
你好，我想知道什么书是哈尔滨出版社在13年1月出版的呀
好像之前整存取半年的利率是3.3吧是不是，那从6月8号调整之后，利率是多少了
捐书超过2本的人中，哪位是在12年十月9号捐赠的呢？
你能告诉我哪些书是在2009年1月分出版的吗，还有责任者是谁呀
请问南山它在哪一年的土地的出让面积小于1同时容积率在10以上？
2004年5月上科技出版社出版的书是什么
在2018年6月立项的国家社科基金项目有哪些呢，负责人是谁啊？
哪些城市的二手房成交套数超过了1000或者成交面积大于276135.60平
我想知道就是哪些公司其市值会高于500亿，或者是PB大于2的呀，呃还有那个股本已经超过50亿股的也告诉我一下吧
我想知道15年为了配套融资而增发新股的公司叫啥名啊
哪些电视剧的集数有30集以上的并且在2017年1月25日发证的，还有制作单位都有哪些呢
2013年的光纤陶瓷插针连接器研发项目是哪个公司的
你好，你帮我查一查目前有几个项目其用地就达到1万平米以上的呀
考试科目是高等数学一并且人数大于5的年级专业有哪些？
毕业实习（52）这门课程或者学分大于2分的课程都是怎么备注的
那个12年每股盈余估值超过1的，市盈率也大于10的都是什么股票啊
哪些股在2017年的时候成本费就超过90亿了，那其生产数量是多少呢
想要了解一下北京2012年5月楼盘均价大于21000平的楼盘
想查一下有没有投资200亿以上主要生产LCD驱动芯片的LCD驱动芯片
有哪些城市在上周房子的成交数量超过1000套并且成交量同比增长高于1？
你好啊，17年定增，并且增发目的还是项目融资的都是哪些证券啊，证券代码是啥啊
0601股价多少的股票10A每股收益小于1块且股票收益比率小于20%
有哪几个城市的成交同比数是超过66的
请帮忙查询有哪些航空公司国内客运量占比大于10%并且市值大于100亿元的？
大专以上可报且招聘人数少于3个的岗位有哪些？
你知道11年的每股收益大于5毛或者市盈率大于20%的股票的最低最新价为多少
需要全国统一招生的本科以上学历的岗位中，哪些招2个人？
我想问一下啊就是京沪高铁从16到17年平均每年客运量达到是多少人次啊
你好，你给我讲一下那本16年5月份出版的明史演义的主要内容呗
新疆维吾尔自治区有哪些沙漠面积超过了2万平方公里的
请问啊你啊那个5月27到6月2有几个城市卖出房在2000套以上的呀，或者是卖出面积达到20万平以上的呀
2017年开始建造的宝鸡市眉县首善镇三寨小学综合实验楼总的投资了多少钱
11年H1没有20个月，H2还没有1年，去年同期数咋样
上一年度的同期的成交小于800套的城市有吗有的话是哪个呢
深圳南山什么时候它土地出让面积不超过1并且容积率达到10的？
2018年9月30号开通的或者长度为197公里的的线路的行驶速度是多少？
麻烦请告知在上一周房地产成交量高于1000而且环比小于10的城市谢谢。
商品房去年同期成交超过20万平或者在上周成交超过28万平的城市有哪些
全球物流自动化系统销售收超过20亿美元而且同比增长率大于10%的公司有几个
面积超过5万平方公里的都是什么地方的什么沙漠呀
总共有多少重点城市销售面积环比大于5并且销售面积较周均变化大于50的？
有几个公司的股票2011年每股收益大于1块或者本益比大于10%
请问有没有哪个楼盘平均的价格低于4万一平的，还有就是他的容积率是多少呢
2018年11月行业前5家企业中总产能大于100万吨并且产能占的比例大于10%的企业有哪些？
你们哪些岗需要招硕士及以上的，并且要招3人以上的呀
商标代理违法行为检查在2018年7月份进行，能不能告诉我抽查的任务编号啊
有几部剧超过10集的啊？
请问有哪些项目的批准金额是3万而且研究的时间达到1年以上的，都有哪些单位呀？
所有展览面积小于2万的展会中，哪些是在北京展出？
哪些面积不到5000的保护区是在北京房山的？
你好，帮我查一下2018年7月份抽查的商标代理违法行为的任务编号
场均人次大于10或者平均票价大于30块的环比变化是多少
建筑艺术学院在1401班开设的课程叫啥名来着？
你知道18年股票收益比率估值大于20%或者每股收益大于5角的股票平均市净率吗
一共有多少个公司的评级为强烈推荐，还有市值超过100的？
学历最低需要本科且只招1个人的岗位是哪些？
呃那个浙江台播的有几个能排在1月12号省级卫视晚间综艺节目收视率前10中啊，而且收视率还大于0.2%的呀
诶，有几个亚洲航空公司18年的时候PE会大于10，并且啊PB也会大于1的呀
你好，我想查询一下收市价低于30的股票名字，还有它代码谢谢
你好，你知道2011年每股收益超过1块，本益比也超过10倍的公司共有几家吗
你帮我算一算16年定向增发的传媒公司数量
实达集团在5月31日的收盘价超过了1，那市净率呢？
2017年每股盈余高于5毛的，或者市盈率高于10倍的那些公司它们的股票市净率是多少呀
全球物流自动化系统销售收入大于30亿美元的公司的最大同比增长率为多少
帮我看看2012年每股收益大于1块或者本益比大于10%的股票股价，那个在这些股价中，最低可以低到多少
请问一下18年哪些公司的每股盈余超过1，并且市盈率超过10的呀
一共有多少个城市这周新房的销售面积达到100000平以上，或是销售套数超过1000的呀
在2011年，有没有每股收益大于1块或者本益比大于10%的股票，告诉我他的代码
请问哪些比50贵的书是北大出版社出版的呢？
哪些13级作物1班的课是2名同学要重修的？
你好，可以跟我说一下吉祥杭口的PEG数值吗，我只知道它的收盘价是已达到10以上的
请问一下2018年11月行业前5家企业产能生产线大于10并且在产产能大于100万吨的产能占比平均是多少？
哪些股的总市值在20亿元以上，并且啊周涨跌幅超过1的呀
麻烦问下有哪些公司2011市盈率超过20且平均市净率估值超过2的？
啊，关于这次股票的收盘价啊，大概情况怎么样，有没有股票的市盈率是不足41%的，有的话代码是多少
已经知道本周住房销售同比是小于110的，那么它的本周和上周的成交面积分别为多少
那个上海5月卖出超2万一平的，还有月环比涨幅大于3的共有多少个楼盘啊
我想问问你啊就是证券收市价超过5，增发的价格也高于50的都是什么证券
10年出版的书有什么？
请问一下综艺收视率超1%而且是星期日播的台是什么台？
新盘的成交均价不足2w块一平，该怎么装修，去化情况怎么样了
有几家那个教育行业的公司啊就是17年为了配套融资和那个融资收购其他资产而进行定增的呀
请问圆通这家公司的收市价是多少啊，我看到它所有股票的市值已超过了300亿
我想知道15年VLCC型的船现在有多少艘是船龄与船价的比达到60%的
请问中部地区房地产投资金额已高于3000亿，那同比增长可以达到多少？
诶，你知道那个汇冠17年的增发目的是什么吗
2011年每股收益不足1块或者本益比不足10%的股票评级是什么
那个15年定增的天神娱乐增发目的有几个啊
我了解发现中部地区房地产投资金额达到3000亿以上，那同比增长是多少？
请问哪些招1个人的职位是需要最低本科学历的？
计划资助金额达到5万以上的是哪些企业资助的什么项目
哪些证券的股价超过1块而且预计平均市净率是大于3%，这些证券代码是多少
我上网看到徐州在12年2月份的时候成交量环比已经在10以上了，那3月呢？
你好，请问销售面积同比增长低于10而且销售面积绝对数超过100的主要集中在哪些地区呢？
19年1月14号到20号期间票房有9065.87万元或者票房占比大于5%的院线有哪些？
你好啊我想了解的是11年出版的书的名字
中国文联出版社在2016年3月出版了什么书
商品房上周成交小于17万平的是哪几个城市
所有自助金额为25万的机构中，哪些只有16名社工？
钟表哪些参数检验收费超过400元的呀
有哪些楼盘月的环比涨幅大于1并且5月平均价格大于3万元/㎡的？
请问有哪些项目的实施周期是5年的并且项目经费超过5000万元的
那些发生在2014年或者死亡人数超过1人的事故名称，麻烦你告诉我一下
我想了解一下销售面积同比增长小于10和销售面积绝对数高于100的地区主要都在哪里呢？
当房地产开发投资完成额均值达到多少时它的施工面投资完成额低于1000块或者其他费用小于30000
唐镇运管区中什么设备型号的数量为2台？
你好，你帮我查一下要招的人数超过10，学历还要求得是本科或者是本科以上的是什么岗来着
请问哪个香港市场重点房地产公司的股票现价低于2块四的
上市钢企钢材2017年生产成本大于100亿或者2017年产量超过50万吨的股票有几只
溢价率小于0的股票投资评级是什么或者涨幅不足20%的股票投资评级是什么啊
12年出版的这本往事是谁写的呀
投资组合2012年5月28号收益超过10块或者股份低于100手的市值多少
请问东部地区销售面积同比增长小于10，那么它的销售额同比增长多少呢？
你能帮我查一查有多少家影投公司的周票房是低于3000万的吗？
我想了解13年北大出版社出版了哪些书
13级作物1班中有2人需要重修的是哪门课程？
我想知道这些证券代码，就是呃11年EPS超过1，或者月涨跌幅超过10的
总共有多少家院线2018年底银幕数量大于500并且单银幕票房大于50万元的？
深圳在11年平均每周成交数量不足10，你知道在12年平均下来深圳每周的成交情况吗？
那个龙湖地产市价盈利比率是多少啊，我就只了解到它在11年每股税后的利润是超过1块钱一股的
请问一下你知道招聘人数超过1人并且学历是本科以上的部门有哪些吗？
总共有多少个土地使用权人的缮证日期为2011年11月29日并且使用权面积超过10000的？
哪本书是人民出版社在2016年12月份出版的
在2011年北京人民日报出版社出版的题名有哪些啊？这当中作者有哪些呢？
哪些股的滚动市盈率是低于10的

((Apr)不等于3)时间是多少
一线城市中北京12年6月它的可售环比已经超过1了，那可售数量是多少呢？
红旗出版社在2015年11月份出版了什么书
查询到云南城投的PE12E是大于了1，那你知道它PE13E是多少吗？
诶我想问问啊就是19年第四个礼拜可以在多个平台上观看的，并且点击量也超5亿的剧共有几部啊
那个，在2012年满足每股收益大于1块或者本益比大于10%的股票中，股价最低的是多少
累计票房超过1亿的电影口碑指数是多少，上映天数多少天
我想知道三大航的总市场份额超过0.7的机场有多少？
哪些高速在16年的股息率高于4%或者分红比大于40%
你好，请告诉我新湖中宝这只股票在2012年的市盈率数值谢谢，我只查到2010年的市盈率，是已超过10
什么课是15级金融与证券专业的学生上的呀？
请问哪些招1个人的岗位是需要最低本科学历的？
请问财政经费超过5千万的项目有哪些？
请问大专学历以上就符合的岗位中，哪些只招1人？
有哪些机器人厂商在2016年销量占比超过5%而且2016年销量超过5000的？
你知道交运行业有哪些证券在这周的指数达到1000以上，而且涨跌幅也高于1的吗？
能给我列一下都有哪几个城市其同比增长在100以上，或者是环比增长超过了1的
你跟我说说关注度低于7万的影片主演都有谁，都是什么电影
请告诉我房地产开发投资在5.12达到1000以上的时候，6月12号是多少？
你知道什么公司打算资助项目超过5万的吗，还有这些分别是哪些项目你知道吗
你帮我查一下那些关注度大于7万都是什么影片，都是什么人演的呀
你知道公司参股高速公路持股比例大于20%或者2018H1投资收益大于1300万的路产名称吗
可以帮我查一下上海的楼盘情况吗，想了解12年5月容积率大于1，平均售价还高于2万每平的是哪些楼盘
2017年股价收益比率大于3倍，资产净收益率大于10%以及平均市净率大于1倍的股票股息率为多少
我想了解一下15年进行定增的天神娱乐证券它增发是有几个目的的呀
有哪些公司的股票2016A每股收益小于4块钱呢
请问网络综艺播放量里终级高手排在第5名，我想知道它播放量达到多少了？
你好，请问当股票倒挂率多少时它的最新的收盘价大于5块或者增发的价格大于50块
有什么航空的公司国内客运量占比大于10%，还有市值大于100亿元的？
请问2012年房地产中有哪些指标绝对量大于100并且同比增长还低于10%的？
在上星期的A股房地产股有没有哪个股票的价格是高于5块8的呢
哪些影投公司18年票房高于10亿，或者影院数超过100的呀
预计2018年每股收益大于0.5元或者本益比超过20%的股票平均市净率是多少
学历要求为本科及以上就符合的所有岗位中，哪些只招5人？
什么书是中信出版社在13年出版的？
请问一下有哪些年级专业的考试科目是高等数学一并且人数大于5的？
哪些股票11年EPS大于5毛，它的代码呢
我国特高压建设输电线路大于1200公里而且工程投资大于20亿的有哪些项目
你知道在北大那儿有多少个项目拨款是超过5万的呢
那个不是一线城市11年的周均成交就已经达到10000以上了吗，那上周成交量多少啊，与11年均值相比，比重多少啊
请问有哪些城市前一周成交超过1000并且环比也大于10的？
你好，请问本周的票房达到2856.8万的横店院线，观影达到多少人次啊
请问哪个股票代码的动态市盈率超过30倍，并且前12个月每股盈余超过5毛钱
我查询到预计12年每股盈余高于1元的招商地产,你知道它13年每股盈余又预计会是多少吗？
请问蓝色光标的18年预估每股收益不足1，那2019年的预估每股收益你知道是多少吗？
你知道生产日期或批号为43191或者抽查合格的产品名称吗
请问国内钢企有哪些证券净资产收益率是超过10并且季度每股收益也大于1？
11年11月出版的有哪些书啊，分别是谁编著的呀
方便告诉我在GV影城投资公司这周的票房达到2000万以上时，它观影人次达到了多少？
你好啊，你帮我看一下啊倒挂率超过0.3的是什么证券啊
旅客吞吐量大于9000万或者飞机起降大于30万架次的机场有几个
请问有哪些城市2010成交面积大于10并且2011年成交面积大于100的？
这次世界排名中排在前10的学校中有几所是美国的
哪些岗位的要求是学历为本科及以上且招5人？
股价低于5角或者市值不足100亿的股票属于哪些公司
你知道目前有多少是在15年进行定向增发，倒挂率还大于0.6的吗
你帮我算算收盘价格超过5元的万科它的总市值是多少来着？
已知环比数不足15，那么近两周的一个成交面积情况怎么样呢
已知书的国际标准书号为9787111601722，或9787111601548，它的内容能不能简单和我说一说
我就想知道上一周商品房成交不超过17万平的是什么城市，其他的不用
商品房竣工不超过10亿平的竣工率怎么样啊，还有这些商品房投资了多少啊
楼盘均价大于21000平的楼盘是哪个
哪些公司的2016A每股收益大于5角或者2016A市盈率低于50%
2011年，有没有每股收益不足1块而且本益比小于10%的股票，属于哪家公司
请问一下哪个公司的股票价格在9块9以下的
哪几家公司在最新的净资产中每股不足7块的
请问国家对盐通高速的投资金额是多于200亿的，你知道它的线路长度是多少吗？
对于房地产开发投资这一款，5.12的时候已高于1000，那到下个月的12号大概会有多少？
16年那个凯撒文化公司有几个增发新股的目的啊
我发现沙钢企业净资产收益率是超过10的，那你知道它季度每股收益是多少吗？
一共有多少家公司是在15年定增，且增发价高于10元的呀
你好啊，12月29号那个有哪些晚间综艺收视率超过5%，市场份额也大于4%的呀
我想问那个超过10元每股的那些公司市值多少，还有那个阳光的市值又是多少来着
你知道有哪些电影院这周票房超过100万并且观影达到1万人次的？
我查到融创中国EPS2012E已高于1，你知道它PES2013E是多少吗？
请问帮我查查哪些地产公司销售面积大于100或者销售面积同比大于10或者销售单价大于10000的？
在18年底通车的，线路长度大于191.6公里的沿线的地区是啥
在房地产开发施工面投资完成额低于1000块或者其他费用小于30000的情况下，房地产开发投资完成额平均可达到多少
哪个地区的销售面积同比增长小于10并且销售面积绝对数大于100的？
你知道有哪些书是在中信出版社18年出版的吗？
有几部剧的播放量破5千万了？
你知道有哪些企业的违法车辆数超过1辆并且违法情况为未处理的吗？
那个17年1月1号出版的，定价还低于20的一共有几本书啊
保利地产公司股11年每股盈余超过1元，那它12年的每股盈余又会是多少呀
最新股价的最小值为多少时刚好可以满足股票2011年每股收益大于5角或者本益比大于20%
有没有二手房成交了有1000套以上的或者成交超过276135.60平的城市啊，有的话，都是啥城市啊
帮我查查职位数大于2并且学历学位是硕士研究生以上学历与学位的岗位部门有哪些？
你好啊，今年第1周播放量达4000万以上，还在腾讯上播的一共有多少部网综啊
哪些股的成交额小于9亿，顺便把对应的收盘价说一下
请问有哪些城市土地成交建筑面积超过100万平米并且成交累计同比达到10%以上？
所有学历最低需要本科的职位中，哪些只招1个人？
请问2012年1月出版的书中哪些是由电子工业出版社出版的？
诶，跟我说说现在都有哪些公司的股票总的市值超过200亿而且市净率还大于2的呀
2015年1月份由北京时代华文书局出版的书叫什么
11年一期房价超过1200一平并且二期超过1100块的城市有哪些
股票周涨跌幅低于15%的公司是哪些，所对应的代码又是多少
股价大于18元的股票和公司代码有哪些
所有需要最低学历为本科的专业岗位中，哪些是只招1个人？
储存量超过50万吨或者面积大于1平方公里的矿区有什么矿
股票价值是1369.38亿，或者周涨跌幅不超过3%的公司有哪些？
诶，我问问啊就是哪几家公司的股价高于10块，或者其市值低于100亿的
想咨询一下福州市在2010年成交住宅土地宗数已多于10宗，可以跟我说一下成交的住宅建筑面积大概有多少吗？
招商地产预计12年的EPS超过1,那13年的EPS估值呢？
济青高速投资了308亿，我想知道什么时候可以通车啊
所有招5人的岗位中，哪些是需要最低学历为本科的？
你帮我查一下属于东城区或者医院代码为1110008的医院名称有多少个
请问哪个公司2018Q1大于10，还有他的2018Q2是多少呢
那个苏州平江区的橘郡不是在4月的时候开盘了近380套吗，那现在呢，现在卖出去几套了呀
人民出版社在2016年12月份出版了什么书
麻烦问一下2019年第7周有哪些剧在多个平台上播的同时播放数量还超3亿的
你知道什么公司会在16年定向增发新股，而且目的是配套融资的吗
你知道2018年11月行业前5家企业产能生产线大于10并且在产产能大于100万吨的产能占比平均是多少吗？
总共有多少三线城市2011同期大于100并且2012至今大于10的？
哪几个项目总共投入的资金高于100万元，并且是在河北这个地方
在每星期只工作8小时的单位中，哪些招10个人？
可以帮我查询一下那些在4以上的国内钢企ROE吗，还有代码
2016A每股收益低于4块的公司有吗，哪几家啊
哪些城市的成交面积本周超过了15万平或者上周超过了14万平
我想问问东部地区销售面积同比增长低于10，那它的销售额同比增长是多少？是涨还是跌的?
上周上海成交量是2770套，我想查一下在2011年它的周均成交量是多少
我想问问啊那个东港线啊，就是那个运货路长超15千米的东港线啊，它起点和终点是哪你知道吗
我知道还问你吗，我就想知道一下本周和上周的一个成交面积情况有那么难吗，都说了同比低于110
你好，就是那个最新市值啊有没有超过100亿的证券的啊，或者是股价在10元以上的也行
请问近三年教育行业最新收盘价大于5块同时倒挂率还高于50%的证券都有哪些？
麻烦请告知中南建设地产公司2012年每股收益是多少谢谢，我只知道它2011年的每股收益是不超过1的。
韵达的业务量有54.27亿件，那么快递业务营收可达到多少
你好我想查一下对外经济贸易大学出版社出版的岳洪锦主编的出版日期是2014年8月的实用警务英语在哪家图书馆可以找到
2011年最新股价多少啊，已知改股票的每股收益超过5毛以及股票收益比率大于20%
帮我查查有多少个平台是在沈阳2005年批建的？
哪些城市在上周的销售面积中是超过了28万平的啊或者去年同期成交超过20万平的
我知道一下集数达到30集以上的，还有在2017年1月25日发证的电视剧有哪些啊，还有制作单位都有哪些呀
上海上个星期成交了2770套房子，你知道2011年平均每周成交多少套吗
2012年6月19日上周住宅用地成交面积大于40万平而且楼面价大于400块一平的城市是哪个
2006年12月20号生产的享御是什么型号的
你知道一共有多少个项目建设用地面积超过1万平米的吗
有多少个医院属于东城区或者医院代码为1110008的
成交楼面价格平均1平米低于1300或者建筑面积超过160000万平方米的楼盘需要多少出让金啊
福州哪几年成交住宅土地宗数超过10面积超过100万平
请问中部有哪些城市上周成交量超过100套并且同比增长达到10以上的？
换手股的收盘价大概情况怎么样，主要是周换手率低于21%的那部分，分别是哪些股啊
我的妈呀，请帮我查询一下有哪些城市，我这边已经知道这周成交面积高于5和上周的成交面积高于11以上的
哪个公司的周涨跌幅低于15%，股票代码是多少
想要了解香港市场重点房地产公司有哪个的股票现价是小于2块四的吗
有哪些矿床的品味是达到35%的
你好，就是那些旅客吞吐量大于9000万或者飞机起降大于30万架次的机场有多少啊
有哪些实验室要买6千只以上的小白鼠
有几个股12年的EPS大于1，PE也大于10的呀
想要了解一下12年6月涨幅大于10而且超过4块四每股的是什么地产公司
哪个城市一个月的成交量超1000同比增长超100
诶，你知道就是销售单价低于1万一平的都是什么地产公司啊，那销售单价同比又是多少来着
涨幅前5位中市净率低于11的股多么，能不能一一说一下
我想知道新疆维吾尔有哪些超过2万平方公里的沙漠呀
哪些证券在15年增发的价格少于30的呀
有几个国家的平均票价在10美元以上，或者是票房超10093百万美元呀
请帮我查询一下平均每天的成交量可以超过280的城市
想问问有没有哪个证券最新的市值显示在100亿以上而且它的股价还超过10块一股，可以告诉我证券的代码吗
规划建筑面积大于160000万平方米或者成交楼面均价1平米小于1300的土地出让金啊是多少
10年的每股收益大于1元或者本益比大于20%的股票有几只
你好，那个新疆维吾尔有哪些沙漠面积是达到2万平方公里以上的呀
香港投资有限公司最新股价超过了1元，并且在本周涨幅排在前10，那你知道是涨了多少了吗？
你好，那个举办项目少于20个，而且项目土地超过20552亩的推介会的地方一般有几个啊
你知道今年第四周有多少部国产动漫的播放量在3千万以上的吗
哪些股的PB大于2，或者是RNAV大于10的
你知道北京金泉港国际影城在第7周平均每场多少人次吗，我只知道它观影已超过1万人次了
哪些电影院2019年1月14到1月20期间单日单厅票房高于1000块钱或者单日单厅场次大于6场的
麻烦咨询一下18冬春航班数量大于10000并且航班占比大于10的净利润最小是多少？
